** ComfyUI startup time: 2024-03-20 21:13:12.363421
[2024-03-20 21:13] ** Platform: Linux
[2024-03-20 21:13] ** Python version: 3.11.8 | packaged by conda-forge | (main, Feb 16 2024, 20:53:32) [GCC 12.3.0]
[2024-03-20 21:13] ** Python executable: /home/toxic/micromamba/envs/cu121/bin/python
[2024-03-20 21:13] ** Log path: /mnt/d/sd/ComfyUI/comfyui.log
[2024-03-20 21:13] 
Prestartup times for custom nodes:
[2024-03-20 21:13]    0.0 seconds: /mnt/d/sd/ComfyUI/custom_nodes/rgthree-comfy
[2024-03-20 21:13]    0.1 seconds: /mnt/d/sd/ComfyUI/custom_nodes/ComfyUI-Manager
[2024-03-20 21:13] 
Total VRAM 24576 MB, total RAM 98576 MB
[2024-03-20 21:13] xformers version: 0.0.26.dev768
[2024-03-20 21:13] Set vram state to: HIGH_VRAM
[2024-03-20 21:13] Device: cuda:0 NVIDIA GeForce RTX 3090 : cudaMallocAsync
[2024-03-20 21:13] VAE dtype: torch.bfloat16
[2024-03-20 21:13] Using pytorch cross attention
[2024-03-20 21:13] Note: NumExpr detected 20 cores but "NUMEXPR_MAX_THREADS" not set, so enforcing safe limit of 8.
[2024-03-20 21:13] NumExpr defaulting to 8 threads.
[2024-03-20 21:13] Adding /mnt/d/sd/ComfyUI/custom_nodes to sys.path
[2024-03-20 21:13] [36mEfficiency Nodes:[0m Attempting to add Control Net options to the 'HiRes-Fix Script' Node (comfyui_controlnet_aux add-on)...[92mSuccess![0m
[2024-03-20 21:13] Loaded efficiency nodes from /mnt/d/sd/ComfyUI/custom_nodes/efficiency-nodes-comfyui
[2024-03-20 21:13] Loaded ControlNetPreprocessors nodes from /mnt/d/sd/ComfyUI/custom_nodes/comfyui_controlnet_aux
[2024-03-20 21:13] [Errno 2] No such file or directory: '/mnt/d/sd/ComfyUI/custom_nodes/ComfyUI-Advanced-ControlNet/control/control.py/__init__.py'
[2024-03-20 21:13] Could not find AnimateDiff nodes
[2024-03-20 21:13] Loaded IPAdapter nodes from /mnt/d/sd/ComfyUI/custom_nodes/ComfyUI_IPAdapter_plus
[2024-03-20 21:13] Loaded VideoHelperSuite from /mnt/d/sd/ComfyUI/custom_nodes/ComfyUI-VideoHelperSuite
[2024-03-20 21:13] PyTorch version 2.2.1+cu121 available.
[2024-03-20 21:13] TensorFlow version 2.15.1 available.
[2024-03-20 21:13] JAX version 0.4.25 available.
[2024-03-20 21:13] ### Loading: ComfyUI-Impact-Pack (V4.83.4)
[2024-03-20 21:13] ### Loading: ComfyUI-Impact-Pack (Subpack: V0.4)
[2024-03-20 21:13] [Impact Pack] Wildcards loading done.
[2024-03-20 21:13] ### Loading: ComfyUI-Inspire-Pack (V0.67.1)
[2024-03-20 21:13] Package diffusers is already installed.
[2024-03-20 21:13] /mnt/d/sd/ComfyUI/custom_nodes/ComfyUI-Llama/AutoUpdate.json
[2024-03-20 21:13] ### Loading: ComfyUI-Manager (V2.10.1)
[2024-03-20 21:13] ### ComfyUI Revision: 2291 [c5565b14] | Released on '2024-03-15'
[2024-03-20 21:13] [ComfyUI-Manager] default cache updated: https://raw.githubusercontent.com/ltdrdata/ComfyUI-Manager/main/alter-list.json
[2024-03-20 21:13] [ComfyUI-Manager] default cache updated: https://raw.githubusercontent.com/ltdrdata/ComfyUI-Manager/main/model-list.json
[2024-03-20 21:13] [ComfyUI-Manager] default cache updated: https://raw.githubusercontent.com/ltdrdata/ComfyUI-Manager/main/extension-node-map.json
[2024-03-20 21:13] [ComfyUI-Manager] default cache updated: https://raw.githubusercontent.com/ltdrdata/ComfyUI-Manager/main/custom-node-list.json
[2024-03-20 21:13] --------------
[2024-03-20 21:13] [91m ### Mixlab Nodes: [93mLoaded
[2024-03-20 21:13] LaMaInpainting.available True
[2024-03-20 21:13] ClipInterrogator.available True
[2024-03-20 21:13] PromptGenerate.available True
[2024-03-20 21:13] ChinesePrompt.available True
[2024-03-20 21:13] RembgNode_.available True
[2024-03-20 21:13] [93m -------------- [0m
[2024-03-20 21:13] Use STYLE:weight_interpretation:normalization at the start of a prompt to use advanced encodings
[2024-03-20 21:13] Weight interpretations available: comfy,A1111,compel,comfy++,down_weight,perp
[2024-03-20 21:13] Normalization types available: none,mean,length,length+mean
[2024-03-20 21:13] [0m[1;34m[SD Prompt Reader] [36mNode version: 1.3.1[0m
[2024-03-20 21:13] [0m[1;34m[SD Prompt Reader] [36mCore version: 1.3.4.post1[0m
[2024-03-20 21:13] Failed to auto update `Quality of Life Suit` 
[2024-03-20 21:13] [33mQualityOfLifeSuit_Omar92_DIR:[0m /mnt/d/sd/ComfyUI/custom_nodes/ComfyUI-QualityOfLifeSuit_Omar92
[2024-03-20 21:13] Total VRAM 24576 MB, total RAM 98576 MB
[2024-03-20 21:13] xformers version: 0.0.26.dev768
[2024-03-20 21:13] Set vram state to: HIGH_VRAM
[2024-03-20 21:13] Device: cuda:0 NVIDIA GeForce RTX 3090 : cudaMallocAsync
[2024-03-20 21:13] VAE dtype: torch.bfloat16
[2024-03-20 21:13] [0;33m[ReActor][0m - [38;5;173mSTATUS[0m - [0;32mRunning v0.4.1-b8 in ComfyUI[0m
[2024-03-20 21:13] Torch version: 2.2.1+cu121
[2024-03-20 21:13] Traceback (most recent call last):
  File "/mnt/d/sd/ComfyUI/nodes.py", line 1897, in load_custom_node
    module_spec.loader.exec_module(module)
  File "<frozen importlib._bootstrap_external>", line 936, in exec_module
  File "<frozen importlib._bootstrap_external>", line 1073, in get_code
  File "<frozen importlib._bootstrap_external>", line 1130, in get_data
FileNotFoundError: [Errno 2] No such file or directory: '/mnt/d/sd/ComfyUI/custom_nodes/ComfyUI-ResAdapter/__init__.py'

[2024-03-20 21:13] Cannot import /mnt/d/sd/ComfyUI/custom_nodes/ComfyUI-ResAdapter module for custom nodes: [Errno 2] No such file or directory: '/mnt/d/sd/ComfyUI/custom_nodes/ComfyUI-ResAdapter/__init__.py'
[2024-03-20 21:13] ### Loading: Save as Webp
[2024-03-20 21:13] Copying JS files for Workflow loading
[2024-03-20 21:13] (pysssss:WD14Tagger) [DEBUG] Available ORT providers: TensorrtExecutionProvider, CUDAExecutionProvider, CPUExecutionProvider
[2024-03-20 21:13] (pysssss:WD14Tagger) [DEBUG] Using ORT providers: CUDAExecutionProvider, CPUExecutionProvider
[2024-03-20 21:13] ### Loading: Workspace Manager (V1.0.0)
[2024-03-20 21:13] SupervisionWarnings: BoxAnnotator is deprecated: `BoxAnnotator` is deprecated and will be removed in `supervision-0.22.0`. Use `BoundingBoxAnnotator` and `LabelAnnotator` instead
[2024-03-20 21:13] [34m3D OpenPose Editor: [92mLoaded[0m
[2024-03-20 21:13] ------------------------------------------
[2024-03-20 21:13] [34mComfyroll Studio v1.76 : [92m 175 Nodes Loaded[0m
[2024-03-20 21:13] ------------------------------------------
[2024-03-20 21:13] ** For changes, please see patch notes at https://github.com/Suzie1/ComfyUI_Comfyroll_CustomNodes/blob/main/Patch_Notes.md
[2024-03-20 21:13] ** For help, please see the wiki at https://github.com/Suzie1/ComfyUI_Comfyroll_CustomNodes/wiki
[2024-03-20 21:13] ------------------------------------------
[2024-03-20 21:13] [1;35m### [START] ComfyUI AlekPet Nodes ###[0m
[2024-03-20 21:13] [92mNode -> ArgosTranslateNode [Loading][0m
[2024-03-20 21:13] [92mNode -> DeepTranslatorNode [Loading][0m
[2024-03-20 21:13] [92mNode -> ExtrasNode [Loading][0m
[2024-03-20 21:13] [92mNode -> GoogleTranslateNode [Loading][0m
[2024-03-20 21:13] [92mNode -> PainterNode [Loading][0m
[2024-03-20 21:13] [92mNode -> PoseNode [Loading][0m
[2024-03-20 21:13] [92mNode -> TranslateNode [Loading][0m
[2024-03-20 21:13] [1;35m### [END] ComfyUI AlekPet Nodes ###[0m
[2024-03-20 21:13] [34mDavemane42 Custom Nodes: [92mLoaded[0m
[2024-03-20 21:13] [34mFizzleDorf Custom Nodes: [92mLoaded[0m
[2024-03-20 21:13] --------------
[2024-03-20 21:13] *ComfyUI_Jags_VectorMagic- nodes_loaded*
[2024-03-20 21:13] --------------
[2024-03-20 21:14] [92m[tinyterraNodes] [32mLoaded[0m
[2024-03-20 21:14] All packages from requirements.txt are installed and up to date.
[2024-03-20 21:14] llama-cpp installed
[2024-03-20 21:14] All packages from requirements.txt are installed and up to date.
[2024-03-20 21:14] AutoGPTQ installed
[2024-03-20 21:14] [36;20m[comfy_mtb] | INFO -> loaded [96m62[0m nodes successfuly[0m
[2024-03-20 21:14] [36;20m[comfy_mtb] | INFO -> Some nodes (5) could not be loaded. This can be ignored, but go to http://127.0.0.1:8188/mtb if you want more information.[0m
[2024-03-20 21:14] FaceDetailer: Model directory already exists
[2024-03-20 21:14] FaceDetailer: Model already exists
[2024-03-20 21:14] Total VRAM 24576 MB, total RAM 98576 MB
[2024-03-20 21:14] xformers version: 0.0.26.dev768
[2024-03-20 21:14] Set vram state to: HIGH_VRAM
[2024-03-20 21:14] Device: cuda:0 NVIDIA GeForce RTX 3090 : cudaMallocAsync
[2024-03-20 21:14] VAE dtype: torch.bfloat16
[2024-03-20 21:14] /mnt/d/sd/ComfyUI/custom_nodes/failfast-comfyui-extensions/extensions
[2024-03-20 21:14] /mnt/d/sd/ComfyUI/web/extensions/failfast-comfyui-extensions
[2024-03-20 21:14] Patching UNetModel.forward
[2024-03-20 21:14] UNetModel.forward has been successfully patched.
[2024-03-20 21:14] /mnt/d/sd/ComfyUI/custom_nodes/NodeGPT/AutoUpdate.json
[2024-03-20 21:14] [1;32m[Power Noise Suite]: ðŸ¦šðŸ¦šðŸ¦š [93m[3mMooOoo!!![0m ðŸ¦šðŸ¦šðŸ¦š
[2024-03-20 21:14] [1;32m[Power Noise Suite]:[0m Tamed [93m11[0m wild nodes.
[2024-03-20 21:14] 
[2024-03-20 21:14] [92m[rgthree] Loaded 34 fantastic nodes.[0m
[2024-03-20 21:14] [92m[rgthree] Will use rgthree's optimized recursive execution.[0m
[2024-03-20 21:14] 
[2024-03-20 21:14] [SD-Model-Manager] Initializing...
[2024-03-20 21:14] Database is at /mnt/d/sd/ComfyUI/custom_nodes/sd-model-manager/model_database.db.
[2024-03-20 21:14] [SD-Model-Manager] Initialized via ComfyUI server.
[2024-03-20 21:14] [34mWAS Node Suite: [0mBlenderNeko's Advanced CLIP Text Encode found, attempting to enable `CLIPTextEncode` support.[0m
[2024-03-20 21:14] [34mWAS Node Suite: [0m`CLIPTextEncode (BlenderNeko Advanced + NSP)` node enabled under `WAS Suite/Conditioning` menu.[0m
[2024-03-20 21:14] [34mWAS Node Suite: [0mOpenCV Python FFMPEG support is enabled[0m
[2024-03-20 21:14] [34mWAS Node Suite [93mWarning: [0m`ffmpeg_bin_path` is not set in `/mnt/d/sd/ComfyUI/custom_nodes/was-node-suite-comfyui/was_suite_config.json` config file. Will attempt to use system ffmpeg binaries if available.[0m
[2024-03-20 21:14] [34mWAS Node Suite: [0mFinished.[0m [32mLoaded[0m [0m201[0m [32mnodes successfully.[0m
[2024-03-20 21:14] 
	[3m[93m"Art is the lie that enables us to realize the truth."[0m[3m - Pablo Picasso[0m
[2024-03-20 21:14] 
[2024-03-20 21:14] [31m[94m[WAS Extras][0m Loading extra custom nodes...
[2024-03-20 21:14] Found `[1mComfyUI_ADV_CLIP_emb[0m`. Using [93mBLK Advanced CLIPTextEncode[0m for Conditioning Sequencing
[2024-03-20 21:14] [31m[94m[WAS Extras][0m  Import times for extras:
[2024-03-20 21:14]    0.0 seconds: /mnt/d/sd/ComfyUI/custom_nodes/WAS_Extras/ConditioningBlend.py
[2024-03-20 21:14]    0.0 seconds: /mnt/d/sd/ComfyUI/custom_nodes/WAS_Extras/DebugThis.py
[2024-03-20 21:14]    0.0 seconds: /mnt/d/sd/ComfyUI/custom_nodes/WAS_Extras/VAEEncodeForInpaint.py
[2024-03-20 21:14]    0.0 seconds: /mnt/d/sd/ComfyUI/custom_nodes/WAS_Extras/VividSharpen.py
[2024-03-20 21:14]    0.0 seconds: /mnt/d/sd/ComfyUI/custom_nodes/WAS_Extras/ksampler_sequence.py
[2024-03-20 21:14]    0.0 seconds: /mnt/d/sd/ComfyUI/custom_nodes/WAS_Extras/BLVaeEncode.py
[2024-03-20 21:14] [34mYK Node Suite: [92mLoaded[0m
[2024-03-20 21:14] 
Import times for custom nodes:
[2024-03-20 21:14]    0.0 seconds (IMPORT FAILED): /mnt/d/sd/ComfyUI/custom_nodes/ComfyUI-ResAdapter
[2024-03-20 21:14]    0.0 seconds: /mnt/d/sd/ComfyUI/custom_nodes/ComfyUI-Image-Selector
[2024-03-20 21:14]    0.0 seconds: /mnt/d/sd/ComfyUI/custom_nodes/ComfyUI-Model-Manager
[2024-03-20 21:14]    0.0 seconds: /mnt/d/sd/ComfyUI/custom_nodes/efficiency-nodes-comfyui
[2024-03-20 21:14]    0.0 seconds: /mnt/d/sd/ComfyUI/custom_nodes/comfyui-auto-nodes-layout
[2024-03-20 21:14]    0.0 seconds: /mnt/d/sd/ComfyUI/custom_nodes/ComfyUI-mape-Helpers
[2024-03-20 21:14]    0.0 seconds: /mnt/d/sd/ComfyUI/custom_nodes/ComfyUI-VideoHelperSuite
[2024-03-20 21:14]    0.0 seconds: /mnt/d/sd/ComfyUI/custom_nodes/ComfyUI-DARE-LoRA-Merge
[2024-03-20 21:14]    0.0 seconds: /mnt/d/sd/ComfyUI/custom_nodes/ComfyUI-AutomaticCFG
[2024-03-20 21:14]    0.0 seconds: /mnt/d/sd/ComfyUI/custom_nodes/srl-nodes
[2024-03-20 21:14]    0.0 seconds: /mnt/d/sd/ComfyUI/custom_nodes/ComfyUI-sampler-lcm-alternative
[2024-03-20 21:14]    0.0 seconds: /mnt/d/sd/ComfyUI/custom_nodes/ComfyUI_ADV_CLIP_emb
[2024-03-20 21:14]    0.0 seconds: /mnt/d/sd/ComfyUI/custom_nodes/ComfyUI-deepcache
[2024-03-20 21:14]    0.0 seconds: /mnt/d/sd/ComfyUI/custom_nodes/style_aligned_comfy
[2024-03-20 21:14]    0.0 seconds: /mnt/d/sd/ComfyUI/custom_nodes/ComfyUI-PickScore-Nodes
[2024-03-20 21:14]    0.0 seconds: /mnt/d/sd/ComfyUI/custom_nodes/ComfyUI_IPAdapter_plus
[2024-03-20 21:14]    0.0 seconds: /mnt/d/sd/ComfyUI/custom_nodes/ComfyUI-Hangover-Moondream
[2024-03-20 21:14]    0.0 seconds: /mnt/d/sd/ComfyUI/custom_nodes/ComfyUI-post-processing-nodes
[2024-03-20 21:14]    0.0 seconds: /mnt/d/sd/ComfyUI/custom_nodes/ComfyUI-Embedding_Picker
[2024-03-20 21:14]    0.0 seconds: /mnt/d/sd/ComfyUI/custom_nodes/cd-tuner_negpip-ComfyUI
[2024-03-20 21:14]    0.0 seconds: /mnt/d/sd/ComfyUI/custom_nodes/ComfyUI_3dPoseEditor
[2024-03-20 21:14]    0.0 seconds: /mnt/d/sd/ComfyUI/custom_nodes/ComfyUI-RAVE
[2024-03-20 21:14]    0.0 seconds: /mnt/d/sd/ComfyUI/custom_nodes/comfyui_controlnet_aux
[2024-03-20 21:14]    0.0 seconds: /mnt/d/sd/ComfyUI/custom_nodes/ComfyUI-FBCNN
[2024-03-20 21:14]    0.0 seconds: /mnt/d/sd/ComfyUI/custom_nodes/cg-image-picker
[2024-03-20 21:14]    0.0 seconds: /mnt/d/sd/ComfyUI/custom_nodes/comfyui-previewlatent
[2024-03-20 21:14]    0.0 seconds: /mnt/d/sd/ComfyUI/custom_nodes/comfyui-tooling-nodes
[2024-03-20 21:14]    0.0 seconds: /mnt/d/sd/ComfyUI/custom_nodes/comfyui-fitsize
[2024-03-20 21:14]    0.0 seconds: /mnt/d/sd/ComfyUI/custom_nodes/ComfyUI-TeaNodes
[2024-03-20 21:14]    0.0 seconds: /mnt/d/sd/ComfyUI/custom_nodes/masquerade-nodes-comfyui
[2024-03-20 21:14]    0.0 seconds: /mnt/d/sd/ComfyUI/custom_nodes/SD-Latent-Upscaler
[2024-03-20 21:14]    0.0 seconds: /mnt/d/sd/ComfyUI/custom_nodes/ComfyUI_ResolutionSelector
[2024-03-20 21:14]    0.0 seconds: /mnt/d/sd/ComfyUI/custom_nodes/ComfyUI_PerpWeight
[2024-03-20 21:14]    0.0 seconds: /mnt/d/sd/ComfyUI/custom_nodes/ControlNet-LLLite-ComfyUI
[2024-03-20 21:14]    0.0 seconds: /mnt/d/sd/ComfyUI/custom_nodes/SD-Latent-Interposer
[2024-03-20 21:14]    0.0 seconds: /mnt/d/sd/ComfyUI/custom_nodes/FreeU_Advanced
[2024-03-20 21:14]    0.0 seconds: /mnt/d/sd/ComfyUI/custom_nodes/ComfyUI-WD14-Tagger
[2024-03-20 21:14]    0.0 seconds: /mnt/d/sd/ComfyUI/custom_nodes/comfyui-ultralytics-yolo
[2024-03-20 21:14]    0.0 seconds: /mnt/d/sd/ComfyUI/custom_nodes/ComfyUI-Saveaswebp
[2024-03-20 21:14]    0.0 seconds: /mnt/d/sd/ComfyUI/custom_nodes/ComfyUI-paint-by-example
[2024-03-20 21:14]    0.0 seconds: /mnt/d/sd/ComfyUI/custom_nodes/wlsh_nodes
[2024-03-20 21:14]    0.0 seconds: /mnt/d/sd/ComfyUI/custom_nodes/comfyui_easy_padding
[2024-03-20 21:14]    0.0 seconds: /mnt/d/sd/ComfyUI/custom_nodes/ComfyUi_NNLatentUpscale
[2024-03-20 21:14]    0.0 seconds: /mnt/d/sd/ComfyUI/custom_nodes/Comfyui_joytag
[2024-03-20 21:14]    0.0 seconds: /mnt/d/sd/ComfyUI/custom_nodes/ComfyUI_TiledKSampler
[2024-03-20 21:14]    0.0 seconds: /mnt/d/sd/ComfyUI/custom_nodes/sdxl_prompt_styler
[2024-03-20 21:14]    0.0 seconds: /mnt/d/sd/ComfyUI/custom_nodes/lora-info
[2024-03-20 21:14]    0.0 seconds: /mnt/d/sd/ComfyUI/custom_nodes/ComfyUI_Cutoff
[2024-03-20 21:14]    0.0 seconds: /mnt/d/sd/ComfyUI/custom_nodes/ComfyUI_Noise
[2024-03-20 21:14]    0.0 seconds: /mnt/d/sd/ComfyUI/custom_nodes/MergeBlockWeighted_fo_ComfyUI
[2024-03-20 21:14]    0.0 seconds: /mnt/d/sd/ComfyUI/custom_nodes/yk-node-suite-comfyui
[2024-03-20 21:14]    0.0 seconds: /mnt/d/sd/ComfyUI/custom_nodes/DZ-FaceDetailer
[2024-03-20 21:14]    0.0 seconds: /mnt/d/sd/ComfyUI/custom_nodes/mikey_nodes
[2024-03-20 21:14]    0.0 seconds: /mnt/d/sd/ComfyUI/custom_nodes/pfg-ComfyUI
[2024-03-20 21:14]    0.0 seconds: /mnt/d/sd/ComfyUI/custom_nodes/stability-ComfyUI-nodes
[2024-03-20 21:14]    0.0 seconds: /mnt/d/sd/ComfyUI/custom_nodes/ComfyUI-QualityOfLifeSuit_Omar92
[2024-03-20 21:14]    0.0 seconds: /mnt/d/sd/ComfyUI/custom_nodes/ComfyUI-SegMoE
[2024-03-20 21:14]    0.0 seconds: /mnt/d/sd/ComfyUI/custom_nodes/comfyui-inpaint-nodes
[2024-03-20 21:14]    0.0 seconds: /mnt/d/sd/ComfyUI/custom_nodes/ComfyUI_essentials
[2024-03-20 21:14]    0.0 seconds: /mnt/d/sd/ComfyUI/custom_nodes/comfyui-portrait-master
[2024-03-20 21:14]    0.1 seconds: /mnt/d/sd/ComfyUI/custom_nodes/ComfyUI_fabric
[2024-03-20 21:14]    0.1 seconds: /mnt/d/sd/ComfyUI/custom_nodes/ComfyUI_SeeCoder
[2024-03-20 21:14]    0.1 seconds: /mnt/d/sd/ComfyUI/custom_nodes/ComfyUI-Hangover-Nodes
[2024-03-20 21:14]    0.1 seconds: /mnt/d/sd/ComfyUI/custom_nodes/demofusion-comfyui
[2024-03-20 21:14]    0.1 seconds: /mnt/d/sd/ComfyUI/custom_nodes/PowerNoiseSuite
[2024-03-20 21:14]    0.1 seconds: /mnt/d/sd/ComfyUI/custom_nodes/ComfyUI_experiments
[2024-03-20 21:14]    0.1 seconds: /mnt/d/sd/ComfyUI/custom_nodes/ComfyUI-IPAnimate
[2024-03-20 21:14]    0.1 seconds: /mnt/d/sd/ComfyUI/custom_nodes/ComfyUI-Custom-Scripts
[2024-03-20 21:14]    0.1 seconds: /mnt/d/sd/ComfyUI/custom_nodes/ComfyUI-Llama
[2024-03-20 21:14]    0.1 seconds: /mnt/d/sd/ComfyUI/custom_nodes/ComfyUI-Advanced-ControlNet
[2024-03-20 21:14]    0.1 seconds: /mnt/d/sd/ComfyUI/custom_nodes/ComfyUI-LCM
[2024-03-20 21:14]    0.1 seconds: /mnt/d/sd/ComfyUI/custom_nodes/WAS_Extras
[2024-03-20 21:14]    0.1 seconds: /mnt/d/sd/ComfyUI/custom_nodes/sd-dynamic-thresholding
[2024-03-20 21:14]    0.1 seconds: /mnt/d/sd/ComfyUI/custom_nodes/ComfyUI_FizzNodes
[2024-03-20 21:14]    0.1 seconds: /mnt/d/sd/ComfyUI/custom_nodes/ComfyUI-KJNodes
[2024-03-20 21:14]    0.1 seconds: /mnt/d/sd/ComfyUI/custom_nodes/comfy_PoP
[2024-03-20 21:14]    0.1 seconds: /mnt/d/sd/ComfyUI/custom_nodes/ComfyUI_Jags_VectorMagic
[2024-03-20 21:14]    0.1 seconds: /mnt/d/sd/ComfyUI/custom_nodes/ComfyUI-SeqImageLoader
[2024-03-20 21:14]    0.1 seconds: /mnt/d/sd/ComfyUI/custom_nodes/ComfyUI_InstantID
[2024-03-20 21:14]    0.1 seconds: /mnt/d/sd/ComfyUI/custom_nodes/ComfyUI_Dave_CustomNode
[2024-03-20 21:14]    0.1 seconds: /mnt/d/sd/ComfyUI/custom_nodes/images-grid-comfy-plugin
[2024-03-20 21:14]    0.1 seconds: /mnt/d/sd/ComfyUI/custom_nodes/ComfyUI-Inspire-Pack
[2024-03-20 21:14]    0.2 seconds: /mnt/d/sd/ComfyUI/custom_nodes/ComfyUI_UltimateSDUpscale
[2024-03-20 21:14]    0.2 seconds: /mnt/d/sd/ComfyUI/custom_nodes/ComfyUI-DDColor
[2024-03-20 21:14]    0.2 seconds: /mnt/d/sd/ComfyUI/custom_nodes/comfyui-prompt-control
[2024-03-20 21:14]    0.2 seconds: /mnt/d/sd/ComfyUI/custom_nodes/comfyui-workspace-manager
[2024-03-20 21:14]    0.2 seconds: /mnt/d/sd/ComfyUI/custom_nodes/comfyui-prompt-reader-node
[2024-03-20 21:14]    0.2 seconds: /mnt/d/sd/ComfyUI/custom_nodes/comfyui-PromptAttention
[2024-03-20 21:14]    0.3 seconds: /mnt/d/sd/ComfyUI/custom_nodes/ComfyUI-SaveImageWithMetaData
[2024-03-20 21:14]    0.3 seconds: /mnt/d/sd/ComfyUI/custom_nodes/ComfyUI_Comfyroll_CustomNodes
[2024-03-20 21:14]    0.3 seconds: /mnt/d/sd/ComfyUI/custom_nodes/failfast-comfyui-extensions
[2024-03-20 21:14]    0.3 seconds: /mnt/d/sd/ComfyUI/custom_nodes/rgthree-comfy
[2024-03-20 21:14]    0.4 seconds: /mnt/d/sd/ComfyUI/custom_nodes/Derfuu_ComfyUI_ModdedNodes
[2024-03-20 21:14]    0.4 seconds: /mnt/d/sd/ComfyUI/custom_nodes/ComfyUI_tinyterraNodes
[2024-03-20 21:14]    0.4 seconds: /mnt/d/sd/ComfyUI/custom_nodes/ComfyUI-Impact-Pack
[2024-03-20 21:14]    0.4 seconds: /mnt/d/sd/ComfyUI/custom_nodes/ComfyUI-Manager
[2024-03-20 21:14]    0.5 seconds: /mnt/d/sd/ComfyUI/custom_nodes/ComfyUI-Gemini
[2024-03-20 21:14]    0.5 seconds: /mnt/d/sd/ComfyUI/custom_nodes/ComfyUI-ImageReward
[2024-03-20 21:14]    0.6 seconds: /mnt/d/sd/ComfyUI/custom_nodes/comfy_mtb
[2024-03-20 21:14]    0.6 seconds: /mnt/d/sd/ComfyUI/custom_nodes/ComfyUI-Flowty-LDSR
[2024-03-20 21:14]    0.7 seconds: /mnt/d/sd/ComfyUI/custom_nodes/bsz-cui-extras
[2024-03-20 21:14]    1.5 seconds: /mnt/d/sd/ComfyUI/custom_nodes/ComfyUI-Custom-Nodes
[2024-03-20 21:14]    1.7 seconds: /mnt/d/sd/ComfyUI/custom_nodes/ComfyUI_VLM_nodes
[2024-03-20 21:14]    1.7 seconds: /mnt/d/sd/ComfyUI/custom_nodes/ComfyUI-YoloWorld-EfficientSAM
[2024-03-20 21:14]    1.9 seconds: /mnt/d/sd/ComfyUI/custom_nodes/ComfyUI-CCSR
[2024-03-20 21:14]    1.9 seconds: /mnt/d/sd/ComfyUI/custom_nodes/comfyui-mixlab-nodes
[2024-03-20 21:14]    2.1 seconds: /mnt/d/sd/ComfyUI/custom_nodes/sd-model-manager
[2024-03-20 21:14]    2.3 seconds: /mnt/d/sd/ComfyUI/custom_nodes/facerestore_cf
[2024-03-20 21:14]    2.5 seconds: /mnt/d/sd/ComfyUI/custom_nodes/comfyui-reactor-node
[2024-03-20 21:14]    2.7 seconds: /mnt/d/sd/ComfyUI/custom_nodes/NodeGPT
[2024-03-20 21:14]    2.9 seconds: /mnt/d/sd/ComfyUI/custom_nodes/Comfyui_segformer_b2_clothes
[2024-03-20 21:14]    3.0 seconds: /mnt/d/sd/ComfyUI/custom_nodes/ComfyUI_Seg_VITON
[2024-03-20 21:14]    3.8 seconds: /mnt/d/sd/ComfyUI/custom_nodes/comfyui_segment_anything
[2024-03-20 21:14]    3.8 seconds: /mnt/d/sd/ComfyUI/custom_nodes/was-node-suite-comfyui
[2024-03-20 21:14]    3.8 seconds: /mnt/d/sd/ComfyUI/custom_nodes/a-person-mask-generator
[2024-03-20 21:14]    4.0 seconds: /mnt/d/sd/ComfyUI/custom_nodes/comfyui-art-venture
[2024-03-20 21:14]    4.2 seconds: /mnt/d/sd/ComfyUI/custom_nodes/facerestore
[2024-03-20 21:14]    4.6 seconds: /mnt/d/sd/ComfyUI/custom_nodes/comfy_controlnet_preprocessors
[2024-03-20 21:14]   15.1 seconds: /mnt/d/sd/ComfyUI/custom_nodes/ComfyUI_Custom_Nodes_AlekPet
[2024-03-20 21:14] 
[2024-03-20 21:14] https_key OK:  /mnt/d/sd/ComfyUI/custom_nodes/comfyui-mixlab-nodes/https/certificate.crt /mnt/d/sd/ComfyUI/custom_nodes/comfyui-mixlab-nodes/https/private.key
[2024-03-20 21:14] [93mStarting server
[2024-03-20 21:14] 
[2024-03-20 21:14] [93mTo see the GUI go to: http://127.0.0.1:8188
[2024-03-20 21:14] [93mTo see the GUI go to: https://127.0.0.1:8189[0m
[2024-03-20 21:14] FETCH DATA from: /mnt/d/sd/ComfyUI/custom_nodes/ComfyUI-Manager/extension-node-map.json
[2024-03-20 21:14] Error: OpenAI API key is invalid OpenAI features wont work for you
[2024-03-20 21:14] [33mQualityOfLifeSuit_Omar92:[0m:NSP ready
[2024-03-20 21:15] data_path:  /mnt/d/sd/ComfyUI/custom_nodes/comfyui-mixlab-nodes/data
[2024-03-20 21:15] *boop*
[2024-03-20 21:15] #read_workflow_json_files_all /mnt/d/sd/ComfyUI/custom_nodes/comfyui-mixlab-nodes/app/
[2024-03-20 21:15] *boop*
[2024-03-20 21:15] got prompt
[2024-03-20 21:15] Failed to validate prompt for output 280:
[2024-03-20 21:15] * LoraLoader 35:
[2024-03-20 21:15]   - Value not in list: lora_name: 'archive-4\sksmalin.safetensors' not in (list of length 1069)
[2024-03-20 21:15] * LoraLoader 10:
[2024-03-20 21:15]   - Value not in list: lora_name: 'archive-1\eyecolle_petunia_v100.safetensors' not in (list of length 1069)
[2024-03-20 21:15] * LoraLoader 12:
[2024-03-20 21:15]   - Value not in list: lora_name: 'archive-2\latent-consistency-lcm-lora-sdv1-5.safetensors' not in (list of length 1069)
[2024-03-20 21:15] Output will be ignored
[2024-03-20 21:15] Failed to validate prompt for output 329:
[2024-03-20 21:15] * ControlNetLoaderAdvanced 113:
[2024-03-20 21:15]   - Value not in list: control_net_name: 'ControlNet-v1-1\control_v11p_sd15_openpose.pth' not in (list of length 54)
[2024-03-20 21:15] * CR LoRA Stack 141:
[2024-03-20 21:15]   - Value not in list: lora_name_1: 'archive-1\beautiful_detailed_eyes.safetensors' not in (list of length 1070)
[2024-03-20 21:15] Output will be ignored
[2024-03-20 21:15] Failed to validate prompt for output 335:
[2024-03-20 21:15] Output will be ignored
[2024-03-20 21:15] Failed to validate prompt for output 89:
[2024-03-20 21:15] Output will be ignored
[2024-03-20 21:15] Failed to validate prompt for output 324:
[2024-03-20 21:15] Output will be ignored
[2024-03-20 21:15] [32m[rgthree] Using rgthree's optimized recursive execution.[0m
[2024-03-20 21:15] [32m[rgthree][0m First run patching recursive_output_delete_if_changed and recursive_will_execute.[0m
[2024-03-20 21:15] [33m[rgthree] Note: [0mIf execution seems broken due to forward ComfyUI changes, you can disable the optimization from rgthree settings in ComfyUI.[0m
[2024-03-20 21:15] got prompt
[2024-03-20 21:15] Failed to validate prompt for output 280:
[2024-03-20 21:15] * LoraLoader 12:
[2024-03-20 21:15]   - Value not in list: lora_name: 'archive-2\latent-consistency-lcm-lora-sdv1-5.safetensors' not in (list of length 1069)
[2024-03-20 21:15] Output will be ignored
[2024-03-20 21:15] Failed to validate prompt for output 329:
[2024-03-20 21:15] * ControlNetLoaderAdvanced 113:
[2024-03-20 21:15]   - Value not in list: control_net_name: 'ControlNet-v1-1\control_v11p_sd15_openpose.pth' not in (list of length 54)
[2024-03-20 21:15] * CR LoRA Stack 141:
[2024-03-20 21:15]   - Value not in list: lora_name_1: 'archive-1\beautiful_detailed_eyes.safetensors' not in (list of length 1070)
[2024-03-20 21:15] Output will be ignored
[2024-03-20 21:15] Failed to validate prompt for output 335:
[2024-03-20 21:15] Output will be ignored
[2024-03-20 21:15] Failed to validate prompt for output 89:
[2024-03-20 21:15] Output will be ignored
[2024-03-20 21:15] Failed to validate prompt for output 324:
[2024-03-20 21:15] Output will be ignored
[2024-03-20 21:15] got prompt
[2024-03-20 21:15] Failed to validate prompt for output 280:
[2024-03-20 21:15] * LoraLoader 12:
[2024-03-20 21:15]   - Value not in list: lora_name: 'archive-2\latent-consistency-lcm-lora-sdv1-5.safetensors' not in (list of length 1069)
[2024-03-20 21:15] Output will be ignored
[2024-03-20 21:15] Failed to validate prompt for output 329:
[2024-03-20 21:15] * ControlNetLoaderAdvanced 113:
[2024-03-20 21:15]   - Value not in list: control_net_name: 'ControlNet-v1-1\control_v11p_sd15_openpose.pth' not in (list of length 54)
[2024-03-20 21:15] * CR LoRA Stack 141:
[2024-03-20 21:15]   - Value not in list: lora_name_1: 'archive-1\beautiful_detailed_eyes.safetensors' not in (list of length 1070)
[2024-03-20 21:15] Output will be ignored
[2024-03-20 21:15] Failed to validate prompt for output 335:
[2024-03-20 21:15] Output will be ignored
[2024-03-20 21:15] Failed to validate prompt for output 89:
[2024-03-20 21:15] Output will be ignored
[2024-03-20 21:15] Failed to validate prompt for output 324:
[2024-03-20 21:15] Output will be ignored
[2024-03-20 21:15] got prompt
[2024-03-20 21:15] Failed to validate prompt for output 280:
[2024-03-20 21:15] * LoraLoader 12:
[2024-03-20 21:15]   - Value not in list: lora_name: 'archive-2\latent-consistency-lcm-lora-sdv1-5.safetensors' not in (list of length 1069)
[2024-03-20 21:15] Output will be ignored
[2024-03-20 21:15] Failed to validate prompt for output 329:
[2024-03-20 21:15] * ControlNetLoaderAdvanced 113:
[2024-03-20 21:15]   - Value not in list: control_net_name: 'ControlNet-v1-1\control_v11p_sd15_openpose.pth' not in (list of length 54)
[2024-03-20 21:15] * CR LoRA Stack 141:
[2024-03-20 21:15]   - Value not in list: lora_name_1: 'archive-1\beautiful_detailed_eyes.safetensors' not in (list of length 1070)
[2024-03-20 21:15] Output will be ignored
[2024-03-20 21:15] Failed to validate prompt for output 335:
[2024-03-20 21:15] Output will be ignored
[2024-03-20 21:15] Failed to validate prompt for output 89:
[2024-03-20 21:15] Output will be ignored
[2024-03-20 21:15] Failed to validate prompt for output 324:
[2024-03-20 21:15] Output will be ignored
[2024-03-20 21:15] got prompt
[2024-03-20 21:15] Failed to validate prompt for output 280:
[2024-03-20 21:15] * LoraLoader 12:
[2024-03-20 21:15]   - Value not in list: lora_name: 'archive-2\latent-consistency-lcm-lora-sdv1-5.safetensors' not in (list of length 1069)
[2024-03-20 21:15] Output will be ignored
[2024-03-20 21:15] Failed to validate prompt for output 329:
[2024-03-20 21:15] * ControlNetLoaderAdvanced 113:
[2024-03-20 21:15]   - Value not in list: control_net_name: 'ControlNet-v1-1\control_v11p_sd15_openpose.pth' not in (list of length 54)
[2024-03-20 21:15] * CR LoRA Stack 141:
[2024-03-20 21:15]   - Value not in list: lora_name_1: 'archive-1\beautiful_detailed_eyes.safetensors' not in (list of length 1070)
[2024-03-20 21:15] Output will be ignored
[2024-03-20 21:15] Failed to validate prompt for output 335:
[2024-03-20 21:15] Output will be ignored
[2024-03-20 21:15] Failed to validate prompt for output 89:
[2024-03-20 21:15] Output will be ignored
[2024-03-20 21:15] Failed to validate prompt for output 324:
[2024-03-20 21:15] Output will be ignored
[2024-03-20 21:15] got prompt
[2024-03-20 21:15] Failed to validate prompt for output 280:
[2024-03-20 21:15] * LoraLoader 12:
[2024-03-20 21:15]   - Value not in list: lora_name: 'archive-2\latent-consistency-lcm-lora-sdv1-5.safetensors' not in (list of length 1069)
[2024-03-20 21:15] Output will be ignored
[2024-03-20 21:15] Failed to validate prompt for output 329:
[2024-03-20 21:15] * ControlNetLoaderAdvanced 113:
[2024-03-20 21:15]   - Value not in list: control_net_name: 'ControlNet-v1-1\control_v11p_sd15_openpose.pth' not in (list of length 54)
[2024-03-20 21:15] * CR LoRA Stack 141:
[2024-03-20 21:15]   - Value not in list: lora_name_1: 'archive-1\beautiful_detailed_eyes.safetensors' not in (list of length 1070)
[2024-03-20 21:15] Output will be ignored
[2024-03-20 21:15] Failed to validate prompt for output 335:
[2024-03-20 21:15] Output will be ignored
[2024-03-20 21:15] Failed to validate prompt for output 89:
[2024-03-20 21:15] Output will be ignored
[2024-03-20 21:15] Failed to validate prompt for output 324:
[2024-03-20 21:15] Output will be ignored
[2024-03-20 21:15] got prompt
[2024-03-20 21:15] Failed to validate prompt for output 280:
[2024-03-20 21:15] * LoraLoader 12:
[2024-03-20 21:15]   - Value not in list: lora_name: 'archive-2\latent-consistency-lcm-lora-sdv1-5.safetensors' not in (list of length 1069)
[2024-03-20 21:15] Output will be ignored
[2024-03-20 21:15] Failed to validate prompt for output 329:
[2024-03-20 21:15] * ControlNetLoaderAdvanced 113:
[2024-03-20 21:15]   - Value not in list: control_net_name: 'ControlNet-v1-1\control_v11p_sd15_openpose.pth' not in (list of length 54)
[2024-03-20 21:15] * CR LoRA Stack 141:
[2024-03-20 21:15]   - Value not in list: lora_name_1: 'archive-1\beautiful_detailed_eyes.safetensors' not in (list of length 1070)
[2024-03-20 21:15] Output will be ignored
[2024-03-20 21:15] Failed to validate prompt for output 335:
[2024-03-20 21:15] Output will be ignored
[2024-03-20 21:15] Failed to validate prompt for output 89:
[2024-03-20 21:15] Output will be ignored
[2024-03-20 21:15] Failed to validate prompt for output 324:
[2024-03-20 21:15] Output will be ignored
[2024-03-20 21:15] got prompt
[2024-03-20 21:15] Failed to validate prompt for output 280:
[2024-03-20 21:15] * LoraLoader 12:
[2024-03-20 21:15]   - Value not in list: lora_name: 'archive-2\latent-consistency-lcm-lora-sdv1-5.safetensors' not in (list of length 1069)
[2024-03-20 21:15] Output will be ignored
[2024-03-20 21:15] Failed to validate prompt for output 329:
[2024-03-20 21:15] * ControlNetLoaderAdvanced 113:
[2024-03-20 21:15]   - Value not in list: control_net_name: 'ControlNet-v1-1\control_v11p_sd15_openpose.pth' not in (list of length 54)
[2024-03-20 21:15] * CR LoRA Stack 141:
[2024-03-20 21:15]   - Value not in list: lora_name_1: 'archive-1\beautiful_detailed_eyes.safetensors' not in (list of length 1070)
[2024-03-20 21:15] Output will be ignored
[2024-03-20 21:15] Failed to validate prompt for output 335:
[2024-03-20 21:15] Output will be ignored
[2024-03-20 21:15] Failed to validate prompt for output 89:
[2024-03-20 21:15] Output will be ignored
[2024-03-20 21:15] Failed to validate prompt for output 324:
[2024-03-20 21:15] Output will be ignored
[2024-03-20 21:15] got prompt
[2024-03-20 21:15] Failed to validate prompt for output 280:
[2024-03-20 21:15] * LoraLoader 12:
[2024-03-20 21:15]   - Value not in list: lora_name: 'archive-2\latent-consistency-lcm-lora-sdv1-5.safetensors' not in (list of length 1069)
[2024-03-20 21:15] Output will be ignored
[2024-03-20 21:15] Prompt executed in 0.86 seconds
[2024-03-20 21:15] [32m[rgthree] Using rgthree's optimized recursive execution.[0m
[2024-03-20 21:15] Failed to validate prompt for output 329:
[2024-03-20 21:15] * ControlNetLoaderAdvanced 113:
[2024-03-20 21:15]   - Value not in list: control_net_name: 'ControlNet-v1-1\control_v11p_sd15_openpose.pth' not in (list of length 54)
[2024-03-20 21:15] * CR LoRA Stack 141:
[2024-03-20 21:15]   - Value not in list: lora_name_1: 'archive-1\beautiful_detailed_eyes.safetensors' not in (list of length 1070)
[2024-03-20 21:15] Output will be ignored
[2024-03-20 21:15] Failed to validate prompt for output 335:
[2024-03-20 21:15] Output will be ignored
[2024-03-20 21:15] Failed to validate prompt for output 89:
[2024-03-20 21:15] Output will be ignored
[2024-03-20 21:15] Failed to validate prompt for output 324:
[2024-03-20 21:15] Output will be ignored
[2024-03-20 21:15] got prompt
[2024-03-20 21:15] Failed to validate prompt for output 280:
[2024-03-20 21:15] * LoraLoader 12:
[2024-03-20 21:15]   - Value not in list: lora_name: 'archive-2\latent-consistency-lcm-lora-sdv1-5.safetensors' not in (list of length 1069)
[2024-03-20 21:15] Output will be ignored
[2024-03-20 21:15] Failed to validate prompt for output 329:
[2024-03-20 21:15] * ControlNetLoaderAdvanced 113:
[2024-03-20 21:15]   - Value not in list: control_net_name: 'ControlNet-v1-1\control_v11p_sd15_openpose.pth' not in (list of length 54)
[2024-03-20 21:15] * CR LoRA Stack 141:
[2024-03-20 21:15]   - Value not in list: lora_name_1: 'archive-1\beautiful_detailed_eyes.safetensors' not in (list of length 1070)
[2024-03-20 21:15] Output will be ignored
[2024-03-20 21:15] Failed to validate prompt for output 335:
[2024-03-20 21:15] Output will be ignored
[2024-03-20 21:15] Failed to validate prompt for output 89:
[2024-03-20 21:15] Output will be ignored
[2024-03-20 21:15] Failed to validate prompt for output 324:
[2024-03-20 21:15] Output will be ignored
[2024-03-20 21:15] got prompt
[2024-03-20 21:15] Failed to validate prompt for output 280:
[2024-03-20 21:15] * LoraLoader 12:
[2024-03-20 21:15]   - Value not in list: lora_name: 'archive-2\latent-consistency-lcm-lora-sdv1-5.safetensors' not in (list of length 1069)
[2024-03-20 21:15] Output will be ignored
[2024-03-20 21:15] Failed to validate prompt for output 329:
[2024-03-20 21:15] * ControlNetLoaderAdvanced 113:
[2024-03-20 21:15]   - Value not in list: control_net_name: 'ControlNet-v1-1\control_v11p_sd15_openpose.pth' not in (list of length 54)
[2024-03-20 21:15] * CR LoRA Stack 141:
[2024-03-20 21:15]   - Value not in list: lora_name_1: 'archive-1\beautiful_detailed_eyes.safetensors' not in (list of length 1070)
[2024-03-20 21:15] Output will be ignored
[2024-03-20 21:15] Failed to validate prompt for output 335:
[2024-03-20 21:15] Output will be ignored
[2024-03-20 21:15] Failed to validate prompt for output 89:
[2024-03-20 21:15] Output will be ignored
[2024-03-20 21:15] Failed to validate prompt for output 324:
[2024-03-20 21:15] Output will be ignored
[2024-03-20 21:15] got prompt
[2024-03-20 21:15] Failed to validate prompt for output 280:
[2024-03-20 21:15] * LoraLoader 12:
[2024-03-20 21:15]   - Value not in list: lora_name: 'archive-2\latent-consistency-lcm-lora-sdv1-5.safetensors' not in (list of length 1069)
[2024-03-20 21:15] Output will be ignored
[2024-03-20 21:15] Failed to validate prompt for output 329:
[2024-03-20 21:15] * ControlNetLoaderAdvanced 113:
[2024-03-20 21:15]   - Value not in list: control_net_name: 'ControlNet-v1-1\control_v11p_sd15_openpose.pth' not in (list of length 54)
[2024-03-20 21:15] * CR LoRA Stack 141:
[2024-03-20 21:15]   - Value not in list: lora_name_1: 'archive-1\beautiful_detailed_eyes.safetensors' not in (list of length 1070)
[2024-03-20 21:15] Output will be ignored
[2024-03-20 21:15] Failed to validate prompt for output 335:
[2024-03-20 21:15] Output will be ignored
[2024-03-20 21:15] Failed to validate prompt for output 89:
[2024-03-20 21:15] Output will be ignored
[2024-03-20 21:15] Failed to validate prompt for output 324:
[2024-03-20 21:15] Output will be ignored
[2024-03-20 21:15] got prompt
[2024-03-20 21:15] Failed to validate prompt for output 280:
[2024-03-20 21:15] * LoraLoader 12:
[2024-03-20 21:15]   - Value not in list: lora_name: 'archive-2\latent-consistency-lcm-lora-sdv1-5.safetensors' not in (list of length 1069)
[2024-03-20 21:15] Output will be ignored
[2024-03-20 21:15] Failed to validate prompt for output 329:
[2024-03-20 21:15] * ControlNetLoaderAdvanced 113:
[2024-03-20 21:15]   - Value not in list: control_net_name: 'ControlNet-v1-1\control_v11p_sd15_openpose.pth' not in (list of length 54)
[2024-03-20 21:15] * CR LoRA Stack 141:
[2024-03-20 21:15]   - Value not in list: lora_name_1: 'archive-1\beautiful_detailed_eyes.safetensors' not in (list of length 1070)
[2024-03-20 21:15] Output will be ignored
[2024-03-20 21:15] Failed to validate prompt for output 335:
[2024-03-20 21:15] Output will be ignored
[2024-03-20 21:15] Failed to validate prompt for output 89:
[2024-03-20 21:15] Output will be ignored
[2024-03-20 21:15] Failed to validate prompt for output 324:
[2024-03-20 21:15] Output will be ignored
[2024-03-20 21:15] got prompt
[2024-03-20 21:15] Failed to validate prompt for output 280:
[2024-03-20 21:15] * LoraLoader 12:
[2024-03-20 21:15]   - Value not in list: lora_name: 'archive-2\latent-consistency-lcm-lora-sdv1-5.safetensors' not in (list of length 1069)
[2024-03-20 21:15] Output will be ignored
[2024-03-20 21:15] Failed to validate prompt for output 329:
[2024-03-20 21:15] * ControlNetLoaderAdvanced 113:
[2024-03-20 21:15]   - Value not in list: control_net_name: 'ControlNet-v1-1\control_v11p_sd15_openpose.pth' not in (list of length 54)
[2024-03-20 21:15] * CR LoRA Stack 141:
[2024-03-20 21:15]   - Value not in list: lora_name_1: 'archive-1\beautiful_detailed_eyes.safetensors' not in (list of length 1070)
[2024-03-20 21:15] Output will be ignored
[2024-03-20 21:15] Failed to validate prompt for output 335:
[2024-03-20 21:15] Output will be ignored
[2024-03-20 21:15] Failed to validate prompt for output 89:
[2024-03-20 21:15] Output will be ignored
[2024-03-20 21:15] Failed to validate prompt for output 324:
[2024-03-20 21:15] Output will be ignored
[2024-03-20 21:15] got prompt
[2024-03-20 21:15] Failed to validate prompt for output 280:
[2024-03-20 21:15] * LoraLoader 12:
[2024-03-20 21:15]   - Value not in list: lora_name: 'archive-2\latent-consistency-lcm-lora-sdv1-5.safetensors' not in (list of length 1069)
[2024-03-20 21:15] Output will be ignored
[2024-03-20 21:15] Failed to validate prompt for output 329:
[2024-03-20 21:15] * ControlNetLoaderAdvanced 113:
[2024-03-20 21:15]   - Value not in list: control_net_name: 'ControlNet-v1-1\control_v11p_sd15_openpose.pth' not in (list of length 54)
[2024-03-20 21:15] * CR LoRA Stack 141:
[2024-03-20 21:15]   - Value not in list: lora_name_1: 'archive-1\beautiful_detailed_eyes.safetensors' not in (list of length 1070)
[2024-03-20 21:15] Output will be ignored
[2024-03-20 21:15] Failed to validate prompt for output 335:
[2024-03-20 21:15] Output will be ignored
[2024-03-20 21:15] Failed to validate prompt for output 89:
[2024-03-20 21:15] Output will be ignored
[2024-03-20 21:15] Failed to validate prompt for output 324:
[2024-03-20 21:15] Output will be ignored
[2024-03-20 21:15] got prompt
[2024-03-20 21:15] Failed to validate prompt for output 280:
[2024-03-20 21:15] * LoraLoader 12:
[2024-03-20 21:15]   - Value not in list: lora_name: 'archive-2\latent-consistency-lcm-lora-sdv1-5.safetensors' not in (list of length 1069)
[2024-03-20 21:15] Output will be ignored
[2024-03-20 21:15] Prompt executed in 0.80 seconds
[2024-03-20 21:15] [32m[rgthree] Using rgthree's optimized recursive execution.[0m
[2024-03-20 21:15] Failed to validate prompt for output 329:
[2024-03-20 21:15] * ControlNetLoaderAdvanced 113:
[2024-03-20 21:15]   - Value not in list: control_net_name: 'ControlNet-v1-1\control_v11p_sd15_openpose.pth' not in (list of length 54)
[2024-03-20 21:15] * CR LoRA Stack 141:
[2024-03-20 21:15]   - Value not in list: lora_name_1: 'archive-1\beautiful_detailed_eyes.safetensors' not in (list of length 1070)
[2024-03-20 21:15] Output will be ignored
[2024-03-20 21:15] Failed to validate prompt for output 335:
[2024-03-20 21:15] Output will be ignored
[2024-03-20 21:15] Failed to validate prompt for output 89:
[2024-03-20 21:15] Output will be ignored
[2024-03-20 21:15] Failed to validate prompt for output 324:
[2024-03-20 21:15] Output will be ignored
[2024-03-20 21:15] got prompt
[2024-03-20 21:15] Failed to validate prompt for output 280:
[2024-03-20 21:15] * LoraLoader 12:
[2024-03-20 21:15]   - Value not in list: lora_name: 'archive-2\latent-consistency-lcm-lora-sdv1-5.safetensors' not in (list of length 1069)
[2024-03-20 21:15] Output will be ignored
[2024-03-20 21:15] Failed to validate prompt for output 329:
[2024-03-20 21:15] * ControlNetLoaderAdvanced 113:
[2024-03-20 21:15]   - Value not in list: control_net_name: 'ControlNet-v1-1\control_v11p_sd15_openpose.pth' not in (list of length 54)
[2024-03-20 21:15] * CR LoRA Stack 141:
[2024-03-20 21:15]   - Value not in list: lora_name_1: 'archive-1\beautiful_detailed_eyes.safetensors' not in (list of length 1070)
[2024-03-20 21:15] Output will be ignored
[2024-03-20 21:15] Failed to validate prompt for output 335:
[2024-03-20 21:15] Output will be ignored
[2024-03-20 21:15] Failed to validate prompt for output 89:
[2024-03-20 21:15] Output will be ignored
[2024-03-20 21:15] Failed to validate prompt for output 324:
[2024-03-20 21:15] Output will be ignored
[2024-03-20 21:15] got prompt
[2024-03-20 21:15] Failed to validate prompt for output 280:
[2024-03-20 21:15] * LoraLoader 12:
[2024-03-20 21:15]   - Value not in list: lora_name: 'archive-2\latent-consistency-lcm-lora-sdv1-5.safetensors' not in (list of length 1069)
[2024-03-20 21:15] Output will be ignored
[2024-03-20 21:15] Failed to validate prompt for output 329:
[2024-03-20 21:15] * ControlNetLoaderAdvanced 113:
[2024-03-20 21:15]   - Value not in list: control_net_name: 'ControlNet-v1-1\control_v11p_sd15_openpose.pth' not in (list of length 54)
[2024-03-20 21:15] * CR LoRA Stack 141:
[2024-03-20 21:15]   - Value not in list: lora_name_1: 'archive-1\beautiful_detailed_eyes.safetensors' not in (list of length 1070)
[2024-03-20 21:15] Output will be ignored
[2024-03-20 21:15] Failed to validate prompt for output 335:
[2024-03-20 21:15] Output will be ignored
[2024-03-20 21:15] Failed to validate prompt for output 89:
[2024-03-20 21:15] Output will be ignored
[2024-03-20 21:15] Failed to validate prompt for output 324:
[2024-03-20 21:15] Output will be ignored
[2024-03-20 21:15] got prompt
[2024-03-20 21:15] Failed to validate prompt for output 280:
[2024-03-20 21:15] * LoraLoader 12:
[2024-03-20 21:15]   - Value not in list: lora_name: 'archive-2\latent-consistency-lcm-lora-sdv1-5.safetensors' not in (list of length 1069)
[2024-03-20 21:15] Output will be ignored
[2024-03-20 21:15] Failed to validate prompt for output 329:
[2024-03-20 21:15] * ControlNetLoaderAdvanced 113:
[2024-03-20 21:15]   - Value not in list: control_net_name: 'ControlNet-v1-1\control_v11p_sd15_openpose.pth' not in (list of length 54)
[2024-03-20 21:15] * CR LoRA Stack 141:
[2024-03-20 21:15]   - Value not in list: lora_name_1: 'archive-1\beautiful_detailed_eyes.safetensors' not in (list of length 1070)
[2024-03-20 21:15] Output will be ignored
[2024-03-20 21:15] Failed to validate prompt for output 335:
[2024-03-20 21:15] Output will be ignored
[2024-03-20 21:15] Failed to validate prompt for output 89:
[2024-03-20 21:15] Output will be ignored
[2024-03-20 21:15] Failed to validate prompt for output 324:
[2024-03-20 21:15] Output will be ignored
[2024-03-20 21:15] got prompt
[2024-03-20 21:15] Failed to validate prompt for output 280:
[2024-03-20 21:15] * LoraLoader 12:
[2024-03-20 21:15]   - Value not in list: lora_name: 'archive-2\latent-consistency-lcm-lora-sdv1-5.safetensors' not in (list of length 1069)
[2024-03-20 21:15] Output will be ignored
[2024-03-20 21:15] Failed to validate prompt for output 329:
[2024-03-20 21:15] * ControlNetLoaderAdvanced 113:
[2024-03-20 21:15]   - Value not in list: control_net_name: 'ControlNet-v1-1\control_v11p_sd15_openpose.pth' not in (list of length 54)
[2024-03-20 21:15] * CR LoRA Stack 141:
[2024-03-20 21:15]   - Value not in list: lora_name_1: 'archive-1\beautiful_detailed_eyes.safetensors' not in (list of length 1070)
[2024-03-20 21:15] Output will be ignored
[2024-03-20 21:15] Failed to validate prompt for output 335:
[2024-03-20 21:15] Output will be ignored
[2024-03-20 21:15] Failed to validate prompt for output 89:
[2024-03-20 21:15] Output will be ignored
[2024-03-20 21:15] Failed to validate prompt for output 324:
[2024-03-20 21:15] Output will be ignored
[2024-03-20 21:15] got prompt
[2024-03-20 21:15] Failed to validate prompt for output 280:
[2024-03-20 21:15] * LoraLoader 12:
[2024-03-20 21:15]   - Value not in list: lora_name: 'archive-2\latent-consistency-lcm-lora-sdv1-5.safetensors' not in (list of length 1069)
[2024-03-20 21:15] Output will be ignored
[2024-03-20 21:15] Failed to validate prompt for output 329:
[2024-03-20 21:15] * ControlNetLoaderAdvanced 113:
[2024-03-20 21:15]   - Value not in list: control_net_name: 'ControlNet-v1-1\control_v11p_sd15_openpose.pth' not in (list of length 54)
[2024-03-20 21:15] * CR LoRA Stack 141:
[2024-03-20 21:15]   - Value not in list: lora_name_1: 'archive-1\beautiful_detailed_eyes.safetensors' not in (list of length 1070)
[2024-03-20 21:15] Output will be ignored
[2024-03-20 21:15] Failed to validate prompt for output 335:
[2024-03-20 21:15] Output will be ignored
[2024-03-20 21:15] Failed to validate prompt for output 89:
[2024-03-20 21:15] Output will be ignored
[2024-03-20 21:15] Failed to validate prompt for output 324:
[2024-03-20 21:15] Output will be ignored
[2024-03-20 21:15] got prompt
[2024-03-20 21:15] Failed to validate prompt for output 280:
[2024-03-20 21:15] * LoraLoader 12:
[2024-03-20 21:15]   - Value not in list: lora_name: 'archive-2\latent-consistency-lcm-lora-sdv1-5.safetensors' not in (list of length 1069)
[2024-03-20 21:15] Output will be ignored
[2024-03-20 21:15] Failed to validate prompt for output 329:
[2024-03-20 21:15] * ControlNetLoaderAdvanced 113:
[2024-03-20 21:15]   - Value not in list: control_net_name: 'ControlNet-v1-1\control_v11p_sd15_openpose.pth' not in (list of length 54)
[2024-03-20 21:15] * CR LoRA Stack 141:
[2024-03-20 21:15]   - Value not in list: lora_name_1: 'archive-1\beautiful_detailed_eyes.safetensors' not in (list of length 1070)
[2024-03-20 21:15] Output will be ignored
[2024-03-20 21:15] Failed to validate prompt for output 335:
[2024-03-20 21:15] Output will be ignored
[2024-03-20 21:15] Failed to validate prompt for output 89:
[2024-03-20 21:15] Output will be ignored
[2024-03-20 21:15] Failed to validate prompt for output 324:
[2024-03-20 21:15] Output will be ignored
[2024-03-20 21:15] got prompt
[2024-03-20 21:15] Failed to validate prompt for output 280:
[2024-03-20 21:15] * LoraLoader 12:
[2024-03-20 21:15]   - Value not in list: lora_name: 'archive-2\latent-consistency-lcm-lora-sdv1-5.safetensors' not in (list of length 1069)
[2024-03-20 21:15] Output will be ignored
[2024-03-20 21:15] Prompt executed in 0.99 seconds
[2024-03-20 21:15] [32m[rgthree] Using rgthree's optimized recursive execution.[0m
[2024-03-20 21:15] Failed to validate prompt for output 329:
[2024-03-20 21:15] * ControlNetLoaderAdvanced 113:
[2024-03-20 21:15]   - Value not in list: control_net_name: 'ControlNet-v1-1\control_v11p_sd15_openpose.pth' not in (list of length 54)
[2024-03-20 21:15] * CR LoRA Stack 141:
[2024-03-20 21:15]   - Value not in list: lora_name_1: 'archive-1\beautiful_detailed_eyes.safetensors' not in (list of length 1070)
[2024-03-20 21:15] Output will be ignored
[2024-03-20 21:15] Failed to validate prompt for output 335:
[2024-03-20 21:15] Output will be ignored
[2024-03-20 21:15] Failed to validate prompt for output 89:
[2024-03-20 21:15] Output will be ignored
[2024-03-20 21:15] Failed to validate prompt for output 324:
[2024-03-20 21:15] Output will be ignored
[2024-03-20 21:15] got prompt
[2024-03-20 21:15] Failed to validate prompt for output 280:
[2024-03-20 21:15] * LoraLoader 12:
[2024-03-20 21:15]   - Value not in list: lora_name: 'archive-2\latent-consistency-lcm-lora-sdv1-5.safetensors' not in (list of length 1069)
[2024-03-20 21:15] Output will be ignored
[2024-03-20 21:15] Failed to validate prompt for output 329:
[2024-03-20 21:15] * ControlNetLoaderAdvanced 113:
[2024-03-20 21:15]   - Value not in list: control_net_name: 'ControlNet-v1-1\control_v11p_sd15_openpose.pth' not in (list of length 54)
[2024-03-20 21:15] * CR LoRA Stack 141:
[2024-03-20 21:15]   - Value not in list: lora_name_1: 'archive-1\beautiful_detailed_eyes.safetensors' not in (list of length 1070)
[2024-03-20 21:15] Output will be ignored
[2024-03-20 21:15] Failed to validate prompt for output 335:
[2024-03-20 21:15] Output will be ignored
[2024-03-20 21:15] Failed to validate prompt for output 89:
[2024-03-20 21:15] Output will be ignored
[2024-03-20 21:15] Failed to validate prompt for output 324:
[2024-03-20 21:15] Output will be ignored
[2024-03-20 21:15] got prompt
[2024-03-20 21:15] Failed to validate prompt for output 280:
[2024-03-20 21:15] * LoraLoader 12:
[2024-03-20 21:15]   - Value not in list: lora_name: 'archive-2\latent-consistency-lcm-lora-sdv1-5.safetensors' not in (list of length 1069)
[2024-03-20 21:15] Output will be ignored
[2024-03-20 21:15] Failed to validate prompt for output 329:
[2024-03-20 21:15] * ControlNetLoaderAdvanced 113:
[2024-03-20 21:15]   - Value not in list: control_net_name: 'ControlNet-v1-1\control_v11p_sd15_openpose.pth' not in (list of length 54)
[2024-03-20 21:15] * CR LoRA Stack 141:
[2024-03-20 21:15]   - Value not in list: lora_name_1: 'archive-1\beautiful_detailed_eyes.safetensors' not in (list of length 1070)
[2024-03-20 21:15] Output will be ignored
[2024-03-20 21:15] Failed to validate prompt for output 335:
[2024-03-20 21:15] Output will be ignored
[2024-03-20 21:15] Failed to validate prompt for output 89:
[2024-03-20 21:15] Output will be ignored
[2024-03-20 21:15] Failed to validate prompt for output 324:
[2024-03-20 21:15] Output will be ignored
[2024-03-20 21:15] got prompt
[2024-03-20 21:15] Failed to validate prompt for output 280:
[2024-03-20 21:15] * LoraLoader 12:
[2024-03-20 21:15]   - Value not in list: lora_name: 'archive-2\latent-consistency-lcm-lora-sdv1-5.safetensors' not in (list of length 1069)
[2024-03-20 21:15] Output will be ignored
[2024-03-20 21:15] Failed to validate prompt for output 329:
[2024-03-20 21:15] * ControlNetLoaderAdvanced 113:
[2024-03-20 21:15]   - Value not in list: control_net_name: 'ControlNet-v1-1\control_v11p_sd15_openpose.pth' not in (list of length 54)
[2024-03-20 21:15] * CR LoRA Stack 141:
[2024-03-20 21:15]   - Value not in list: lora_name_1: 'archive-1\beautiful_detailed_eyes.safetensors' not in (list of length 1070)
[2024-03-20 21:15] Output will be ignored
[2024-03-20 21:15] Failed to validate prompt for output 335:
[2024-03-20 21:15] Output will be ignored
[2024-03-20 21:15] Failed to validate prompt for output 89:
[2024-03-20 21:15] Output will be ignored
[2024-03-20 21:15] Failed to validate prompt for output 324:
[2024-03-20 21:15] Output will be ignored
[2024-03-20 21:15] got prompt
[2024-03-20 21:15] Failed to validate prompt for output 280:
[2024-03-20 21:15] * LoraLoader 12:
[2024-03-20 21:15]   - Value not in list: lora_name: 'archive-2\latent-consistency-lcm-lora-sdv1-5.safetensors' not in (list of length 1069)
[2024-03-20 21:15] Output will be ignored
[2024-03-20 21:15] Failed to validate prompt for output 329:
[2024-03-20 21:15] * ControlNetLoaderAdvanced 113:
[2024-03-20 21:15]   - Value not in list: control_net_name: 'ControlNet-v1-1\control_v11p_sd15_openpose.pth' not in (list of length 54)
[2024-03-20 21:15] * CR LoRA Stack 141:
[2024-03-20 21:15]   - Value not in list: lora_name_1: 'archive-1\beautiful_detailed_eyes.safetensors' not in (list of length 1070)
[2024-03-20 21:15] Output will be ignored
[2024-03-20 21:15] Failed to validate prompt for output 335:
[2024-03-20 21:15] Output will be ignored
[2024-03-20 21:15] Failed to validate prompt for output 89:
[2024-03-20 21:15] Output will be ignored
[2024-03-20 21:15] Failed to validate prompt for output 324:
[2024-03-20 21:15] Output will be ignored
[2024-03-20 21:15] got prompt
[2024-03-20 21:15] Failed to validate prompt for output 280:
[2024-03-20 21:15] * LoraLoader 12:
[2024-03-20 21:15]   - Value not in list: lora_name: 'archive-2\latent-consistency-lcm-lora-sdv1-5.safetensors' not in (list of length 1069)
[2024-03-20 21:15] Output will be ignored
[2024-03-20 21:15] Failed to validate prompt for output 329:
[2024-03-20 21:15] * ControlNetLoaderAdvanced 113:
[2024-03-20 21:15]   - Value not in list: control_net_name: 'ControlNet-v1-1\control_v11p_sd15_openpose.pth' not in (list of length 54)
[2024-03-20 21:15] * CR LoRA Stack 141:
[2024-03-20 21:15]   - Value not in list: lora_name_1: 'archive-1\beautiful_detailed_eyes.safetensors' not in (list of length 1070)
[2024-03-20 21:15] Output will be ignored
[2024-03-20 21:15] Failed to validate prompt for output 335:
[2024-03-20 21:15] Output will be ignored
[2024-03-20 21:15] Failed to validate prompt for output 89:
[2024-03-20 21:15] Output will be ignored
[2024-03-20 21:15] Failed to validate prompt for output 324:
[2024-03-20 21:15] Output will be ignored
[2024-03-20 21:15] got prompt
[2024-03-20 21:15] Failed to validate prompt for output 280:
[2024-03-20 21:15] * LoraLoader 12:
[2024-03-20 21:15]   - Value not in list: lora_name: 'archive-2\latent-consistency-lcm-lora-sdv1-5.safetensors' not in (list of length 1069)
[2024-03-20 21:15] Output will be ignored
[2024-03-20 21:15] Failed to validate prompt for output 329:
[2024-03-20 21:15] * ControlNetLoaderAdvanced 113:
[2024-03-20 21:15]   - Value not in list: control_net_name: 'ControlNet-v1-1\control_v11p_sd15_openpose.pth' not in (list of length 54)
[2024-03-20 21:15] * CR LoRA Stack 141:
[2024-03-20 21:15]   - Value not in list: lora_name_1: 'archive-1\beautiful_detailed_eyes.safetensors' not in (list of length 1070)
[2024-03-20 21:15] Output will be ignored
[2024-03-20 21:15] Failed to validate prompt for output 335:
[2024-03-20 21:15] Output will be ignored
[2024-03-20 21:15] Failed to validate prompt for output 89:
[2024-03-20 21:15] Output will be ignored
[2024-03-20 21:15] Failed to validate prompt for output 324:
[2024-03-20 21:15] Output will be ignored
[2024-03-20 21:15] got prompt
[2024-03-20 21:15] Failed to validate prompt for output 280:
[2024-03-20 21:15] * LoraLoader 12:
[2024-03-20 21:15]   - Value not in list: lora_name: 'archive-2\latent-consistency-lcm-lora-sdv1-5.safetensors' not in (list of length 1069)
[2024-03-20 21:15] Output will be ignored
[2024-03-20 21:15] Prompt executed in 0.81 seconds
[2024-03-20 21:15] [32m[rgthree] Using rgthree's optimized recursive execution.[0m
[2024-03-20 21:15] Failed to validate prompt for output 329:
[2024-03-20 21:15] * ControlNetLoaderAdvanced 113:
[2024-03-20 21:15]   - Value not in list: control_net_name: 'ControlNet-v1-1\control_v11p_sd15_openpose.pth' not in (list of length 54)
[2024-03-20 21:15] * CR LoRA Stack 141:
[2024-03-20 21:15]   - Value not in list: lora_name_1: 'archive-1\beautiful_detailed_eyes.safetensors' not in (list of length 1070)
[2024-03-20 21:15] Output will be ignored
[2024-03-20 21:15] Failed to validate prompt for output 335:
[2024-03-20 21:15] Output will be ignored
[2024-03-20 21:15] Failed to validate prompt for output 89:
[2024-03-20 21:15] Output will be ignored
[2024-03-20 21:15] Failed to validate prompt for output 324:
[2024-03-20 21:15] Output will be ignored
[2024-03-20 21:15] got prompt
[2024-03-20 21:15] Failed to validate prompt for output 280:
[2024-03-20 21:15] * LoraLoader 12:
[2024-03-20 21:15]   - Value not in list: lora_name: 'archive-2\latent-consistency-lcm-lora-sdv1-5.safetensors' not in (list of length 1069)
[2024-03-20 21:15] Output will be ignored
[2024-03-20 21:15] Failed to validate prompt for output 329:
[2024-03-20 21:15] * ControlNetLoaderAdvanced 113:
[2024-03-20 21:15]   - Value not in list: control_net_name: 'ControlNet-v1-1\control_v11p_sd15_openpose.pth' not in (list of length 54)
[2024-03-20 21:15] * CR LoRA Stack 141:
[2024-03-20 21:15]   - Value not in list: lora_name_1: 'archive-1\beautiful_detailed_eyes.safetensors' not in (list of length 1070)
[2024-03-20 21:15] Output will be ignored
[2024-03-20 21:15] Failed to validate prompt for output 335:
[2024-03-20 21:15] Output will be ignored
[2024-03-20 21:15] Failed to validate prompt for output 89:
[2024-03-20 21:15] Output will be ignored
[2024-03-20 21:15] Failed to validate prompt for output 324:
[2024-03-20 21:15] Output will be ignored
[2024-03-20 21:15] got prompt
[2024-03-20 21:15] Failed to validate prompt for output 280:
[2024-03-20 21:15] * LoraLoader 12:
[2024-03-20 21:15]   - Value not in list: lora_name: 'archive-2\latent-consistency-lcm-lora-sdv1-5.safetensors' not in (list of length 1069)
[2024-03-20 21:15] Output will be ignored
[2024-03-20 21:15] Failed to validate prompt for output 329:
[2024-03-20 21:15] * ControlNetLoaderAdvanced 113:
[2024-03-20 21:15]   - Value not in list: control_net_name: 'ControlNet-v1-1\control_v11p_sd15_openpose.pth' not in (list of length 54)
[2024-03-20 21:15] * CR LoRA Stack 141:
[2024-03-20 21:15]   - Value not in list: lora_name_1: 'archive-1\beautiful_detailed_eyes.safetensors' not in (list of length 1070)
[2024-03-20 21:15] Output will be ignored
[2024-03-20 21:15] Failed to validate prompt for output 335:
[2024-03-20 21:15] Output will be ignored
[2024-03-20 21:15] Failed to validate prompt for output 89:
[2024-03-20 21:15] Output will be ignored
[2024-03-20 21:15] Failed to validate prompt for output 324:
[2024-03-20 21:15] Output will be ignored
[2024-03-20 21:15] got prompt
[2024-03-20 21:15] Failed to validate prompt for output 280:
[2024-03-20 21:15] * LoraLoader 12:
[2024-03-20 21:15]   - Value not in list: lora_name: 'archive-2\latent-consistency-lcm-lora-sdv1-5.safetensors' not in (list of length 1069)
[2024-03-20 21:15] Output will be ignored
[2024-03-20 21:15] Failed to validate prompt for output 329:
[2024-03-20 21:15] * ControlNetLoaderAdvanced 113:
[2024-03-20 21:15]   - Value not in list: control_net_name: 'ControlNet-v1-1\control_v11p_sd15_openpose.pth' not in (list of length 54)
[2024-03-20 21:15] * CR LoRA Stack 141:
[2024-03-20 21:15]   - Value not in list: lora_name_1: 'archive-1\beautiful_detailed_eyes.safetensors' not in (list of length 1070)
[2024-03-20 21:15] Output will be ignored
[2024-03-20 21:15] Failed to validate prompt for output 335:
[2024-03-20 21:15] Output will be ignored
[2024-03-20 21:15] Failed to validate prompt for output 89:
[2024-03-20 21:15] Output will be ignored
[2024-03-20 21:15] Failed to validate prompt for output 324:
[2024-03-20 21:15] Output will be ignored
[2024-03-20 21:15] got prompt
[2024-03-20 21:15] Failed to validate prompt for output 280:
[2024-03-20 21:15] * LoraLoader 12:
[2024-03-20 21:15]   - Value not in list: lora_name: 'archive-2\latent-consistency-lcm-lora-sdv1-5.safetensors' not in (list of length 1069)
[2024-03-20 21:15] Output will be ignored
[2024-03-20 21:15] Failed to validate prompt for output 329:
[2024-03-20 21:15] * ControlNetLoaderAdvanced 113:
[2024-03-20 21:15]   - Value not in list: control_net_name: 'ControlNet-v1-1\control_v11p_sd15_openpose.pth' not in (list of length 54)
[2024-03-20 21:15] * CR LoRA Stack 141:
[2024-03-20 21:15]   - Value not in list: lora_name_1: 'archive-1\beautiful_detailed_eyes.safetensors' not in (list of length 1070)
[2024-03-20 21:15] Output will be ignored
[2024-03-20 21:15] Failed to validate prompt for output 335:
[2024-03-20 21:15] Output will be ignored
[2024-03-20 21:15] Failed to validate prompt for output 89:
[2024-03-20 21:15] Output will be ignored
[2024-03-20 21:15] Failed to validate prompt for output 324:
[2024-03-20 21:15] Output will be ignored
[2024-03-20 21:15] got prompt
[2024-03-20 21:15] Failed to validate prompt for output 280:
[2024-03-20 21:15] * LoraLoader 12:
[2024-03-20 21:15]   - Value not in list: lora_name: 'archive-2\latent-consistency-lcm-lora-sdv1-5.safetensors' not in (list of length 1069)
[2024-03-20 21:15] Output will be ignored
[2024-03-20 21:15] Failed to validate prompt for output 329:
[2024-03-20 21:15] * ControlNetLoaderAdvanced 113:
[2024-03-20 21:15]   - Value not in list: control_net_name: 'ControlNet-v1-1\control_v11p_sd15_openpose.pth' not in (list of length 54)
[2024-03-20 21:15] * CR LoRA Stack 141:
[2024-03-20 21:15]   - Value not in list: lora_name_1: 'archive-1\beautiful_detailed_eyes.safetensors' not in (list of length 1070)
[2024-03-20 21:15] Output will be ignored
[2024-03-20 21:15] Failed to validate prompt for output 335:
[2024-03-20 21:15] Output will be ignored
[2024-03-20 21:15] Failed to validate prompt for output 89:
[2024-03-20 21:15] Output will be ignored
[2024-03-20 21:15] Failed to validate prompt for output 324:
[2024-03-20 21:15] Output will be ignored
[2024-03-20 21:15] got prompt
[2024-03-20 21:15] Failed to validate prompt for output 280:
[2024-03-20 21:15] * LoraLoader 12:
[2024-03-20 21:15]   - Value not in list: lora_name: 'archive-2\latent-consistency-lcm-lora-sdv1-5.safetensors' not in (list of length 1069)
[2024-03-20 21:15] Output will be ignored
[2024-03-20 21:15] Failed to validate prompt for output 329:
[2024-03-20 21:15] * ControlNetLoaderAdvanced 113:
[2024-03-20 21:15]   - Value not in list: control_net_name: 'ControlNet-v1-1\control_v11p_sd15_openpose.pth' not in (list of length 54)
[2024-03-20 21:15] * CR LoRA Stack 141:
[2024-03-20 21:15]   - Value not in list: lora_name_1: 'archive-1\beautiful_detailed_eyes.safetensors' not in (list of length 1070)
[2024-03-20 21:15] Output will be ignored
[2024-03-20 21:15] Failed to validate prompt for output 335:
[2024-03-20 21:15] Output will be ignored
[2024-03-20 21:15] Failed to validate prompt for output 89:
[2024-03-20 21:15] Output will be ignored
[2024-03-20 21:15] Failed to validate prompt for output 324:
[2024-03-20 21:15] Output will be ignored
[2024-03-20 21:15] got prompt
[2024-03-20 21:15] Failed to validate prompt for output 280:
[2024-03-20 21:15] * LoraLoader 12:
[2024-03-20 21:15]   - Value not in list: lora_name: 'archive-2\latent-consistency-lcm-lora-sdv1-5.safetensors' not in (list of length 1069)
[2024-03-20 21:15] Output will be ignored
[2024-03-20 21:15] Prompt executed in 1.04 seconds
[2024-03-20 21:15] [32m[rgthree] Using rgthree's optimized recursive execution.[0m
[2024-03-20 21:15] Failed to validate prompt for output 329:
[2024-03-20 21:15] * ControlNetLoaderAdvanced 113:
[2024-03-20 21:15]   - Value not in list: control_net_name: 'ControlNet-v1-1\control_v11p_sd15_openpose.pth' not in (list of length 54)
[2024-03-20 21:15] * CR LoRA Stack 141:
[2024-03-20 21:15]   - Value not in list: lora_name_1: 'archive-1\beautiful_detailed_eyes.safetensors' not in (list of length 1070)
[2024-03-20 21:15] Output will be ignored
[2024-03-20 21:15] Failed to validate prompt for output 335:
[2024-03-20 21:15] Output will be ignored
[2024-03-20 21:15] Failed to validate prompt for output 89:
[2024-03-20 21:15] Output will be ignored
[2024-03-20 21:15] Failed to validate prompt for output 324:
[2024-03-20 21:15] Output will be ignored
[2024-03-20 21:15] got prompt
[2024-03-20 21:15] Failed to validate prompt for output 280:
[2024-03-20 21:15] * LoraLoader 12:
[2024-03-20 21:15]   - Value not in list: lora_name: 'archive-2\latent-consistency-lcm-lora-sdv1-5.safetensors' not in (list of length 1069)
[2024-03-20 21:15] Output will be ignored
[2024-03-20 21:15] Failed to validate prompt for output 329:
[2024-03-20 21:15] * ControlNetLoaderAdvanced 113:
[2024-03-20 21:15]   - Value not in list: control_net_name: 'ControlNet-v1-1\control_v11p_sd15_openpose.pth' not in (list of length 54)
[2024-03-20 21:15] * CR LoRA Stack 141:
[2024-03-20 21:15]   - Value not in list: lora_name_1: 'archive-1\beautiful_detailed_eyes.safetensors' not in (list of length 1070)
[2024-03-20 21:15] Output will be ignored
[2024-03-20 21:15] Failed to validate prompt for output 335:
[2024-03-20 21:15] Output will be ignored
[2024-03-20 21:15] Failed to validate prompt for output 89:
[2024-03-20 21:15] Output will be ignored
[2024-03-20 21:15] Failed to validate prompt for output 324:
[2024-03-20 21:15] Output will be ignored
[2024-03-20 21:15] got prompt
[2024-03-20 21:15] Failed to validate prompt for output 280:
[2024-03-20 21:15] * LoraLoader 12:
[2024-03-20 21:15]   - Value not in list: lora_name: 'archive-2\latent-consistency-lcm-lora-sdv1-5.safetensors' not in (list of length 1069)
[2024-03-20 21:15] Output will be ignored
[2024-03-20 21:15] Failed to validate prompt for output 329:
[2024-03-20 21:15] * ControlNetLoaderAdvanced 113:
[2024-03-20 21:15]   - Value not in list: control_net_name: 'ControlNet-v1-1\control_v11p_sd15_openpose.pth' not in (list of length 54)
[2024-03-20 21:15] * CR LoRA Stack 141:
[2024-03-20 21:15]   - Value not in list: lora_name_1: 'archive-1\beautiful_detailed_eyes.safetensors' not in (list of length 1070)
[2024-03-20 21:15] Output will be ignored
[2024-03-20 21:15] Failed to validate prompt for output 335:
[2024-03-20 21:15] Output will be ignored
[2024-03-20 21:15] Failed to validate prompt for output 89:
[2024-03-20 21:15] Output will be ignored
[2024-03-20 21:15] Failed to validate prompt for output 324:
[2024-03-20 21:15] Output will be ignored
[2024-03-20 21:15] got prompt
[2024-03-20 21:15] Failed to validate prompt for output 280:
[2024-03-20 21:15] * LoraLoader 12:
[2024-03-20 21:15]   - Value not in list: lora_name: 'archive-2\latent-consistency-lcm-lora-sdv1-5.safetensors' not in (list of length 1069)
[2024-03-20 21:15] Output will be ignored
[2024-03-20 21:15] Failed to validate prompt for output 329:
[2024-03-20 21:15] * ControlNetLoaderAdvanced 113:
[2024-03-20 21:15]   - Value not in list: control_net_name: 'ControlNet-v1-1\control_v11p_sd15_openpose.pth' not in (list of length 54)
[2024-03-20 21:15] * CR LoRA Stack 141:
[2024-03-20 21:15]   - Value not in list: lora_name_1: 'archive-1\beautiful_detailed_eyes.safetensors' not in (list of length 1070)
[2024-03-20 21:15] Output will be ignored
[2024-03-20 21:15] Failed to validate prompt for output 335:
[2024-03-20 21:15] Output will be ignored
[2024-03-20 21:15] Failed to validate prompt for output 89:
[2024-03-20 21:15] Output will be ignored
[2024-03-20 21:15] Failed to validate prompt for output 324:
[2024-03-20 21:15] Output will be ignored
[2024-03-20 21:15] got prompt
[2024-03-20 21:15] Failed to validate prompt for output 280:
[2024-03-20 21:15] * LoraLoader 12:
[2024-03-20 21:15]   - Value not in list: lora_name: 'archive-2\latent-consistency-lcm-lora-sdv1-5.safetensors' not in (list of length 1069)
[2024-03-20 21:15] Output will be ignored
[2024-03-20 21:15] Failed to validate prompt for output 329:
[2024-03-20 21:15] * ControlNetLoaderAdvanced 113:
[2024-03-20 21:15]   - Value not in list: control_net_name: 'ControlNet-v1-1\control_v11p_sd15_openpose.pth' not in (list of length 54)
[2024-03-20 21:15] * CR LoRA Stack 141:
[2024-03-20 21:15]   - Value not in list: lora_name_1: 'archive-1\beautiful_detailed_eyes.safetensors' not in (list of length 1070)
[2024-03-20 21:15] Output will be ignored
[2024-03-20 21:15] Failed to validate prompt for output 335:
[2024-03-20 21:15] Output will be ignored
[2024-03-20 21:15] Failed to validate prompt for output 89:
[2024-03-20 21:15] Output will be ignored
[2024-03-20 21:15] Failed to validate prompt for output 324:
[2024-03-20 21:15] Output will be ignored
[2024-03-20 21:15] got prompt
[2024-03-20 21:15] Failed to validate prompt for output 280:
[2024-03-20 21:15] * LoraLoader 12:
[2024-03-20 21:15]   - Value not in list: lora_name: 'archive-2\latent-consistency-lcm-lora-sdv1-5.safetensors' not in (list of length 1069)
[2024-03-20 21:15] Output will be ignored
[2024-03-20 21:15] Failed to validate prompt for output 329:
[2024-03-20 21:15] * ControlNetLoaderAdvanced 113:
[2024-03-20 21:15]   - Value not in list: control_net_name: 'ControlNet-v1-1\control_v11p_sd15_openpose.pth' not in (list of length 54)
[2024-03-20 21:15] * CR LoRA Stack 141:
[2024-03-20 21:15]   - Value not in list: lora_name_1: 'archive-1\beautiful_detailed_eyes.safetensors' not in (list of length 1070)
[2024-03-20 21:15] Output will be ignored
[2024-03-20 21:15] Failed to validate prompt for output 335:
[2024-03-20 21:15] Output will be ignored
[2024-03-20 21:15] Failed to validate prompt for output 89:
[2024-03-20 21:15] Output will be ignored
[2024-03-20 21:15] Failed to validate prompt for output 324:
[2024-03-20 21:15] Output will be ignored
[2024-03-20 21:15] got prompt
[2024-03-20 21:15] Failed to validate prompt for output 280:
[2024-03-20 21:15] * LoraLoader 12:
[2024-03-20 21:15]   - Value not in list: lora_name: 'archive-2\latent-consistency-lcm-lora-sdv1-5.safetensors' not in (list of length 1069)
[2024-03-20 21:15] Output will be ignored
[2024-03-20 21:15] Failed to validate prompt for output 329:
[2024-03-20 21:15] * ControlNetLoaderAdvanced 113:
[2024-03-20 21:15]   - Value not in list: control_net_name: 'ControlNet-v1-1\control_v11p_sd15_openpose.pth' not in (list of length 54)
[2024-03-20 21:15] * CR LoRA Stack 141:
[2024-03-20 21:15]   - Value not in list: lora_name_1: 'archive-1\beautiful_detailed_eyes.safetensors' not in (list of length 1070)
[2024-03-20 21:15] Output will be ignored
[2024-03-20 21:15] Failed to validate prompt for output 335:
[2024-03-20 21:15] Output will be ignored
[2024-03-20 21:15] Failed to validate prompt for output 89:
[2024-03-20 21:15] Output will be ignored
[2024-03-20 21:15] Failed to validate prompt for output 324:
[2024-03-20 21:15] Output will be ignored
[2024-03-20 21:15] got prompt
[2024-03-20 21:15] Failed to validate prompt for output 280:
[2024-03-20 21:15] * LoraLoader 12:
[2024-03-20 21:15]   - Value not in list: lora_name: 'archive-2\latent-consistency-lcm-lora-sdv1-5.safetensors' not in (list of length 1069)
[2024-03-20 21:15] Output will be ignored
[2024-03-20 21:15] Prompt executed in 0.99 seconds
[2024-03-20 21:15] [32m[rgthree] Using rgthree's optimized recursive execution.[0m
[2024-03-20 21:15] Failed to validate prompt for output 329:
[2024-03-20 21:15] * ControlNetLoaderAdvanced 113:
[2024-03-20 21:15]   - Value not in list: control_net_name: 'ControlNet-v1-1\control_v11p_sd15_openpose.pth' not in (list of length 54)
[2024-03-20 21:15] * CR LoRA Stack 141:
[2024-03-20 21:15]   - Value not in list: lora_name_1: 'archive-1\beautiful_detailed_eyes.safetensors' not in (list of length 1070)
[2024-03-20 21:15] Output will be ignored
[2024-03-20 21:15] Failed to validate prompt for output 335:
[2024-03-20 21:15] Output will be ignored
[2024-03-20 21:15] Failed to validate prompt for output 89:
[2024-03-20 21:15] Output will be ignored
[2024-03-20 21:15] Failed to validate prompt for output 324:
[2024-03-20 21:15] Output will be ignored
[2024-03-20 21:15] got prompt
[2024-03-20 21:15] Failed to validate prompt for output 280:
[2024-03-20 21:15] * LoraLoader 12:
[2024-03-20 21:15]   - Value not in list: lora_name: 'archive-2\latent-consistency-lcm-lora-sdv1-5.safetensors' not in (list of length 1069)
[2024-03-20 21:15] Output will be ignored
[2024-03-20 21:15] Failed to validate prompt for output 329:
[2024-03-20 21:15] * ControlNetLoaderAdvanced 113:
[2024-03-20 21:15]   - Value not in list: control_net_name: 'ControlNet-v1-1\control_v11p_sd15_openpose.pth' not in (list of length 54)
[2024-03-20 21:15] * CR LoRA Stack 141:
[2024-03-20 21:15]   - Value not in list: lora_name_1: 'archive-1\beautiful_detailed_eyes.safetensors' not in (list of length 1070)
[2024-03-20 21:15] Output will be ignored
[2024-03-20 21:15] Failed to validate prompt for output 335:
[2024-03-20 21:15] Output will be ignored
[2024-03-20 21:15] Failed to validate prompt for output 89:
[2024-03-20 21:15] Output will be ignored
[2024-03-20 21:15] Failed to validate prompt for output 324:
[2024-03-20 21:15] Output will be ignored
[2024-03-20 21:15] got prompt
[2024-03-20 21:15] Failed to validate prompt for output 280:
[2024-03-20 21:15] * LoraLoader 12:
[2024-03-20 21:15]   - Value not in list: lora_name: 'archive-2\latent-consistency-lcm-lora-sdv1-5.safetensors' not in (list of length 1069)
[2024-03-20 21:15] Output will be ignored
[2024-03-20 21:15] Failed to validate prompt for output 329:
[2024-03-20 21:15] * ControlNetLoaderAdvanced 113:
[2024-03-20 21:15]   - Value not in list: control_net_name: 'ControlNet-v1-1\control_v11p_sd15_openpose.pth' not in (list of length 54)
[2024-03-20 21:15] * CR LoRA Stack 141:
[2024-03-20 21:15]   - Value not in list: lora_name_1: 'archive-1\beautiful_detailed_eyes.safetensors' not in (list of length 1070)
[2024-03-20 21:15] Output will be ignored
[2024-03-20 21:15] Failed to validate prompt for output 335:
[2024-03-20 21:15] Output will be ignored
[2024-03-20 21:15] Failed to validate prompt for output 89:
[2024-03-20 21:15] Output will be ignored
[2024-03-20 21:15] Failed to validate prompt for output 324:
[2024-03-20 21:15] Output will be ignored
[2024-03-20 21:15] got prompt
[2024-03-20 21:15] Failed to validate prompt for output 280:
[2024-03-20 21:15] * LoraLoader 12:
[2024-03-20 21:15]   - Value not in list: lora_name: 'archive-2\latent-consistency-lcm-lora-sdv1-5.safetensors' not in (list of length 1069)
[2024-03-20 21:15] Output will be ignored
[2024-03-20 21:15] Failed to validate prompt for output 329:
[2024-03-20 21:15] * ControlNetLoaderAdvanced 113:
[2024-03-20 21:15]   - Value not in list: control_net_name: 'ControlNet-v1-1\control_v11p_sd15_openpose.pth' not in (list of length 54)
[2024-03-20 21:15] * CR LoRA Stack 141:
[2024-03-20 21:15]   - Value not in list: lora_name_1: 'archive-1\beautiful_detailed_eyes.safetensors' not in (list of length 1070)
[2024-03-20 21:15] Output will be ignored
[2024-03-20 21:15] Failed to validate prompt for output 335:
[2024-03-20 21:15] Output will be ignored
[2024-03-20 21:15] Failed to validate prompt for output 89:
[2024-03-20 21:15] Output will be ignored
[2024-03-20 21:15] Failed to validate prompt for output 324:
[2024-03-20 21:15] Output will be ignored
[2024-03-20 21:15] got prompt
[2024-03-20 21:15] Failed to validate prompt for output 280:
[2024-03-20 21:15] * LoraLoader 12:
[2024-03-20 21:15]   - Value not in list: lora_name: 'archive-2\latent-consistency-lcm-lora-sdv1-5.safetensors' not in (list of length 1069)
[2024-03-20 21:15] Output will be ignored
[2024-03-20 21:15] Failed to validate prompt for output 329:
[2024-03-20 21:15] * ControlNetLoaderAdvanced 113:
[2024-03-20 21:15]   - Value not in list: control_net_name: 'ControlNet-v1-1\control_v11p_sd15_openpose.pth' not in (list of length 54)
[2024-03-20 21:15] * CR LoRA Stack 141:
[2024-03-20 21:15]   - Value not in list: lora_name_1: 'archive-1\beautiful_detailed_eyes.safetensors' not in (list of length 1070)
[2024-03-20 21:15] Output will be ignored
[2024-03-20 21:15] Failed to validate prompt for output 335:
[2024-03-20 21:15] Output will be ignored
[2024-03-20 21:15] Failed to validate prompt for output 89:
[2024-03-20 21:15] Output will be ignored
[2024-03-20 21:15] Failed to validate prompt for output 324:
[2024-03-20 21:15] Output will be ignored
[2024-03-20 21:15] got prompt
[2024-03-20 21:15] Failed to validate prompt for output 280:
[2024-03-20 21:15] * LoraLoader 12:
[2024-03-20 21:15]   - Value not in list: lora_name: 'archive-2\latent-consistency-lcm-lora-sdv1-5.safetensors' not in (list of length 1069)
[2024-03-20 21:15] Output will be ignored
[2024-03-20 21:15] Failed to validate prompt for output 329:
[2024-03-20 21:15] * ControlNetLoaderAdvanced 113:
[2024-03-20 21:15]   - Value not in list: control_net_name: 'ControlNet-v1-1\control_v11p_sd15_openpose.pth' not in (list of length 54)
[2024-03-20 21:15] * CR LoRA Stack 141:
[2024-03-20 21:15]   - Value not in list: lora_name_1: 'archive-1\beautiful_detailed_eyes.safetensors' not in (list of length 1070)
[2024-03-20 21:15] Output will be ignored
[2024-03-20 21:15] Failed to validate prompt for output 335:
[2024-03-20 21:15] Output will be ignored
[2024-03-20 21:15] Failed to validate prompt for output 89:
[2024-03-20 21:15] Output will be ignored
[2024-03-20 21:15] Failed to validate prompt for output 324:
[2024-03-20 21:15] Output will be ignored
[2024-03-20 21:15] got prompt
[2024-03-20 21:15] Failed to validate prompt for output 280:
[2024-03-20 21:15] * LoraLoader 12:
[2024-03-20 21:15]   - Value not in list: lora_name: 'archive-2\latent-consistency-lcm-lora-sdv1-5.safetensors' not in (list of length 1069)
[2024-03-20 21:15] Output will be ignored
[2024-03-20 21:15] Failed to validate prompt for output 329:
[2024-03-20 21:15] * ControlNetLoaderAdvanced 113:
[2024-03-20 21:15]   - Value not in list: control_net_name: 'ControlNet-v1-1\control_v11p_sd15_openpose.pth' not in (list of length 54)
[2024-03-20 21:15] * CR LoRA Stack 141:
[2024-03-20 21:15]   - Value not in list: lora_name_1: 'archive-1\beautiful_detailed_eyes.safetensors' not in (list of length 1070)
[2024-03-20 21:15] Output will be ignored
[2024-03-20 21:15] Failed to validate prompt for output 335:
[2024-03-20 21:15] Output will be ignored
[2024-03-20 21:15] Failed to validate prompt for output 89:
[2024-03-20 21:15] Output will be ignored
[2024-03-20 21:15] Failed to validate prompt for output 324:
[2024-03-20 21:15] Output will be ignored
[2024-03-20 21:15] got prompt
[2024-03-20 21:15] Failed to validate prompt for output 280:
[2024-03-20 21:15] * LoraLoader 12:
[2024-03-20 21:15]   - Value not in list: lora_name: 'archive-2\latent-consistency-lcm-lora-sdv1-5.safetensors' not in (list of length 1069)
[2024-03-20 21:15] Output will be ignored
[2024-03-20 21:15] Prompt executed in 0.91 seconds
[2024-03-20 21:15] [32m[rgthree] Using rgthree's optimized recursive execution.[0m
[2024-03-20 21:15] Failed to validate prompt for output 329:
[2024-03-20 21:15] * ControlNetLoaderAdvanced 113:
[2024-03-20 21:15]   - Value not in list: control_net_name: 'ControlNet-v1-1\control_v11p_sd15_openpose.pth' not in (list of length 54)
[2024-03-20 21:15] * CR LoRA Stack 141:
[2024-03-20 21:15]   - Value not in list: lora_name_1: 'archive-1\beautiful_detailed_eyes.safetensors' not in (list of length 1070)
[2024-03-20 21:15] Output will be ignored
[2024-03-20 21:15] Failed to validate prompt for output 335:
[2024-03-20 21:15] Output will be ignored
[2024-03-20 21:15] Failed to validate prompt for output 89:
[2024-03-20 21:15] Output will be ignored
[2024-03-20 21:15] Failed to validate prompt for output 324:
[2024-03-20 21:15] Output will be ignored
[2024-03-20 21:15] got prompt
[2024-03-20 21:15] Failed to validate prompt for output 280:
[2024-03-20 21:15] * LoraLoader 12:
[2024-03-20 21:15]   - Value not in list: lora_name: 'archive-2\latent-consistency-lcm-lora-sdv1-5.safetensors' not in (list of length 1069)
[2024-03-20 21:15] Output will be ignored
[2024-03-20 21:15] Failed to validate prompt for output 329:
[2024-03-20 21:15] * ControlNetLoaderAdvanced 113:
[2024-03-20 21:15]   - Value not in list: control_net_name: 'ControlNet-v1-1\control_v11p_sd15_openpose.pth' not in (list of length 54)
[2024-03-20 21:15] * CR LoRA Stack 141:
[2024-03-20 21:15]   - Value not in list: lora_name_1: 'archive-1\beautiful_detailed_eyes.safetensors' not in (list of length 1070)
[2024-03-20 21:15] Output will be ignored
[2024-03-20 21:15] Failed to validate prompt for output 335:
[2024-03-20 21:15] Output will be ignored
[2024-03-20 21:15] Failed to validate prompt for output 89:
[2024-03-20 21:15] Output will be ignored
[2024-03-20 21:15] Failed to validate prompt for output 324:
[2024-03-20 21:15] Output will be ignored
[2024-03-20 21:15] got prompt
[2024-03-20 21:15] Failed to validate prompt for output 280:
[2024-03-20 21:15] * LoraLoader 12:
[2024-03-20 21:15]   - Value not in list: lora_name: 'archive-2\latent-consistency-lcm-lora-sdv1-5.safetensors' not in (list of length 1069)
[2024-03-20 21:15] Output will be ignored
[2024-03-20 21:15] Failed to validate prompt for output 329:
[2024-03-20 21:15] * ControlNetLoaderAdvanced 113:
[2024-03-20 21:15]   - Value not in list: control_net_name: 'ControlNet-v1-1\control_v11p_sd15_openpose.pth' not in (list of length 54)
[2024-03-20 21:15] * CR LoRA Stack 141:
[2024-03-20 21:15]   - Value not in list: lora_name_1: 'archive-1\beautiful_detailed_eyes.safetensors' not in (list of length 1070)
[2024-03-20 21:15] Output will be ignored
[2024-03-20 21:15] Failed to validate prompt for output 335:
[2024-03-20 21:15] Output will be ignored
[2024-03-20 21:15] Failed to validate prompt for output 89:
[2024-03-20 21:15] Output will be ignored
[2024-03-20 21:15] Failed to validate prompt for output 324:
[2024-03-20 21:15] Output will be ignored
[2024-03-20 21:15] got prompt
[2024-03-20 21:15] Failed to validate prompt for output 280:
[2024-03-20 21:15] * LoraLoader 12:
[2024-03-20 21:15]   - Value not in list: lora_name: 'archive-2\latent-consistency-lcm-lora-sdv1-5.safetensors' not in (list of length 1069)
[2024-03-20 21:15] Output will be ignored
[2024-03-20 21:15] Failed to validate prompt for output 329:
[2024-03-20 21:15] * ControlNetLoaderAdvanced 113:
[2024-03-20 21:15]   - Value not in list: control_net_name: 'ControlNet-v1-1\control_v11p_sd15_openpose.pth' not in (list of length 54)
[2024-03-20 21:15] * CR LoRA Stack 141:
[2024-03-20 21:15]   - Value not in list: lora_name_1: 'archive-1\beautiful_detailed_eyes.safetensors' not in (list of length 1070)
[2024-03-20 21:15] Output will be ignored
[2024-03-20 21:15] Failed to validate prompt for output 335:
[2024-03-20 21:15] Output will be ignored
[2024-03-20 21:15] Failed to validate prompt for output 89:
[2024-03-20 21:15] Output will be ignored
[2024-03-20 21:15] Failed to validate prompt for output 324:
[2024-03-20 21:15] Output will be ignored
[2024-03-20 21:15] got prompt
[2024-03-20 21:15] Failed to validate prompt for output 280:
[2024-03-20 21:15] * LoraLoader 12:
[2024-03-20 21:15]   - Value not in list: lora_name: 'archive-2\latent-consistency-lcm-lora-sdv1-5.safetensors' not in (list of length 1069)
[2024-03-20 21:15] Output will be ignored
[2024-03-20 21:15] Failed to validate prompt for output 329:
[2024-03-20 21:15] * ControlNetLoaderAdvanced 113:
[2024-03-20 21:15]   - Value not in list: control_net_name: 'ControlNet-v1-1\control_v11p_sd15_openpose.pth' not in (list of length 54)
[2024-03-20 21:15] * CR LoRA Stack 141:
[2024-03-20 21:15]   - Value not in list: lora_name_1: 'archive-1\beautiful_detailed_eyes.safetensors' not in (list of length 1070)
[2024-03-20 21:15] Output will be ignored
[2024-03-20 21:15] Failed to validate prompt for output 335:
[2024-03-20 21:15] Output will be ignored
[2024-03-20 21:15] Failed to validate prompt for output 89:
[2024-03-20 21:15] Output will be ignored
[2024-03-20 21:15] Failed to validate prompt for output 324:
[2024-03-20 21:15] Output will be ignored
[2024-03-20 21:15] got prompt
[2024-03-20 21:15] Failed to validate prompt for output 280:
[2024-03-20 21:15] * LoraLoader 12:
[2024-03-20 21:15]   - Value not in list: lora_name: 'archive-2\latent-consistency-lcm-lora-sdv1-5.safetensors' not in (list of length 1069)
[2024-03-20 21:15] Output will be ignored
[2024-03-20 21:15] Failed to validate prompt for output 329:
[2024-03-20 21:15] * ControlNetLoaderAdvanced 113:
[2024-03-20 21:15]   - Value not in list: control_net_name: 'ControlNet-v1-1\control_v11p_sd15_openpose.pth' not in (list of length 54)
[2024-03-20 21:15] * CR LoRA Stack 141:
[2024-03-20 21:15]   - Value not in list: lora_name_1: 'archive-1\beautiful_detailed_eyes.safetensors' not in (list of length 1070)
[2024-03-20 21:15] Output will be ignored
[2024-03-20 21:15] Failed to validate prompt for output 335:
[2024-03-20 21:15] Output will be ignored
[2024-03-20 21:15] Failed to validate prompt for output 89:
[2024-03-20 21:15] Output will be ignored
[2024-03-20 21:15] Failed to validate prompt for output 324:
[2024-03-20 21:15] Output will be ignored
[2024-03-20 21:15] got prompt
[2024-03-20 21:15] Failed to validate prompt for output 280:
[2024-03-20 21:15] * LoraLoader 12:
[2024-03-20 21:15] Prompt executed in 1.00 seconds
[2024-03-20 21:15] [32m[rgthree] Using rgthree's optimized recursive execution.[0m
[2024-03-20 21:15]   - Value not in list: lora_name: 'archive-2\latent-consistency-lcm-lora-sdv1-5.safetensors' not in (list of length 1069)
[2024-03-20 21:15] Output will be ignored
[2024-03-20 21:15] Failed to validate prompt for output 329:
[2024-03-20 21:15] * ControlNetLoaderAdvanced 113:
[2024-03-20 21:15]   - Value not in list: control_net_name: 'ControlNet-v1-1\control_v11p_sd15_openpose.pth' not in (list of length 54)
[2024-03-20 21:15] * CR LoRA Stack 141:
[2024-03-20 21:15]   - Value not in list: lora_name_1: 'archive-1\beautiful_detailed_eyes.safetensors' not in (list of length 1070)
[2024-03-20 21:15] Output will be ignored
[2024-03-20 21:15] Failed to validate prompt for output 335:
[2024-03-20 21:15] Output will be ignored
[2024-03-20 21:15] Failed to validate prompt for output 89:
[2024-03-20 21:15] Output will be ignored
[2024-03-20 21:15] Failed to validate prompt for output 324:
[2024-03-20 21:15] Output will be ignored
[2024-03-20 21:15] got prompt
[2024-03-20 21:15] Failed to validate prompt for output 280:
[2024-03-20 21:15] * LoraLoader 12:
[2024-03-20 21:15]   - Value not in list: lora_name: 'archive-2\latent-consistency-lcm-lora-sdv1-5.safetensors' not in (list of length 1069)
[2024-03-20 21:15] Output will be ignored
[2024-03-20 21:15] Failed to validate prompt for output 329:
[2024-03-20 21:15] * ControlNetLoaderAdvanced 113:
[2024-03-20 21:15]   - Value not in list: control_net_name: 'ControlNet-v1-1\control_v11p_sd15_openpose.pth' not in (list of length 54)
[2024-03-20 21:15] * CR LoRA Stack 141:
[2024-03-20 21:15]   - Value not in list: lora_name_1: 'archive-1\beautiful_detailed_eyes.safetensors' not in (list of length 1070)
[2024-03-20 21:15] Output will be ignored
[2024-03-20 21:15] Failed to validate prompt for output 335:
[2024-03-20 21:15] Output will be ignored
[2024-03-20 21:15] Failed to validate prompt for output 89:
[2024-03-20 21:15] Output will be ignored
[2024-03-20 21:15] Failed to validate prompt for output 324:
[2024-03-20 21:15] Output will be ignored
[2024-03-20 21:15] got prompt
[2024-03-20 21:15] Failed to validate prompt for output 280:
[2024-03-20 21:15] * LoraLoader 12:
[2024-03-20 21:15]   - Value not in list: lora_name: 'archive-2\latent-consistency-lcm-lora-sdv1-5.safetensors' not in (list of length 1069)
[2024-03-20 21:15] Output will be ignored
[2024-03-20 21:15] Failed to validate prompt for output 329:
[2024-03-20 21:15] * ControlNetLoaderAdvanced 113:
[2024-03-20 21:15]   - Value not in list: control_net_name: 'ControlNet-v1-1\control_v11p_sd15_openpose.pth' not in (list of length 54)
[2024-03-20 21:15] * CR LoRA Stack 141:
[2024-03-20 21:15]   - Value not in list: lora_name_1: 'archive-1\beautiful_detailed_eyes.safetensors' not in (list of length 1070)
[2024-03-20 21:15] Output will be ignored
[2024-03-20 21:15] Failed to validate prompt for output 335:
[2024-03-20 21:15] Output will be ignored
[2024-03-20 21:15] Failed to validate prompt for output 89:
[2024-03-20 21:15] Output will be ignored
[2024-03-20 21:15] Failed to validate prompt for output 324:
[2024-03-20 21:15] Output will be ignored
[2024-03-20 21:15] got prompt
[2024-03-20 21:15] Failed to validate prompt for output 280:
[2024-03-20 21:15] * LoraLoader 12:
[2024-03-20 21:15]   - Value not in list: lora_name: 'archive-2\latent-consistency-lcm-lora-sdv1-5.safetensors' not in (list of length 1069)
[2024-03-20 21:15] Output will be ignored
[2024-03-20 21:15] Failed to validate prompt for output 329:
[2024-03-20 21:15] * ControlNetLoaderAdvanced 113:
[2024-03-20 21:15]   - Value not in list: control_net_name: 'ControlNet-v1-1\control_v11p_sd15_openpose.pth' not in (list of length 54)
[2024-03-20 21:15] * CR LoRA Stack 141:
[2024-03-20 21:15]   - Value not in list: lora_name_1: 'archive-1\beautiful_detailed_eyes.safetensors' not in (list of length 1070)
[2024-03-20 21:15] Output will be ignored
[2024-03-20 21:15] Failed to validate prompt for output 335:
[2024-03-20 21:15] Output will be ignored
[2024-03-20 21:15] Failed to validate prompt for output 89:
[2024-03-20 21:15] Output will be ignored
[2024-03-20 21:15] Failed to validate prompt for output 324:
[2024-03-20 21:15] Output will be ignored
[2024-03-20 21:15] got prompt
[2024-03-20 21:15] Failed to validate prompt for output 280:
[2024-03-20 21:15] * LoraLoader 12:
[2024-03-20 21:15]   - Value not in list: lora_name: 'archive-2\latent-consistency-lcm-lora-sdv1-5.safetensors' not in (list of length 1069)
[2024-03-20 21:15] Output will be ignored
[2024-03-20 21:15] Failed to validate prompt for output 329:
[2024-03-20 21:15] * ControlNetLoaderAdvanced 113:
[2024-03-20 21:15]   - Value not in list: control_net_name: 'ControlNet-v1-1\control_v11p_sd15_openpose.pth' not in (list of length 54)
[2024-03-20 21:15] * CR LoRA Stack 141:
[2024-03-20 21:15]   - Value not in list: lora_name_1: 'archive-1\beautiful_detailed_eyes.safetensors' not in (list of length 1070)
[2024-03-20 21:15] Output will be ignored
[2024-03-20 21:15] Failed to validate prompt for output 335:
[2024-03-20 21:15] Output will be ignored
[2024-03-20 21:15] Failed to validate prompt for output 89:
[2024-03-20 21:15] Output will be ignored
[2024-03-20 21:15] Failed to validate prompt for output 324:
[2024-03-20 21:15] Output will be ignored
[2024-03-20 21:15] got prompt
[2024-03-20 21:15] Failed to validate prompt for output 280:
[2024-03-20 21:15] * LoraLoader 12:
[2024-03-20 21:15]   - Value not in list: lora_name: 'archive-2\latent-consistency-lcm-lora-sdv1-5.safetensors' not in (list of length 1069)
[2024-03-20 21:15] Output will be ignored
[2024-03-20 21:15] Failed to validate prompt for output 329:
[2024-03-20 21:15] * ControlNetLoaderAdvanced 113:
[2024-03-20 21:15]   - Value not in list: control_net_name: 'ControlNet-v1-1\control_v11p_sd15_openpose.pth' not in (list of length 54)
[2024-03-20 21:15] * CR LoRA Stack 141:
[2024-03-20 21:15]   - Value not in list: lora_name_1: 'archive-1\beautiful_detailed_eyes.safetensors' not in (list of length 1070)
[2024-03-20 21:15] Output will be ignored
[2024-03-20 21:15] Failed to validate prompt for output 335:
[2024-03-20 21:15] Output will be ignored
[2024-03-20 21:15] Failed to validate prompt for output 89:
[2024-03-20 21:15] Output will be ignored
[2024-03-20 21:15] Failed to validate prompt for output 324:
[2024-03-20 21:15] Output will be ignored
[2024-03-20 21:15] Prompt executed in 1.03 seconds
[2024-03-20 21:15] [32m[rgthree] Using rgthree's optimized recursive execution.[0m
[2024-03-20 21:15] got prompt
[2024-03-20 21:15] Failed to validate prompt for output 280:
[2024-03-20 21:15] * LoraLoader 12:
[2024-03-20 21:15]   - Value not in list: lora_name: 'archive-2\latent-consistency-lcm-lora-sdv1-5.safetensors' not in (list of length 1069)
[2024-03-20 21:15] Output will be ignored
[2024-03-20 21:15] Failed to validate prompt for output 329:
[2024-03-20 21:15] * ControlNetLoaderAdvanced 113:
[2024-03-20 21:15]   - Value not in list: control_net_name: 'ControlNet-v1-1\control_v11p_sd15_openpose.pth' not in (list of length 54)
[2024-03-20 21:15] * CR LoRA Stack 141:
[2024-03-20 21:15]   - Value not in list: lora_name_1: 'archive-1\beautiful_detailed_eyes.safetensors' not in (list of length 1070)
[2024-03-20 21:15] Output will be ignored
[2024-03-20 21:15] Failed to validate prompt for output 335:
[2024-03-20 21:15] Output will be ignored
[2024-03-20 21:15] Failed to validate prompt for output 89:
[2024-03-20 21:15] Output will be ignored
[2024-03-20 21:15] Failed to validate prompt for output 324:
[2024-03-20 21:15] Output will be ignored
[2024-03-20 21:15] got prompt
[2024-03-20 21:15] Failed to validate prompt for output 280:
[2024-03-20 21:15] * LoraLoader 12:
[2024-03-20 21:15]   - Value not in list: lora_name: 'archive-2\latent-consistency-lcm-lora-sdv1-5.safetensors' not in (list of length 1069)
[2024-03-20 21:15] Output will be ignored
[2024-03-20 21:15] Failed to validate prompt for output 329:
[2024-03-20 21:15] * ControlNetLoaderAdvanced 113:
[2024-03-20 21:15]   - Value not in list: control_net_name: 'ControlNet-v1-1\control_v11p_sd15_openpose.pth' not in (list of length 54)
[2024-03-20 21:15] * CR LoRA Stack 141:
[2024-03-20 21:15]   - Value not in list: lora_name_1: 'archive-1\beautiful_detailed_eyes.safetensors' not in (list of length 1070)
[2024-03-20 21:15] Output will be ignored
[2024-03-20 21:15] Failed to validate prompt for output 335:
[2024-03-20 21:15] Output will be ignored
[2024-03-20 21:15] Failed to validate prompt for output 89:
[2024-03-20 21:15] Output will be ignored
[2024-03-20 21:15] Failed to validate prompt for output 324:
[2024-03-20 21:15] Output will be ignored
[2024-03-20 21:15] got prompt
[2024-03-20 21:15] Failed to validate prompt for output 280:
[2024-03-20 21:15] * LoraLoader 12:
[2024-03-20 21:15]   - Value not in list: lora_name: 'archive-2\latent-consistency-lcm-lora-sdv1-5.safetensors' not in (list of length 1069)
[2024-03-20 21:15] Output will be ignored
[2024-03-20 21:15] Failed to validate prompt for output 329:
[2024-03-20 21:15] * ControlNetLoaderAdvanced 113:
[2024-03-20 21:15]   - Value not in list: control_net_name: 'ControlNet-v1-1\control_v11p_sd15_openpose.pth' not in (list of length 54)
[2024-03-20 21:15] * CR LoRA Stack 141:
[2024-03-20 21:15]   - Value not in list: lora_name_1: 'archive-1\beautiful_detailed_eyes.safetensors' not in (list of length 1070)
[2024-03-20 21:15] Output will be ignored
[2024-03-20 21:15] Failed to validate prompt for output 335:
[2024-03-20 21:15] Output will be ignored
[2024-03-20 21:15] Failed to validate prompt for output 89:
[2024-03-20 21:15] Output will be ignored
[2024-03-20 21:15] Failed to validate prompt for output 324:
[2024-03-20 21:15] Output will be ignored
[2024-03-20 21:15] got prompt
[2024-03-20 21:15] Failed to validate prompt for output 280:
[2024-03-20 21:15] * LoraLoader 12:
[2024-03-20 21:15]   - Value not in list: lora_name: 'archive-2\latent-consistency-lcm-lora-sdv1-5.safetensors' not in (list of length 1069)
[2024-03-20 21:15] Output will be ignored
[2024-03-20 21:15] Failed to validate prompt for output 329:
[2024-03-20 21:15] * ControlNetLoaderAdvanced 113:
[2024-03-20 21:15]   - Value not in list: control_net_name: 'ControlNet-v1-1\control_v11p_sd15_openpose.pth' not in (list of length 54)
[2024-03-20 21:15] * CR LoRA Stack 141:
[2024-03-20 21:15]   - Value not in list: lora_name_1: 'archive-1\beautiful_detailed_eyes.safetensors' not in (list of length 1070)
[2024-03-20 21:15] Output will be ignored
[2024-03-20 21:15] Failed to validate prompt for output 335:
[2024-03-20 21:15] Output will be ignored
[2024-03-20 21:15] Failed to validate prompt for output 89:
[2024-03-20 21:15] Output will be ignored
[2024-03-20 21:15] Failed to validate prompt for output 324:
[2024-03-20 21:15] Output will be ignored
[2024-03-20 21:15] got prompt
[2024-03-20 21:15] Failed to validate prompt for output 280:
[2024-03-20 21:15] * LoraLoader 12:
[2024-03-20 21:15]   - Value not in list: lora_name: 'archive-2\latent-consistency-lcm-lora-sdv1-5.safetensors' not in (list of length 1069)
[2024-03-20 21:15] Output will be ignored
[2024-03-20 21:15] Failed to validate prompt for output 329:
[2024-03-20 21:15] * ControlNetLoaderAdvanced 113:
[2024-03-20 21:15]   - Value not in list: control_net_name: 'ControlNet-v1-1\control_v11p_sd15_openpose.pth' not in (list of length 54)
[2024-03-20 21:15] * CR LoRA Stack 141:
[2024-03-20 21:15]   - Value not in list: lora_name_1: 'archive-1\beautiful_detailed_eyes.safetensors' not in (list of length 1070)
[2024-03-20 21:15] Output will be ignored
[2024-03-20 21:15] Failed to validate prompt for output 335:
[2024-03-20 21:15] Output will be ignored
[2024-03-20 21:15] Failed to validate prompt for output 89:
[2024-03-20 21:15] Output will be ignored
[2024-03-20 21:15] Failed to validate prompt for output 324:
[2024-03-20 21:15] Output will be ignored
[2024-03-20 21:15] got prompt
[2024-03-20 21:15] Failed to validate prompt for output 280:
[2024-03-20 21:15] * LoraLoader 12:
[2024-03-20 21:15]   - Value not in list: lora_name: 'archive-2\latent-consistency-lcm-lora-sdv1-5.safetensors' not in (list of length 1069)
[2024-03-20 21:15] Output will be ignored
[2024-03-20 21:15] Failed to validate prompt for output 329:
[2024-03-20 21:15] * ControlNetLoaderAdvanced 113:
[2024-03-20 21:15]   - Value not in list: control_net_name: 'ControlNet-v1-1\control_v11p_sd15_openpose.pth' not in (list of length 54)
[2024-03-20 21:15] * CR LoRA Stack 141:
[2024-03-20 21:15]   - Value not in list: lora_name_1: 'archive-1\beautiful_detailed_eyes.safetensors' not in (list of length 1070)
[2024-03-20 21:15] Output will be ignored
[2024-03-20 21:15] Failed to validate prompt for output 335:
[2024-03-20 21:15] Output will be ignored
[2024-03-20 21:15] Failed to validate prompt for output 89:
[2024-03-20 21:15] Output will be ignored
[2024-03-20 21:15] Failed to validate prompt for output 324:
[2024-03-20 21:15] Output will be ignored
[2024-03-20 21:15] got prompt
[2024-03-20 21:15] Failed to validate prompt for output 280:
[2024-03-20 21:15] * LoraLoader 12:
[2024-03-20 21:15]   - Value not in list: lora_name: 'archive-2\latent-consistency-lcm-lora-sdv1-5.safetensors' not in (list of length 1069)
[2024-03-20 21:15] Output will be ignored
[2024-03-20 21:15] Prompt executed in 0.93 seconds
[2024-03-20 21:15] [32m[rgthree] Using rgthree's optimized recursive execution.[0m
[2024-03-20 21:15] Failed to validate prompt for output 329:
[2024-03-20 21:15] * ControlNetLoaderAdvanced 113:
[2024-03-20 21:15]   - Value not in list: control_net_name: 'ControlNet-v1-1\control_v11p_sd15_openpose.pth' not in (list of length 54)
[2024-03-20 21:15] * CR LoRA Stack 141:
[2024-03-20 21:15]   - Value not in list: lora_name_1: 'archive-1\beautiful_detailed_eyes.safetensors' not in (list of length 1070)
[2024-03-20 21:15] Output will be ignored
[2024-03-20 21:15] Failed to validate prompt for output 335:
[2024-03-20 21:15] Output will be ignored
[2024-03-20 21:15] Failed to validate prompt for output 89:
[2024-03-20 21:15] Output will be ignored
[2024-03-20 21:15] Failed to validate prompt for output 324:
[2024-03-20 21:15] Output will be ignored
[2024-03-20 21:15] got prompt
[2024-03-20 21:15] Failed to validate prompt for output 280:
[2024-03-20 21:15] * LoraLoader 12:
[2024-03-20 21:15]   - Value not in list: lora_name: 'archive-2\latent-consistency-lcm-lora-sdv1-5.safetensors' not in (list of length 1069)
[2024-03-20 21:15] Output will be ignored
[2024-03-20 21:15] Failed to validate prompt for output 329:
[2024-03-20 21:15] * ControlNetLoaderAdvanced 113:
[2024-03-20 21:15]   - Value not in list: control_net_name: 'ControlNet-v1-1\control_v11p_sd15_openpose.pth' not in (list of length 54)
[2024-03-20 21:15] * CR LoRA Stack 141:
[2024-03-20 21:15]   - Value not in list: lora_name_1: 'archive-1\beautiful_detailed_eyes.safetensors' not in (list of length 1070)
[2024-03-20 21:15] Output will be ignored
[2024-03-20 21:15] Failed to validate prompt for output 335:
[2024-03-20 21:15] Output will be ignored
[2024-03-20 21:15] Failed to validate prompt for output 89:
[2024-03-20 21:15] Output will be ignored
[2024-03-20 21:15] Failed to validate prompt for output 324:
[2024-03-20 21:15] Output will be ignored
[2024-03-20 21:15] got prompt
[2024-03-20 21:15] Failed to validate prompt for output 280:
[2024-03-20 21:15] * LoraLoader 12:
[2024-03-20 21:15]   - Value not in list: lora_name: 'archive-2\latent-consistency-lcm-lora-sdv1-5.safetensors' not in (list of length 1069)
[2024-03-20 21:15] Output will be ignored
[2024-03-20 21:15] Failed to validate prompt for output 329:
[2024-03-20 21:15] * ControlNetLoaderAdvanced 113:
[2024-03-20 21:15]   - Value not in list: control_net_name: 'ControlNet-v1-1\control_v11p_sd15_openpose.pth' not in (list of length 54)
[2024-03-20 21:15] * CR LoRA Stack 141:
[2024-03-20 21:15]   - Value not in list: lora_name_1: 'archive-1\beautiful_detailed_eyes.safetensors' not in (list of length 1070)
[2024-03-20 21:15] Output will be ignored
[2024-03-20 21:15] Failed to validate prompt for output 335:
[2024-03-20 21:15] Output will be ignored
[2024-03-20 21:15] Failed to validate prompt for output 89:
[2024-03-20 21:15] Output will be ignored
[2024-03-20 21:15] Failed to validate prompt for output 324:
[2024-03-20 21:15] Output will be ignored
[2024-03-20 21:15] got prompt
[2024-03-20 21:15] Failed to validate prompt for output 280:
[2024-03-20 21:15] * LoraLoader 12:
[2024-03-20 21:15]   - Value not in list: lora_name: 'archive-2\latent-consistency-lcm-lora-sdv1-5.safetensors' not in (list of length 1069)
[2024-03-20 21:15] Output will be ignored
[2024-03-20 21:15] Failed to validate prompt for output 329:
[2024-03-20 21:15] * ControlNetLoaderAdvanced 113:
[2024-03-20 21:15]   - Value not in list: control_net_name: 'ControlNet-v1-1\control_v11p_sd15_openpose.pth' not in (list of length 54)
[2024-03-20 21:15] * CR LoRA Stack 141:
[2024-03-20 21:15]   - Value not in list: lora_name_1: 'archive-1\beautiful_detailed_eyes.safetensors' not in (list of length 1070)
[2024-03-20 21:15] Output will be ignored
[2024-03-20 21:15] Failed to validate prompt for output 335:
[2024-03-20 21:15] Output will be ignored
[2024-03-20 21:15] Failed to validate prompt for output 89:
[2024-03-20 21:15] Output will be ignored
[2024-03-20 21:15] Failed to validate prompt for output 324:
[2024-03-20 21:15] Output will be ignored
[2024-03-20 21:15] got prompt
[2024-03-20 21:15] Failed to validate prompt for output 280:
[2024-03-20 21:15] * LoraLoader 12:
[2024-03-20 21:15]   - Value not in list: lora_name: 'archive-2\latent-consistency-lcm-lora-sdv1-5.safetensors' not in (list of length 1069)
[2024-03-20 21:15] Output will be ignored
[2024-03-20 21:15] Failed to validate prompt for output 329:
[2024-03-20 21:15] * ControlNetLoaderAdvanced 113:
[2024-03-20 21:15]   - Value not in list: control_net_name: 'ControlNet-v1-1\control_v11p_sd15_openpose.pth' not in (list of length 54)
[2024-03-20 21:15] * CR LoRA Stack 141:
[2024-03-20 21:15]   - Value not in list: lora_name_1: 'archive-1\beautiful_detailed_eyes.safetensors' not in (list of length 1070)
[2024-03-20 21:15] Output will be ignored
[2024-03-20 21:15] Failed to validate prompt for output 335:
[2024-03-20 21:15] Output will be ignored
[2024-03-20 21:15] Failed to validate prompt for output 89:
[2024-03-20 21:15] Output will be ignored
[2024-03-20 21:15] Failed to validate prompt for output 324:
[2024-03-20 21:15] Output will be ignored
[2024-03-20 21:15] got prompt
[2024-03-20 21:15] Failed to validate prompt for output 280:
[2024-03-20 21:15] * LoraLoader 12:
[2024-03-20 21:15]   - Value not in list: lora_name: 'archive-2\latent-consistency-lcm-lora-sdv1-5.safetensors' not in (list of length 1069)
[2024-03-20 21:15] Output will be ignored
[2024-03-20 21:15] Failed to validate prompt for output 329:
[2024-03-20 21:15] * ControlNetLoaderAdvanced 113:
[2024-03-20 21:15]   - Value not in list: control_net_name: 'ControlNet-v1-1\control_v11p_sd15_openpose.pth' not in (list of length 54)
[2024-03-20 21:15] * CR LoRA Stack 141:
[2024-03-20 21:15]   - Value not in list: lora_name_1: 'archive-1\beautiful_detailed_eyes.safetensors' not in (list of length 1070)
[2024-03-20 21:15] Output will be ignored
[2024-03-20 21:15] Failed to validate prompt for output 335:
[2024-03-20 21:15] Output will be ignored
[2024-03-20 21:15] Failed to validate prompt for output 89:
[2024-03-20 21:15] Output will be ignored
[2024-03-20 21:15] Failed to validate prompt for output 324:
[2024-03-20 21:15] Output will be ignored
[2024-03-20 21:15] got prompt
[2024-03-20 21:15] Failed to validate prompt for output 280:
[2024-03-20 21:15] * LoraLoader 12:
[2024-03-20 21:15]   - Value not in list: lora_name: 'archive-2\latent-consistency-lcm-lora-sdv1-5.safetensors' not in (list of length 1069)
[2024-03-20 21:15] Output will be ignored
[2024-03-20 21:15] Failed to validate prompt for output 329:
[2024-03-20 21:15] * ControlNetLoaderAdvanced 113:
[2024-03-20 21:15]   - Value not in list: control_net_name: 'ControlNet-v1-1\control_v11p_sd15_openpose.pth' not in (list of length 54)
[2024-03-20 21:15] * CR LoRA Stack 141:
[2024-03-20 21:15]   - Value not in list: lora_name_1: 'archive-1\beautiful_detailed_eyes.safetensors' not in (list of length 1070)
[2024-03-20 21:15] Output will be ignored
[2024-03-20 21:15] Failed to validate prompt for output 335:
[2024-03-20 21:15] Output will be ignored
[2024-03-20 21:15] Failed to validate prompt for output 89:
[2024-03-20 21:15] Output will be ignored
[2024-03-20 21:15] Failed to validate prompt for output 324:
[2024-03-20 21:15] Output will be ignored
[2024-03-20 21:15] got prompt
[2024-03-20 21:15] Prompt executed in 1.08 seconds
[2024-03-20 21:15] [32m[rgthree] Using rgthree's optimized recursive execution.[0m
[2024-03-20 21:15] Failed to validate prompt for output 280:
[2024-03-20 21:15] * LoraLoader 12:
[2024-03-20 21:15]   - Value not in list: lora_name: 'archive-2\latent-consistency-lcm-lora-sdv1-5.safetensors' not in (list of length 1069)
[2024-03-20 21:15] Output will be ignored
[2024-03-20 21:15] Failed to validate prompt for output 329:
[2024-03-20 21:15] * ControlNetLoaderAdvanced 113:
[2024-03-20 21:15]   - Value not in list: control_net_name: 'ControlNet-v1-1\control_v11p_sd15_openpose.pth' not in (list of length 54)
[2024-03-20 21:15] * CR LoRA Stack 141:
[2024-03-20 21:15]   - Value not in list: lora_name_1: 'archive-1\beautiful_detailed_eyes.safetensors' not in (list of length 1070)
[2024-03-20 21:15] Output will be ignored
[2024-03-20 21:15] Failed to validate prompt for output 335:
[2024-03-20 21:15] Output will be ignored
[2024-03-20 21:15] Failed to validate prompt for output 89:
[2024-03-20 21:15] Output will be ignored
[2024-03-20 21:15] Failed to validate prompt for output 324:
[2024-03-20 21:15] Output will be ignored
[2024-03-20 21:15] got prompt
[2024-03-20 21:15] Failed to validate prompt for output 280:
[2024-03-20 21:15] * LoraLoader 12:
[2024-03-20 21:15]   - Value not in list: lora_name: 'archive-2\latent-consistency-lcm-lora-sdv1-5.safetensors' not in (list of length 1069)
[2024-03-20 21:15] Output will be ignored
[2024-03-20 21:15] Failed to validate prompt for output 329:
[2024-03-20 21:15] * ControlNetLoaderAdvanced 113:
[2024-03-20 21:15]   - Value not in list: control_net_name: 'ControlNet-v1-1\control_v11p_sd15_openpose.pth' not in (list of length 54)
[2024-03-20 21:15] * CR LoRA Stack 141:
[2024-03-20 21:15]   - Value not in list: lora_name_1: 'archive-1\beautiful_detailed_eyes.safetensors' not in (list of length 1070)
[2024-03-20 21:15] Output will be ignored
[2024-03-20 21:15] Failed to validate prompt for output 335:
[2024-03-20 21:15] Output will be ignored
[2024-03-20 21:15] Failed to validate prompt for output 89:
[2024-03-20 21:15] Output will be ignored
[2024-03-20 21:15] Failed to validate prompt for output 324:
[2024-03-20 21:15] Output will be ignored
[2024-03-20 21:15] got prompt
[2024-03-20 21:15] Failed to validate prompt for output 280:
[2024-03-20 21:15] * LoraLoader 12:
[2024-03-20 21:15]   - Value not in list: lora_name: 'archive-2\latent-consistency-lcm-lora-sdv1-5.safetensors' not in (list of length 1069)
[2024-03-20 21:15] Output will be ignored
[2024-03-20 21:15] Failed to validate prompt for output 329:
[2024-03-20 21:15] * ControlNetLoaderAdvanced 113:
[2024-03-20 21:15]   - Value not in list: control_net_name: 'ControlNet-v1-1\control_v11p_sd15_openpose.pth' not in (list of length 54)
[2024-03-20 21:15] * CR LoRA Stack 141:
[2024-03-20 21:15]   - Value not in list: lora_name_1: 'archive-1\beautiful_detailed_eyes.safetensors' not in (list of length 1070)
[2024-03-20 21:15] Output will be ignored
[2024-03-20 21:15] Failed to validate prompt for output 335:
[2024-03-20 21:15] Output will be ignored
[2024-03-20 21:15] Failed to validate prompt for output 89:
[2024-03-20 21:15] Output will be ignored
[2024-03-20 21:15] Failed to validate prompt for output 324:
[2024-03-20 21:15] Output will be ignored
[2024-03-20 21:15] got prompt
[2024-03-20 21:15] Failed to validate prompt for output 280:
[2024-03-20 21:15] * LoraLoader 12:
[2024-03-20 21:15]   - Value not in list: lora_name: 'archive-2\latent-consistency-lcm-lora-sdv1-5.safetensors' not in (list of length 1069)
[2024-03-20 21:15] Output will be ignored
[2024-03-20 21:15] Failed to validate prompt for output 329:
[2024-03-20 21:15] * ControlNetLoaderAdvanced 113:
[2024-03-20 21:15]   - Value not in list: control_net_name: 'ControlNet-v1-1\control_v11p_sd15_openpose.pth' not in (list of length 54)
[2024-03-20 21:15] * CR LoRA Stack 141:
[2024-03-20 21:15]   - Value not in list: lora_name_1: 'archive-1\beautiful_detailed_eyes.safetensors' not in (list of length 1070)
[2024-03-20 21:15] Output will be ignored
[2024-03-20 21:15] Failed to validate prompt for output 335:
[2024-03-20 21:15] Output will be ignored
[2024-03-20 21:15] Failed to validate prompt for output 89:
[2024-03-20 21:15] Output will be ignored
[2024-03-20 21:15] Failed to validate prompt for output 324:
[2024-03-20 21:15] Output will be ignored
[2024-03-20 21:15] got prompt
[2024-03-20 21:15] Failed to validate prompt for output 280:
[2024-03-20 21:15] * LoraLoader 12:
[2024-03-20 21:15]   - Value not in list: lora_name: 'archive-2\latent-consistency-lcm-lora-sdv1-5.safetensors' not in (list of length 1069)
[2024-03-20 21:15] Output will be ignored
[2024-03-20 21:15] Failed to validate prompt for output 329:
[2024-03-20 21:15] * ControlNetLoaderAdvanced 113:
[2024-03-20 21:15]   - Value not in list: control_net_name: 'ControlNet-v1-1\control_v11p_sd15_openpose.pth' not in (list of length 54)
[2024-03-20 21:15] * CR LoRA Stack 141:
[2024-03-20 21:15]   - Value not in list: lora_name_1: 'archive-1\beautiful_detailed_eyes.safetensors' not in (list of length 1070)
[2024-03-20 21:15] Output will be ignored
[2024-03-20 21:15] Failed to validate prompt for output 335:
[2024-03-20 21:15] Output will be ignored
[2024-03-20 21:15] Failed to validate prompt for output 89:
[2024-03-20 21:15] Output will be ignored
[2024-03-20 21:15] Failed to validate prompt for output 324:
[2024-03-20 21:15] Output will be ignored
[2024-03-20 21:15] got prompt
[2024-03-20 21:15] Failed to validate prompt for output 280:
[2024-03-20 21:15] * LoraLoader 12:
[2024-03-20 21:15]   - Value not in list: lora_name: 'archive-2\latent-consistency-lcm-lora-sdv1-5.safetensors' not in (list of length 1069)
[2024-03-20 21:15] Output will be ignored
[2024-03-20 21:15] Failed to validate prompt for output 329:
[2024-03-20 21:15] * ControlNetLoaderAdvanced 113:
[2024-03-20 21:15]   - Value not in list: control_net_name: 'ControlNet-v1-1\control_v11p_sd15_openpose.pth' not in (list of length 54)
[2024-03-20 21:15] * CR LoRA Stack 141:
[2024-03-20 21:15]   - Value not in list: lora_name_1: 'archive-1\beautiful_detailed_eyes.safetensors' not in (list of length 1070)
[2024-03-20 21:15] Output will be ignored
[2024-03-20 21:15] Failed to validate prompt for output 335:
[2024-03-20 21:15] Output will be ignored
[2024-03-20 21:15] Failed to validate prompt for output 89:
[2024-03-20 21:15] Output will be ignored
[2024-03-20 21:15] Failed to validate prompt for output 324:
[2024-03-20 21:15] Output will be ignored
[2024-03-20 21:15] got prompt
[2024-03-20 21:15] Prompt executed in 1.15 seconds
[2024-03-20 21:15] [32m[rgthree] Using rgthree's optimized recursive execution.[0m
[2024-03-20 21:15] Failed to validate prompt for output 280:
[2024-03-20 21:15] * LoraLoader 12:
[2024-03-20 21:15]   - Value not in list: lora_name: 'archive-2\latent-consistency-lcm-lora-sdv1-5.safetensors' not in (list of length 1069)
[2024-03-20 21:15] Output will be ignored
[2024-03-20 21:15] Failed to validate prompt for output 329:
[2024-03-20 21:15] * ControlNetLoaderAdvanced 113:
[2024-03-20 21:15]   - Value not in list: control_net_name: 'ControlNet-v1-1\control_v11p_sd15_openpose.pth' not in (list of length 54)
[2024-03-20 21:15] * CR LoRA Stack 141:
[2024-03-20 21:15]   - Value not in list: lora_name_1: 'archive-1\beautiful_detailed_eyes.safetensors' not in (list of length 1070)
[2024-03-20 21:15] Output will be ignored
[2024-03-20 21:15] Failed to validate prompt for output 335:
[2024-03-20 21:15] Output will be ignored
[2024-03-20 21:15] Failed to validate prompt for output 89:
[2024-03-20 21:15] Output will be ignored
[2024-03-20 21:15] Failed to validate prompt for output 324:
[2024-03-20 21:15] Output will be ignored
[2024-03-20 21:15] got prompt
[2024-03-20 21:15] Failed to validate prompt for output 280:
[2024-03-20 21:15] * LoraLoader 12:
[2024-03-20 21:15]   - Value not in list: lora_name: 'archive-2\latent-consistency-lcm-lora-sdv1-5.safetensors' not in (list of length 1069)
[2024-03-20 21:15] Output will be ignored
[2024-03-20 21:15] Failed to validate prompt for output 329:
[2024-03-20 21:15] * ControlNetLoaderAdvanced 113:
[2024-03-20 21:15]   - Value not in list: control_net_name: 'ControlNet-v1-1\control_v11p_sd15_openpose.pth' not in (list of length 54)
[2024-03-20 21:15] * CR LoRA Stack 141:
[2024-03-20 21:15]   - Value not in list: lora_name_1: 'archive-1\beautiful_detailed_eyes.safetensors' not in (list of length 1070)
[2024-03-20 21:15] Output will be ignored
[2024-03-20 21:15] Failed to validate prompt for output 335:
[2024-03-20 21:15] Output will be ignored
[2024-03-20 21:15] Failed to validate prompt for output 89:
[2024-03-20 21:15] Output will be ignored
[2024-03-20 21:15] Failed to validate prompt for output 324:
[2024-03-20 21:15] Output will be ignored
[2024-03-20 21:15] got prompt
[2024-03-20 21:15] Failed to validate prompt for output 280:
[2024-03-20 21:15] * LoraLoader 12:
[2024-03-20 21:15]   - Value not in list: lora_name: 'archive-2\latent-consistency-lcm-lora-sdv1-5.safetensors' not in (list of length 1069)
[2024-03-20 21:15] Output will be ignored
[2024-03-20 21:15] Failed to validate prompt for output 329:
[2024-03-20 21:15] * ControlNetLoaderAdvanced 113:
[2024-03-20 21:15]   - Value not in list: control_net_name: 'ControlNet-v1-1\control_v11p_sd15_openpose.pth' not in (list of length 54)
[2024-03-20 21:15] * CR LoRA Stack 141:
[2024-03-20 21:15]   - Value not in list: lora_name_1: 'archive-1\beautiful_detailed_eyes.safetensors' not in (list of length 1070)
[2024-03-20 21:15] Output will be ignored
[2024-03-20 21:15] Failed to validate prompt for output 335:
[2024-03-20 21:15] Output will be ignored
[2024-03-20 21:15] Failed to validate prompt for output 89:
[2024-03-20 21:15] Output will be ignored
[2024-03-20 21:15] Failed to validate prompt for output 324:
[2024-03-20 21:15] Output will be ignored
[2024-03-20 21:15] got prompt
[2024-03-20 21:15] Failed to validate prompt for output 280:
[2024-03-20 21:15] * LoraLoader 12:
[2024-03-20 21:15]   - Value not in list: lora_name: 'archive-2\latent-consistency-lcm-lora-sdv1-5.safetensors' not in (list of length 1069)
[2024-03-20 21:15] Output will be ignored
[2024-03-20 21:15] Failed to validate prompt for output 329:
[2024-03-20 21:15] * ControlNetLoaderAdvanced 113:
[2024-03-20 21:15]   - Value not in list: control_net_name: 'ControlNet-v1-1\control_v11p_sd15_openpose.pth' not in (list of length 54)
[2024-03-20 21:15] * CR LoRA Stack 141:
[2024-03-20 21:15]   - Value not in list: lora_name_1: 'archive-1\beautiful_detailed_eyes.safetensors' not in (list of length 1070)
[2024-03-20 21:15] Output will be ignored
[2024-03-20 21:15] Failed to validate prompt for output 335:
[2024-03-20 21:15] Output will be ignored
[2024-03-20 21:15] Failed to validate prompt for output 89:
[2024-03-20 21:15] Output will be ignored
[2024-03-20 21:15] Failed to validate prompt for output 324:
[2024-03-20 21:15] Output will be ignored
[2024-03-20 21:15] got prompt
[2024-03-20 21:15] Failed to validate prompt for output 280:
[2024-03-20 21:15] * LoraLoader 12:
[2024-03-20 21:15]   - Value not in list: lora_name: 'archive-2\latent-consistency-lcm-lora-sdv1-5.safetensors' not in (list of length 1069)
[2024-03-20 21:15] Output will be ignored
[2024-03-20 21:15] Failed to validate prompt for output 329:
[2024-03-20 21:15] * ControlNetLoaderAdvanced 113:
[2024-03-20 21:15]   - Value not in list: control_net_name: 'ControlNet-v1-1\control_v11p_sd15_openpose.pth' not in (list of length 54)
[2024-03-20 21:15] * CR LoRA Stack 141:
[2024-03-20 21:15]   - Value not in list: lora_name_1: 'archive-1\beautiful_detailed_eyes.safetensors' not in (list of length 1070)
[2024-03-20 21:15] Output will be ignored
[2024-03-20 21:15] Failed to validate prompt for output 335:
[2024-03-20 21:15] Output will be ignored
[2024-03-20 21:15] Failed to validate prompt for output 89:
[2024-03-20 21:15] Output will be ignored
[2024-03-20 21:15] Failed to validate prompt for output 324:
[2024-03-20 21:15] Output will be ignored
[2024-03-20 21:15] got prompt
[2024-03-20 21:15] Failed to validate prompt for output 280:
[2024-03-20 21:15] * LoraLoader 12:
[2024-03-20 21:15]   - Value not in list: lora_name: 'archive-2\latent-consistency-lcm-lora-sdv1-5.safetensors' not in (list of length 1069)
[2024-03-20 21:15] Output will be ignored
[2024-03-20 21:15] Prompt executed in 0.97 seconds
[2024-03-20 21:15] [32m[rgthree] Using rgthree's optimized recursive execution.[0m
[2024-03-20 21:15] Failed to validate prompt for output 329:
[2024-03-20 21:15] * ControlNetLoaderAdvanced 113:
[2024-03-20 21:15]   - Value not in list: control_net_name: 'ControlNet-v1-1\control_v11p_sd15_openpose.pth' not in (list of length 54)
[2024-03-20 21:15] * CR LoRA Stack 141:
[2024-03-20 21:15]   - Value not in list: lora_name_1: 'archive-1\beautiful_detailed_eyes.safetensors' not in (list of length 1070)
[2024-03-20 21:15] Output will be ignored
[2024-03-20 21:15] Failed to validate prompt for output 335:
[2024-03-20 21:15] Output will be ignored
[2024-03-20 21:15] Failed to validate prompt for output 89:
[2024-03-20 21:15] Output will be ignored
[2024-03-20 21:15] Failed to validate prompt for output 324:
[2024-03-20 21:15] Output will be ignored
[2024-03-20 21:15] got prompt
[2024-03-20 21:15] Failed to validate prompt for output 280:
[2024-03-20 21:15] * LoraLoader 12:
[2024-03-20 21:15]   - Value not in list: lora_name: 'archive-2\latent-consistency-lcm-lora-sdv1-5.safetensors' not in (list of length 1069)
[2024-03-20 21:15] Output will be ignored
[2024-03-20 21:15] Failed to validate prompt for output 329:
[2024-03-20 21:15] * ControlNetLoaderAdvanced 113:
[2024-03-20 21:15]   - Value not in list: control_net_name: 'ControlNet-v1-1\control_v11p_sd15_openpose.pth' not in (list of length 54)
[2024-03-20 21:15] * CR LoRA Stack 141:
[2024-03-20 21:15]   - Value not in list: lora_name_1: 'archive-1\beautiful_detailed_eyes.safetensors' not in (list of length 1070)
[2024-03-20 21:15] Output will be ignored
[2024-03-20 21:15] Failed to validate prompt for output 335:
[2024-03-20 21:15] Output will be ignored
[2024-03-20 21:15] Failed to validate prompt for output 89:
[2024-03-20 21:15] Output will be ignored
[2024-03-20 21:15] Failed to validate prompt for output 324:
[2024-03-20 21:15] Output will be ignored
[2024-03-20 21:15] got prompt
[2024-03-20 21:15] Failed to validate prompt for output 280:
[2024-03-20 21:15] * LoraLoader 12:
[2024-03-20 21:15]   - Value not in list: lora_name: 'archive-2\latent-consistency-lcm-lora-sdv1-5.safetensors' not in (list of length 1069)
[2024-03-20 21:15] Output will be ignored
[2024-03-20 21:15] Failed to validate prompt for output 329:
[2024-03-20 21:15] * ControlNetLoaderAdvanced 113:
[2024-03-20 21:15]   - Value not in list: control_net_name: 'ControlNet-v1-1\control_v11p_sd15_openpose.pth' not in (list of length 54)
[2024-03-20 21:15] * CR LoRA Stack 141:
[2024-03-20 21:15]   - Value not in list: lora_name_1: 'archive-1\beautiful_detailed_eyes.safetensors' not in (list of length 1070)
[2024-03-20 21:15] Output will be ignored
[2024-03-20 21:15] Failed to validate prompt for output 335:
[2024-03-20 21:15] Output will be ignored
[2024-03-20 21:15] Failed to validate prompt for output 89:
[2024-03-20 21:15] Output will be ignored
[2024-03-20 21:15] Failed to validate prompt for output 324:
[2024-03-20 21:15] Output will be ignored
[2024-03-20 21:15] got prompt
[2024-03-20 21:15] Failed to validate prompt for output 280:
[2024-03-20 21:15] * LoraLoader 12:
[2024-03-20 21:15]   - Value not in list: lora_name: 'archive-2\latent-consistency-lcm-lora-sdv1-5.safetensors' not in (list of length 1069)
[2024-03-20 21:15] Output will be ignored
[2024-03-20 21:15] Failed to validate prompt for output 329:
[2024-03-20 21:15] * ControlNetLoaderAdvanced 113:
[2024-03-20 21:15]   - Value not in list: control_net_name: 'ControlNet-v1-1\control_v11p_sd15_openpose.pth' not in (list of length 54)
[2024-03-20 21:15] * CR LoRA Stack 141:
[2024-03-20 21:15]   - Value not in list: lora_name_1: 'archive-1\beautiful_detailed_eyes.safetensors' not in (list of length 1070)
[2024-03-20 21:15] Output will be ignored
[2024-03-20 21:15] Failed to validate prompt for output 335:
[2024-03-20 21:15] Output will be ignored
[2024-03-20 21:15] Failed to validate prompt for output 89:
[2024-03-20 21:15] Output will be ignored
[2024-03-20 21:15] Failed to validate prompt for output 324:
[2024-03-20 21:15] Output will be ignored
[2024-03-20 21:15] got prompt
[2024-03-20 21:15] Failed to validate prompt for output 280:
[2024-03-20 21:15] * LoraLoader 12:
[2024-03-20 21:15]   - Value not in list: lora_name: 'archive-2\latent-consistency-lcm-lora-sdv1-5.safetensors' not in (list of length 1069)
[2024-03-20 21:15] Output will be ignored
[2024-03-20 21:15] Failed to validate prompt for output 329:
[2024-03-20 21:15] * ControlNetLoaderAdvanced 113:
[2024-03-20 21:15]   - Value not in list: control_net_name: 'ControlNet-v1-1\control_v11p_sd15_openpose.pth' not in (list of length 54)
[2024-03-20 21:15] * CR LoRA Stack 141:
[2024-03-20 21:15]   - Value not in list: lora_name_1: 'archive-1\beautiful_detailed_eyes.safetensors' not in (list of length 1070)
[2024-03-20 21:15] Output will be ignored
[2024-03-20 21:15] Failed to validate prompt for output 335:
[2024-03-20 21:15] Output will be ignored
[2024-03-20 21:15] Failed to validate prompt for output 89:
[2024-03-20 21:15] Output will be ignored
[2024-03-20 21:15] Failed to validate prompt for output 324:
[2024-03-20 21:15] Output will be ignored
[2024-03-20 21:15] got prompt
[2024-03-20 21:15] Failed to validate prompt for output 280:
[2024-03-20 21:15] * LoraLoader 12:
[2024-03-20 21:15]   - Value not in list: lora_name: 'archive-2\latent-consistency-lcm-lora-sdv1-5.safetensors' not in (list of length 1069)
[2024-03-20 21:15] Output will be ignored
[2024-03-20 21:15] Failed to validate prompt for output 329:
[2024-03-20 21:15] * ControlNetLoaderAdvanced 113:
[2024-03-20 21:15]   - Value not in list: control_net_name: 'ControlNet-v1-1\control_v11p_sd15_openpose.pth' not in (list of length 54)
[2024-03-20 21:15] * CR LoRA Stack 141:
[2024-03-20 21:15]   - Value not in list: lora_name_1: 'archive-1\beautiful_detailed_eyes.safetensors' not in (list of length 1070)
[2024-03-20 21:15] Output will be ignored
[2024-03-20 21:15] Failed to validate prompt for output 335:
[2024-03-20 21:15] Output will be ignored
[2024-03-20 21:15] Failed to validate prompt for output 89:
[2024-03-20 21:15] Output will be ignored
[2024-03-20 21:15] Failed to validate prompt for output 324:
[2024-03-20 21:15] Output will be ignored
[2024-03-20 21:15] got prompt
[2024-03-20 21:15] Prompt executed in 0.86 seconds
[2024-03-20 21:15] [32m[rgthree] Using rgthree's optimized recursive execution.[0m
[2024-03-20 21:15] Failed to validate prompt for output 280:
[2024-03-20 21:15] * LoraLoader 12:
[2024-03-20 21:15]   - Value not in list: lora_name: 'archive-2\latent-consistency-lcm-lora-sdv1-5.safetensors' not in (list of length 1069)
[2024-03-20 21:15] Output will be ignored
[2024-03-20 21:15] Failed to validate prompt for output 329:
[2024-03-20 21:15] * ControlNetLoaderAdvanced 113:
[2024-03-20 21:15]   - Value not in list: control_net_name: 'ControlNet-v1-1\control_v11p_sd15_openpose.pth' not in (list of length 54)
[2024-03-20 21:15] * CR LoRA Stack 141:
[2024-03-20 21:15]   - Value not in list: lora_name_1: 'archive-1\beautiful_detailed_eyes.safetensors' not in (list of length 1070)
[2024-03-20 21:15] Output will be ignored
[2024-03-20 21:15] Failed to validate prompt for output 335:
[2024-03-20 21:15] Output will be ignored
[2024-03-20 21:15] Failed to validate prompt for output 89:
[2024-03-20 21:15] Output will be ignored
[2024-03-20 21:15] Failed to validate prompt for output 324:
[2024-03-20 21:15] Output will be ignored
[2024-03-20 21:15] got prompt
[2024-03-20 21:15] Failed to validate prompt for output 280:
[2024-03-20 21:15] * LoraLoader 12:
[2024-03-20 21:15]   - Value not in list: lora_name: 'archive-2\latent-consistency-lcm-lora-sdv1-5.safetensors' not in (list of length 1069)
[2024-03-20 21:15] Output will be ignored
[2024-03-20 21:15] Failed to validate prompt for output 329:
[2024-03-20 21:15] * ControlNetLoaderAdvanced 113:
[2024-03-20 21:15]   - Value not in list: control_net_name: 'ControlNet-v1-1\control_v11p_sd15_openpose.pth' not in (list of length 54)
[2024-03-20 21:15] * CR LoRA Stack 141:
[2024-03-20 21:15]   - Value not in list: lora_name_1: 'archive-1\beautiful_detailed_eyes.safetensors' not in (list of length 1070)
[2024-03-20 21:15] Output will be ignored
[2024-03-20 21:15] Failed to validate prompt for output 335:
[2024-03-20 21:15] Output will be ignored
[2024-03-20 21:15] Failed to validate prompt for output 89:
[2024-03-20 21:15] Output will be ignored
[2024-03-20 21:15] Failed to validate prompt for output 324:
[2024-03-20 21:15] Output will be ignored
[2024-03-20 21:15] got prompt
[2024-03-20 21:15] Failed to validate prompt for output 280:
[2024-03-20 21:15] * LoraLoader 12:
[2024-03-20 21:15]   - Value not in list: lora_name: 'archive-2\latent-consistency-lcm-lora-sdv1-5.safetensors' not in (list of length 1069)
[2024-03-20 21:15] Output will be ignored
[2024-03-20 21:15] Failed to validate prompt for output 329:
[2024-03-20 21:15] * ControlNetLoaderAdvanced 113:
[2024-03-20 21:15]   - Value not in list: control_net_name: 'ControlNet-v1-1\control_v11p_sd15_openpose.pth' not in (list of length 54)
[2024-03-20 21:15] * CR LoRA Stack 141:
[2024-03-20 21:15]   - Value not in list: lora_name_1: 'archive-1\beautiful_detailed_eyes.safetensors' not in (list of length 1070)
[2024-03-20 21:15] Output will be ignored
[2024-03-20 21:15] Failed to validate prompt for output 335:
[2024-03-20 21:15] Output will be ignored
[2024-03-20 21:15] Failed to validate prompt for output 89:
[2024-03-20 21:15] Output will be ignored
[2024-03-20 21:15] Failed to validate prompt for output 324:
[2024-03-20 21:15] Output will be ignored
[2024-03-20 21:15] got prompt
[2024-03-20 21:15] Failed to validate prompt for output 280:
[2024-03-20 21:15] * LoraLoader 12:
[2024-03-20 21:15]   - Value not in list: lora_name: 'archive-2\latent-consistency-lcm-lora-sdv1-5.safetensors' not in (list of length 1069)
[2024-03-20 21:15] Output will be ignored
[2024-03-20 21:15] Failed to validate prompt for output 329:
[2024-03-20 21:15] * ControlNetLoaderAdvanced 113:
[2024-03-20 21:15]   - Value not in list: control_net_name: 'ControlNet-v1-1\control_v11p_sd15_openpose.pth' not in (list of length 54)
[2024-03-20 21:15] * CR LoRA Stack 141:
[2024-03-20 21:15]   - Value not in list: lora_name_1: 'archive-1\beautiful_detailed_eyes.safetensors' not in (list of length 1070)
[2024-03-20 21:15] Output will be ignored
[2024-03-20 21:15] Failed to validate prompt for output 335:
[2024-03-20 21:15] Output will be ignored
[2024-03-20 21:15] Failed to validate prompt for output 89:
[2024-03-20 21:15] Output will be ignored
[2024-03-20 21:15] Failed to validate prompt for output 324:
[2024-03-20 21:15] Output will be ignored
[2024-03-20 21:15] got prompt
[2024-03-20 21:15] Failed to validate prompt for output 280:
[2024-03-20 21:15] * LoraLoader 12:
[2024-03-20 21:15]   - Value not in list: lora_name: 'archive-2\latent-consistency-lcm-lora-sdv1-5.safetensors' not in (list of length 1069)
[2024-03-20 21:15] Output will be ignored
[2024-03-20 21:15] Failed to validate prompt for output 329:
[2024-03-20 21:15] * ControlNetLoaderAdvanced 113:
[2024-03-20 21:15]   - Value not in list: control_net_name: 'ControlNet-v1-1\control_v11p_sd15_openpose.pth' not in (list of length 54)
[2024-03-20 21:15] * CR LoRA Stack 141:
[2024-03-20 21:15]   - Value not in list: lora_name_1: 'archive-1\beautiful_detailed_eyes.safetensors' not in (list of length 1070)
[2024-03-20 21:15] Output will be ignored
[2024-03-20 21:15] Failed to validate prompt for output 335:
[2024-03-20 21:15] Output will be ignored
[2024-03-20 21:15] Failed to validate prompt for output 89:
[2024-03-20 21:15] Output will be ignored
[2024-03-20 21:15] Failed to validate prompt for output 324:
[2024-03-20 21:15] Output will be ignored
[2024-03-20 21:15] got prompt
[2024-03-20 21:15] Failed to validate prompt for output 280:
[2024-03-20 21:15] * LoraLoader 12:
[2024-03-20 21:15]   - Value not in list: lora_name: 'archive-2\latent-consistency-lcm-lora-sdv1-5.safetensors' not in (list of length 1069)
[2024-03-20 21:15] Output will be ignored
[2024-03-20 21:15] Failed to validate prompt for output 329:
[2024-03-20 21:15] * ControlNetLoaderAdvanced 113:
[2024-03-20 21:15]   - Value not in list: control_net_name: 'ControlNet-v1-1\control_v11p_sd15_openpose.pth' not in (list of length 54)
[2024-03-20 21:15] * CR LoRA Stack 141:
[2024-03-20 21:15]   - Value not in list: lora_name_1: 'archive-1\beautiful_detailed_eyes.safetensors' not in (list of length 1070)
[2024-03-20 21:15] Output will be ignored
[2024-03-20 21:15] Failed to validate prompt for output 335:
[2024-03-20 21:15] Output will be ignored
[2024-03-20 21:15] Failed to validate prompt for output 89:
[2024-03-20 21:15] Output will be ignored
[2024-03-20 21:15] Failed to validate prompt for output 324:
[2024-03-20 21:15] Output will be ignored
[2024-03-20 21:15] got prompt
[2024-03-20 21:15] Failed to validate prompt for output 280:
[2024-03-20 21:15] * LoraLoader 12:
[2024-03-20 21:15]   - Value not in list: lora_name: 'archive-2\latent-consistency-lcm-lora-sdv1-5.safetensors' not in (list of length 1069)
[2024-03-20 21:15] Output will be ignored
[2024-03-20 21:15] Prompt executed in 0.80 seconds
[2024-03-20 21:15] [32m[rgthree] Using rgthree's optimized recursive execution.[0m
[2024-03-20 21:15] Failed to validate prompt for output 329:
[2024-03-20 21:15] * ControlNetLoaderAdvanced 113:
[2024-03-20 21:15]   - Value not in list: control_net_name: 'ControlNet-v1-1\control_v11p_sd15_openpose.pth' not in (list of length 54)
[2024-03-20 21:15] * CR LoRA Stack 141:
[2024-03-20 21:15]   - Value not in list: lora_name_1: 'archive-1\beautiful_detailed_eyes.safetensors' not in (list of length 1070)
[2024-03-20 21:15] Output will be ignored
[2024-03-20 21:15] Failed to validate prompt for output 335:
[2024-03-20 21:15] Output will be ignored
[2024-03-20 21:15] Failed to validate prompt for output 89:
[2024-03-20 21:15] Output will be ignored
[2024-03-20 21:15] Failed to validate prompt for output 324:
[2024-03-20 21:15] Output will be ignored
[2024-03-20 21:15] got prompt
[2024-03-20 21:15] Failed to validate prompt for output 280:
[2024-03-20 21:15] * LoraLoader 12:
[2024-03-20 21:15]   - Value not in list: lora_name: 'archive-2\latent-consistency-lcm-lora-sdv1-5.safetensors' not in (list of length 1069)
[2024-03-20 21:15] Output will be ignored
[2024-03-20 21:15] Failed to validate prompt for output 329:
[2024-03-20 21:15] * ControlNetLoaderAdvanced 113:
[2024-03-20 21:15]   - Value not in list: control_net_name: 'ControlNet-v1-1\control_v11p_sd15_openpose.pth' not in (list of length 54)
[2024-03-20 21:15] * CR LoRA Stack 141:
[2024-03-20 21:15]   - Value not in list: lora_name_1: 'archive-1\beautiful_detailed_eyes.safetensors' not in (list of length 1070)
[2024-03-20 21:15] Output will be ignored
[2024-03-20 21:15] Failed to validate prompt for output 335:
[2024-03-20 21:15] Output will be ignored
[2024-03-20 21:15] Failed to validate prompt for output 89:
[2024-03-20 21:15] Output will be ignored
[2024-03-20 21:15] Failed to validate prompt for output 324:
[2024-03-20 21:15] Output will be ignored
[2024-03-20 21:15] Prompt executed in 0.77 seconds
[2024-03-20 21:15] [32m[rgthree] Using rgthree's optimized recursive execution.[0m
[2024-03-20 21:15] Prompt executed in 0.73 seconds
[2024-03-20 21:15] [32m[rgthree] Using rgthree's optimized recursive execution.[0m
[2024-03-20 21:15] Prompt executed in 0.66 seconds
[2024-03-20 21:15] [32m[rgthree] Using rgthree's optimized recursive execution.[0m
[2024-03-20 21:15] Prompt executed in 0.72 seconds
[2024-03-20 21:15] [32m[rgthree] Using rgthree's optimized recursive execution.[0m
[2024-03-20 21:15] Prompt executed in 0.67 seconds
[2024-03-20 21:15] [32m[rgthree] Using rgthree's optimized recursive execution.[0m
[2024-03-20 21:15] Prompt executed in 0.69 seconds
[2024-03-20 21:15] [32m[rgthree] Using rgthree's optimized recursive execution.[0m
[2024-03-20 21:15] Prompt executed in 0.80 seconds
[2024-03-20 21:15] [32m[rgthree] Using rgthree's optimized recursive execution.[0m
[2024-03-20 21:15] Prompt executed in 0.67 seconds
[2024-03-20 21:15] [32m[rgthree] Using rgthree's optimized recursive execution.[0m
[2024-03-20 21:15] Prompt executed in 0.91 seconds
[2024-03-20 21:15] [32m[rgthree] Using rgthree's optimized recursive execution.[0m
[2024-03-20 21:15] Prompt executed in 1.23 seconds
[2024-03-20 21:15] got prompt
[2024-03-20 21:15] Failed to validate prompt for output 280:
[2024-03-20 21:15] * LoraLoader 12:
[2024-03-20 21:15]   - Value not in list: lora_name: 'archive-2\latent-consistency-lcm-lora-sdv1-5.safetensors' not in (list of length 1069)
[2024-03-20 21:15] Output will be ignored
[2024-03-20 21:15] Failed to validate prompt for output 329:
[2024-03-20 21:15] * CR LoRA Stack 141:
[2024-03-20 21:15]   - Value not in list: lora_name_1: 'archive-1\beautiful_detailed_eyes.safetensors' not in (list of length 1070)
[2024-03-20 21:15] Output will be ignored
[2024-03-20 21:15] Failed to validate prompt for output 335:
[2024-03-20 21:15] Output will be ignored
[2024-03-20 21:15] Failed to validate prompt for output 89:
[2024-03-20 21:15] Output will be ignored
[2024-03-20 21:15] Failed to validate prompt for output 324:
[2024-03-20 21:15] Output will be ignored
[2024-03-20 21:15] [32m[rgthree] Using rgthree's optimized recursive execution.[0m
[2024-03-20 21:15] got prompt
[2024-03-20 21:15] Failed to validate prompt for output 280:
[2024-03-20 21:15] * LoraLoader 12:
[2024-03-20 21:15]   - Value not in list: lora_name: 'archive-2\latent-consistency-lcm-lora-sdv1-5.safetensors' not in (list of length 1069)
[2024-03-20 21:15] Output will be ignored
[2024-03-20 21:15] Failed to validate prompt for output 329:
[2024-03-20 21:15] * CR LoRA Stack 141:
[2024-03-20 21:15]   - Value not in list: lora_name_1: 'archive-1\beautiful_detailed_eyes.safetensors' not in (list of length 1070)
[2024-03-20 21:15] Output will be ignored
[2024-03-20 21:15] Failed to validate prompt for output 335:
[2024-03-20 21:15] Output will be ignored
[2024-03-20 21:15] Failed to validate prompt for output 89:
[2024-03-20 21:15] Output will be ignored
[2024-03-20 21:15] Failed to validate prompt for output 324:
[2024-03-20 21:15] Output will be ignored
[2024-03-20 21:15] got prompt
[2024-03-20 21:15] Failed to validate prompt for output 280:
[2024-03-20 21:15] * LoraLoader 12:
[2024-03-20 21:15]   - Value not in list: lora_name: 'archive-2\latent-consistency-lcm-lora-sdv1-5.safetensors' not in (list of length 1069)
[2024-03-20 21:15] Output will be ignored
[2024-03-20 21:15] Failed to validate prompt for output 329:
[2024-03-20 21:15] * CR LoRA Stack 141:
[2024-03-20 21:15]   - Value not in list: lora_name_1: 'archive-1\beautiful_detailed_eyes.safetensors' not in (list of length 1070)
[2024-03-20 21:15] Output will be ignored
[2024-03-20 21:15] Failed to validate prompt for output 335:
[2024-03-20 21:15] Output will be ignored
[2024-03-20 21:15] Failed to validate prompt for output 89:
[2024-03-20 21:15] Output will be ignored
[2024-03-20 21:15] Failed to validate prompt for output 324:
[2024-03-20 21:15] Output will be ignored
[2024-03-20 21:15] got prompt
[2024-03-20 21:15] Failed to validate prompt for output 280:
[2024-03-20 21:15] * LoraLoader 12:
[2024-03-20 21:15]   - Value not in list: lora_name: 'archive-2\latent-consistency-lcm-lora-sdv1-5.safetensors' not in (list of length 1069)
[2024-03-20 21:15] Output will be ignored
[2024-03-20 21:15] Failed to validate prompt for output 329:
[2024-03-20 21:15] * CR LoRA Stack 141:
[2024-03-20 21:15]   - Value not in list: lora_name_1: 'archive-1\beautiful_detailed_eyes.safetensors' not in (list of length 1070)
[2024-03-20 21:15] Output will be ignored
[2024-03-20 21:15] Failed to validate prompt for output 335:
[2024-03-20 21:15] Output will be ignored
[2024-03-20 21:15] Failed to validate prompt for output 89:
[2024-03-20 21:15] Output will be ignored
[2024-03-20 21:15] Failed to validate prompt for output 324:
[2024-03-20 21:15] Output will be ignored
[2024-03-20 21:15] got prompt
[2024-03-20 21:15] Failed to validate prompt for output 280:
[2024-03-20 21:15] * LoraLoader 12:
[2024-03-20 21:15]   - Value not in list: lora_name: 'archive-2\latent-consistency-lcm-lora-sdv1-5.safetensors' not in (list of length 1069)
[2024-03-20 21:15] Output will be ignored
[2024-03-20 21:15] Failed to validate prompt for output 329:
[2024-03-20 21:15] * CR LoRA Stack 141:
[2024-03-20 21:15]   - Value not in list: lora_name_1: 'archive-1\beautiful_detailed_eyes.safetensors' not in (list of length 1070)
[2024-03-20 21:15] Output will be ignored
[2024-03-20 21:15] Failed to validate prompt for output 335:
[2024-03-20 21:15] Output will be ignored
[2024-03-20 21:15] Failed to validate prompt for output 89:
[2024-03-20 21:15] Output will be ignored
[2024-03-20 21:15] Failed to validate prompt for output 324:
[2024-03-20 21:15] Output will be ignored
[2024-03-20 21:15] got prompt
[2024-03-20 21:15] Failed to validate prompt for output 280:
[2024-03-20 21:15] * LoraLoader 12:
[2024-03-20 21:15]   - Value not in list: lora_name: 'archive-2\latent-consistency-lcm-lora-sdv1-5.safetensors' not in (list of length 1069)
[2024-03-20 21:15] Output will be ignored
[2024-03-20 21:15] Failed to validate prompt for output 329:
[2024-03-20 21:15] * CR LoRA Stack 141:
[2024-03-20 21:15]   - Value not in list: lora_name_1: 'archive-1\beautiful_detailed_eyes.safetensors' not in (list of length 1070)
[2024-03-20 21:15] Output will be ignored
[2024-03-20 21:15] Failed to validate prompt for output 335:
[2024-03-20 21:15] Output will be ignored
[2024-03-20 21:15] Failed to validate prompt for output 89:
[2024-03-20 21:15] Output will be ignored
[2024-03-20 21:15] Failed to validate prompt for output 324:
[2024-03-20 21:15] Output will be ignored
[2024-03-20 21:15] got prompt
[2024-03-20 21:15] Failed to validate prompt for output 280:
[2024-03-20 21:15] * LoraLoader 12:
[2024-03-20 21:15]   - Value not in list: lora_name: 'archive-2\latent-consistency-lcm-lora-sdv1-5.safetensors' not in (list of length 1069)
[2024-03-20 21:15] Output will be ignored
[2024-03-20 21:15] Prompt executed in 0.97 seconds
[2024-03-20 21:15] [32m[rgthree] Using rgthree's optimized recursive execution.[0m
[2024-03-20 21:15] Failed to validate prompt for output 329:
[2024-03-20 21:15] * CR LoRA Stack 141:
[2024-03-20 21:15]   - Value not in list: lora_name_1: 'archive-1\beautiful_detailed_eyes.safetensors' not in (list of length 1070)
[2024-03-20 21:15] Output will be ignored
[2024-03-20 21:15] Failed to validate prompt for output 335:
[2024-03-20 21:15] Output will be ignored
[2024-03-20 21:15] Failed to validate prompt for output 89:
[2024-03-20 21:15] Output will be ignored
[2024-03-20 21:15] Failed to validate prompt for output 324:
[2024-03-20 21:15] Output will be ignored
[2024-03-20 21:15] got prompt
[2024-03-20 21:15] Failed to validate prompt for output 280:
[2024-03-20 21:15] * LoraLoader 12:
[2024-03-20 21:15]   - Value not in list: lora_name: 'archive-2\latent-consistency-lcm-lora-sdv1-5.safetensors' not in (list of length 1069)
[2024-03-20 21:15] Output will be ignored
[2024-03-20 21:15] Failed to validate prompt for output 329:
[2024-03-20 21:15] * CR LoRA Stack 141:
[2024-03-20 21:15]   - Value not in list: lora_name_1: 'archive-1\beautiful_detailed_eyes.safetensors' not in (list of length 1070)
[2024-03-20 21:15] Output will be ignored
[2024-03-20 21:15] Failed to validate prompt for output 335:
[2024-03-20 21:15] Output will be ignored
[2024-03-20 21:15] Failed to validate prompt for output 89:
[2024-03-20 21:15] Output will be ignored
[2024-03-20 21:15] Failed to validate prompt for output 324:
[2024-03-20 21:15] Output will be ignored
[2024-03-20 21:15] got prompt
[2024-03-20 21:15] Failed to validate prompt for output 280:
[2024-03-20 21:15] * LoraLoader 12:
[2024-03-20 21:15]   - Value not in list: lora_name: 'archive-2\latent-consistency-lcm-lora-sdv1-5.safetensors' not in (list of length 1069)
[2024-03-20 21:15] Output will be ignored
[2024-03-20 21:15] Failed to validate prompt for output 329:
[2024-03-20 21:15] * CR LoRA Stack 141:
[2024-03-20 21:15]   - Value not in list: lora_name_1: 'archive-1\beautiful_detailed_eyes.safetensors' not in (list of length 1070)
[2024-03-20 21:15] Output will be ignored
[2024-03-20 21:15] Failed to validate prompt for output 335:
[2024-03-20 21:15] Output will be ignored
[2024-03-20 21:15] Failed to validate prompt for output 89:
[2024-03-20 21:15] Output will be ignored
[2024-03-20 21:15] Failed to validate prompt for output 324:
[2024-03-20 21:15] Output will be ignored
[2024-03-20 21:15] got prompt
[2024-03-20 21:15] Failed to validate prompt for output 280:
[2024-03-20 21:15] * LoraLoader 12:
[2024-03-20 21:15]   - Value not in list: lora_name: 'archive-2\latent-consistency-lcm-lora-sdv1-5.safetensors' not in (list of length 1069)
[2024-03-20 21:15] Output will be ignored
[2024-03-20 21:15] Failed to validate prompt for output 329:
[2024-03-20 21:15] * CR LoRA Stack 141:
[2024-03-20 21:15]   - Value not in list: lora_name_1: 'archive-1\beautiful_detailed_eyes.safetensors' not in (list of length 1070)
[2024-03-20 21:15] Output will be ignored
[2024-03-20 21:15] Failed to validate prompt for output 335:
[2024-03-20 21:15] Output will be ignored
[2024-03-20 21:15] Failed to validate prompt for output 89:
[2024-03-20 21:15] Output will be ignored
[2024-03-20 21:15] Failed to validate prompt for output 324:
[2024-03-20 21:15] Output will be ignored
[2024-03-20 21:15] got prompt
[2024-03-20 21:15] Failed to validate prompt for output 280:
[2024-03-20 21:15] * LoraLoader 12:
[2024-03-20 21:15]   - Value not in list: lora_name: 'archive-2\latent-consistency-lcm-lora-sdv1-5.safetensors' not in (list of length 1069)
[2024-03-20 21:15] Output will be ignored
[2024-03-20 21:15] Failed to validate prompt for output 329:
[2024-03-20 21:15] * CR LoRA Stack 141:
[2024-03-20 21:15]   - Value not in list: lora_name_1: 'archive-1\beautiful_detailed_eyes.safetensors' not in (list of length 1070)
[2024-03-20 21:15] Output will be ignored
[2024-03-20 21:15] Failed to validate prompt for output 335:
[2024-03-20 21:15] Output will be ignored
[2024-03-20 21:15] Failed to validate prompt for output 89:
[2024-03-20 21:15] Output will be ignored
[2024-03-20 21:15] Failed to validate prompt for output 324:
[2024-03-20 21:15] Output will be ignored
[2024-03-20 21:15] got prompt
[2024-03-20 21:15] Failed to validate prompt for output 280:
[2024-03-20 21:15] * LoraLoader 12:
[2024-03-20 21:15]   - Value not in list: lora_name: 'archive-2\latent-consistency-lcm-lora-sdv1-5.safetensors' not in (list of length 1069)
[2024-03-20 21:15] Output will be ignored
[2024-03-20 21:15] Failed to validate prompt for output 329:
[2024-03-20 21:15] * CR LoRA Stack 141:
[2024-03-20 21:15]   - Value not in list: lora_name_1: 'archive-1\beautiful_detailed_eyes.safetensors' not in (list of length 1070)
[2024-03-20 21:15] Output will be ignored
[2024-03-20 21:15] Failed to validate prompt for output 335:
[2024-03-20 21:15] Output will be ignored
[2024-03-20 21:15] Failed to validate prompt for output 89:
[2024-03-20 21:15] Output will be ignored
[2024-03-20 21:15] Failed to validate prompt for output 324:
[2024-03-20 21:15] Output will be ignored
[2024-03-20 21:15] got prompt
[2024-03-20 21:15] Prompt executed in 1.19 seconds
[2024-03-20 21:15] [32m[rgthree] Using rgthree's optimized recursive execution.[0m
[2024-03-20 21:15] Failed to validate prompt for output 280:
[2024-03-20 21:15] * LoraLoader 12:
[2024-03-20 21:15]   - Value not in list: lora_name: 'archive-2\latent-consistency-lcm-lora-sdv1-5.safetensors' not in (list of length 1069)
[2024-03-20 21:15] Output will be ignored
[2024-03-20 21:15] Failed to validate prompt for output 329:
[2024-03-20 21:15] * CR LoRA Stack 141:
[2024-03-20 21:15]   - Value not in list: lora_name_1: 'archive-1\beautiful_detailed_eyes.safetensors' not in (list of length 1070)
[2024-03-20 21:15] Output will be ignored
[2024-03-20 21:15] Failed to validate prompt for output 335:
[2024-03-20 21:15] Output will be ignored
[2024-03-20 21:15] Failed to validate prompt for output 89:
[2024-03-20 21:15] Output will be ignored
[2024-03-20 21:15] Failed to validate prompt for output 324:
[2024-03-20 21:15] Output will be ignored
[2024-03-20 21:15] got prompt
[2024-03-20 21:15] Failed to validate prompt for output 280:
[2024-03-20 21:15] * LoraLoader 12:
[2024-03-20 21:15]   - Value not in list: lora_name: 'archive-2\latent-consistency-lcm-lora-sdv1-5.safetensors' not in (list of length 1069)
[2024-03-20 21:15] Output will be ignored
[2024-03-20 21:15] Failed to validate prompt for output 329:
[2024-03-20 21:15] * CR LoRA Stack 141:
[2024-03-20 21:15]   - Value not in list: lora_name_1: 'archive-1\beautiful_detailed_eyes.safetensors' not in (list of length 1070)
[2024-03-20 21:15] Output will be ignored
[2024-03-20 21:15] Failed to validate prompt for output 335:
[2024-03-20 21:15] Output will be ignored
[2024-03-20 21:15] Failed to validate prompt for output 89:
[2024-03-20 21:15] Output will be ignored
[2024-03-20 21:15] Failed to validate prompt for output 324:
[2024-03-20 21:15] Output will be ignored
[2024-03-20 21:15] got prompt
[2024-03-20 21:15] Failed to validate prompt for output 280:
[2024-03-20 21:15] * LoraLoader 12:
[2024-03-20 21:15]   - Value not in list: lora_name: 'archive-2\latent-consistency-lcm-lora-sdv1-5.safetensors' not in (list of length 1069)
[2024-03-20 21:15] Output will be ignored
[2024-03-20 21:15] Failed to validate prompt for output 329:
[2024-03-20 21:15] * CR LoRA Stack 141:
[2024-03-20 21:15]   - Value not in list: lora_name_1: 'archive-1\beautiful_detailed_eyes.safetensors' not in (list of length 1070)
[2024-03-20 21:15] Output will be ignored
[2024-03-20 21:15] Failed to validate prompt for output 335:
[2024-03-20 21:15] Output will be ignored
[2024-03-20 21:15] Failed to validate prompt for output 89:
[2024-03-20 21:15] Output will be ignored
[2024-03-20 21:15] Failed to validate prompt for output 324:
[2024-03-20 21:15] Output will be ignored
[2024-03-20 21:15] got prompt
[2024-03-20 21:15] Failed to validate prompt for output 280:
[2024-03-20 21:15] * LoraLoader 12:
[2024-03-20 21:15]   - Value not in list: lora_name: 'archive-2\latent-consistency-lcm-lora-sdv1-5.safetensors' not in (list of length 1069)
[2024-03-20 21:15] Output will be ignored
[2024-03-20 21:15] Failed to validate prompt for output 329:
[2024-03-20 21:15] * CR LoRA Stack 141:
[2024-03-20 21:15]   - Value not in list: lora_name_1: 'archive-1\beautiful_detailed_eyes.safetensors' not in (list of length 1070)
[2024-03-20 21:15] Output will be ignored
[2024-03-20 21:15] Failed to validate prompt for output 335:
[2024-03-20 21:15] Output will be ignored
[2024-03-20 21:15] Failed to validate prompt for output 89:
[2024-03-20 21:15] Output will be ignored
[2024-03-20 21:15] Failed to validate prompt for output 324:
[2024-03-20 21:15] Output will be ignored
[2024-03-20 21:15] got prompt
[2024-03-20 21:15] Failed to validate prompt for output 280:
[2024-03-20 21:15] * LoraLoader 12:
[2024-03-20 21:15]   - Value not in list: lora_name: 'archive-2\latent-consistency-lcm-lora-sdv1-5.safetensors' not in (list of length 1069)
[2024-03-20 21:15] Output will be ignored
[2024-03-20 21:15] Failed to validate prompt for output 329:
[2024-03-20 21:15] * CR LoRA Stack 141:
[2024-03-20 21:15]   - Value not in list: lora_name_1: 'archive-1\beautiful_detailed_eyes.safetensors' not in (list of length 1070)
[2024-03-20 21:15] Output will be ignored
[2024-03-20 21:15] Failed to validate prompt for output 335:
[2024-03-20 21:15] Output will be ignored
[2024-03-20 21:15] Failed to validate prompt for output 89:
[2024-03-20 21:15] Output will be ignored
[2024-03-20 21:15] Failed to validate prompt for output 324:
[2024-03-20 21:15] Output will be ignored
[2024-03-20 21:15] got prompt
[2024-03-20 21:15] Failed to validate prompt for output 280:
[2024-03-20 21:15] * LoraLoader 12:
[2024-03-20 21:15]   - Value not in list: lora_name: 'archive-2\latent-consistency-lcm-lora-sdv1-5.safetensors' not in (list of length 1069)
[2024-03-20 21:15] Output will be ignored
[2024-03-20 21:15] Failed to validate prompt for output 329:
[2024-03-20 21:15] * CR LoRA Stack 141:
[2024-03-20 21:15]   - Value not in list: lora_name_1: 'archive-1\beautiful_detailed_eyes.safetensors' not in (list of length 1070)
[2024-03-20 21:15] Output will be ignored
[2024-03-20 21:15] Failed to validate prompt for output 335:
[2024-03-20 21:15] Output will be ignored
[2024-03-20 21:15] Failed to validate prompt for output 89:
[2024-03-20 21:15] Output will be ignored
[2024-03-20 21:15] Failed to validate prompt for output 324:
[2024-03-20 21:15] Output will be ignored
[2024-03-20 21:15] got prompt
[2024-03-20 21:15] Prompt executed in 1.47 seconds
[2024-03-20 21:15] [32m[rgthree] Using rgthree's optimized recursive execution.[0m
[2024-03-20 21:15] Failed to validate prompt for output 280:
[2024-03-20 21:15] * LoraLoader 12:
[2024-03-20 21:15]   - Value not in list: lora_name: 'archive-2\latent-consistency-lcm-lora-sdv1-5.safetensors' not in (list of length 1069)
[2024-03-20 21:15] Output will be ignored
[2024-03-20 21:15] Failed to validate prompt for output 329:
[2024-03-20 21:15] * CR LoRA Stack 141:
[2024-03-20 21:15]   - Value not in list: lora_name_1: 'archive-1\beautiful_detailed_eyes.safetensors' not in (list of length 1070)
[2024-03-20 21:15] Output will be ignored
[2024-03-20 21:15] Failed to validate prompt for output 335:
[2024-03-20 21:15] Output will be ignored
[2024-03-20 21:15] Failed to validate prompt for output 89:
[2024-03-20 21:15] Output will be ignored
[2024-03-20 21:15] Failed to validate prompt for output 324:
[2024-03-20 21:15] Output will be ignored
[2024-03-20 21:15] got prompt
[2024-03-20 21:15] Failed to validate prompt for output 280:
[2024-03-20 21:15] * LoraLoader 12:
[2024-03-20 21:15]   - Value not in list: lora_name: 'archive-2\latent-consistency-lcm-lora-sdv1-5.safetensors' not in (list of length 1069)
[2024-03-20 21:15] Output will be ignored
[2024-03-20 21:15] Failed to validate prompt for output 329:
[2024-03-20 21:15] * CR LoRA Stack 141:
[2024-03-20 21:15]   - Value not in list: lora_name_1: 'archive-1\beautiful_detailed_eyes.safetensors' not in (list of length 1070)
[2024-03-20 21:15] Output will be ignored
[2024-03-20 21:15] Failed to validate prompt for output 335:
[2024-03-20 21:15] Output will be ignored
[2024-03-20 21:15] Failed to validate prompt for output 89:
[2024-03-20 21:15] Output will be ignored
[2024-03-20 21:15] Failed to validate prompt for output 324:
[2024-03-20 21:15] Output will be ignored
[2024-03-20 21:15] got prompt
[2024-03-20 21:15] Failed to validate prompt for output 280:
[2024-03-20 21:15] * LoraLoader 12:
[2024-03-20 21:15]   - Value not in list: lora_name: 'archive-2\latent-consistency-lcm-lora-sdv1-5.safetensors' not in (list of length 1069)
[2024-03-20 21:15] Output will be ignored
[2024-03-20 21:15] Failed to validate prompt for output 329:
[2024-03-20 21:15] * CR LoRA Stack 141:
[2024-03-20 21:15]   - Value not in list: lora_name_1: 'archive-1\beautiful_detailed_eyes.safetensors' not in (list of length 1070)
[2024-03-20 21:15] Output will be ignored
[2024-03-20 21:15] Failed to validate prompt for output 335:
[2024-03-20 21:15] Output will be ignored
[2024-03-20 21:15] Failed to validate prompt for output 89:
[2024-03-20 21:15] Output will be ignored
[2024-03-20 21:15] Failed to validate prompt for output 324:
[2024-03-20 21:15] Output will be ignored
[2024-03-20 21:15] got prompt
[2024-03-20 21:15] Failed to validate prompt for output 280:
[2024-03-20 21:15] * LoraLoader 12:
[2024-03-20 21:15]   - Value not in list: lora_name: 'archive-2\latent-consistency-lcm-lora-sdv1-5.safetensors' not in (list of length 1069)
[2024-03-20 21:15] Output will be ignored
[2024-03-20 21:15] Failed to validate prompt for output 329:
[2024-03-20 21:15] * CR LoRA Stack 141:
[2024-03-20 21:15]   - Value not in list: lora_name_1: 'archive-1\beautiful_detailed_eyes.safetensors' not in (list of length 1070)
[2024-03-20 21:15] Output will be ignored
[2024-03-20 21:15] Failed to validate prompt for output 335:
[2024-03-20 21:15] Output will be ignored
[2024-03-20 21:15] Failed to validate prompt for output 89:
[2024-03-20 21:15] Output will be ignored
[2024-03-20 21:15] Failed to validate prompt for output 324:
[2024-03-20 21:15] Output will be ignored
[2024-03-20 21:15] got prompt
[2024-03-20 21:15] Failed to validate prompt for output 280:
[2024-03-20 21:15] * LoraLoader 12:
[2024-03-20 21:15]   - Value not in list: lora_name: 'archive-2\latent-consistency-lcm-lora-sdv1-5.safetensors' not in (list of length 1069)
[2024-03-20 21:15] Output will be ignored
[2024-03-20 21:15] Failed to validate prompt for output 329:
[2024-03-20 21:15] * CR LoRA Stack 141:
[2024-03-20 21:15]   - Value not in list: lora_name_1: 'archive-1\beautiful_detailed_eyes.safetensors' not in (list of length 1070)
[2024-03-20 21:15] Output will be ignored
[2024-03-20 21:15] Failed to validate prompt for output 335:
[2024-03-20 21:15] Output will be ignored
[2024-03-20 21:15] Failed to validate prompt for output 89:
[2024-03-20 21:15] Output will be ignored
[2024-03-20 21:15] Failed to validate prompt for output 324:
[2024-03-20 21:15] Output will be ignored
[2024-03-20 21:15] got prompt
[2024-03-20 21:15] Failed to validate prompt for output 280:
[2024-03-20 21:15] * LoraLoader 12:
[2024-03-20 21:15]   - Value not in list: lora_name: 'archive-2\latent-consistency-lcm-lora-sdv1-5.safetensors' not in (list of length 1069)
[2024-03-20 21:15] Output will be ignored
[2024-03-20 21:15] Failed to validate prompt for output 329:
[2024-03-20 21:15] * CR LoRA Stack 141:
[2024-03-20 21:15]   - Value not in list: lora_name_1: 'archive-1\beautiful_detailed_eyes.safetensors' not in (list of length 1070)
[2024-03-20 21:15] Output will be ignored
[2024-03-20 21:15] Failed to validate prompt for output 335:
[2024-03-20 21:15] Output will be ignored
[2024-03-20 21:15] Failed to validate prompt for output 89:
[2024-03-20 21:15] Output will be ignored
[2024-03-20 21:15] Failed to validate prompt for output 324:
[2024-03-20 21:15] Output will be ignored
[2024-03-20 21:15] got prompt
[2024-03-20 21:15] Failed to validate prompt for output 280:
[2024-03-20 21:15] * LoraLoader 12:
[2024-03-20 21:15]   - Value not in list: lora_name: 'archive-2\latent-consistency-lcm-lora-sdv1-5.safetensors' not in (list of length 1069)
[2024-03-20 21:15] Output will be ignored
[2024-03-20 21:15] Failed to validate prompt for output 329:
[2024-03-20 21:15] * CR LoRA Stack 141:
[2024-03-20 21:15]   - Value not in list: lora_name_1: 'archive-1\beautiful_detailed_eyes.safetensors' not in (list of length 1070)
[2024-03-20 21:15] Output will be ignored
[2024-03-20 21:15] Failed to validate prompt for output 335:
[2024-03-20 21:15] Output will be ignored
[2024-03-20 21:15] Failed to validate prompt for output 89:
[2024-03-20 21:15] Output will be ignored
[2024-03-20 21:15] Failed to validate prompt for output 324:
[2024-03-20 21:15] Output will be ignored
[2024-03-20 21:15] Prompt executed in 2.65 seconds
[2024-03-20 21:15] [32m[rgthree] Using rgthree's optimized recursive execution.[0m
[2024-03-20 21:15] got prompt
[2024-03-20 21:15] Failed to validate prompt for output 280:
[2024-03-20 21:15] * LoraLoader 12:
[2024-03-20 21:15]   - Value not in list: lora_name: 'archive-2\latent-consistency-lcm-lora-sdv1-5.safetensors' not in (list of length 1069)
[2024-03-20 21:15] Output will be ignored
[2024-03-20 21:15] Failed to validate prompt for output 329:
[2024-03-20 21:15] * CR LoRA Stack 141:
[2024-03-20 21:15]   - Value not in list: lora_name_1: 'archive-1\beautiful_detailed_eyes.safetensors' not in (list of length 1070)
[2024-03-20 21:15] Output will be ignored
[2024-03-20 21:15] Failed to validate prompt for output 335:
[2024-03-20 21:15] Output will be ignored
[2024-03-20 21:15] Failed to validate prompt for output 89:
[2024-03-20 21:15] Output will be ignored
[2024-03-20 21:15] Failed to validate prompt for output 324:
[2024-03-20 21:15] Output will be ignored
[2024-03-20 21:15] got prompt
[2024-03-20 21:15] Failed to validate prompt for output 280:
[2024-03-20 21:15] * LoraLoader 12:
[2024-03-20 21:15]   - Value not in list: lora_name: 'archive-2\latent-consistency-lcm-lora-sdv1-5.safetensors' not in (list of length 1069)
[2024-03-20 21:15] Output will be ignored
[2024-03-20 21:15] Failed to validate prompt for output 329:
[2024-03-20 21:15] * CR LoRA Stack 141:
[2024-03-20 21:15]   - Value not in list: lora_name_1: 'archive-1\beautiful_detailed_eyes.safetensors' not in (list of length 1070)
[2024-03-20 21:15] Output will be ignored
[2024-03-20 21:15] Failed to validate prompt for output 335:
[2024-03-20 21:15] Output will be ignored
[2024-03-20 21:15] Failed to validate prompt for output 89:
[2024-03-20 21:15] Output will be ignored
[2024-03-20 21:15] Failed to validate prompt for output 324:
[2024-03-20 21:15] Output will be ignored
[2024-03-20 21:15] got prompt
[2024-03-20 21:15] Failed to validate prompt for output 280:
[2024-03-20 21:15] * LoraLoader 12:
[2024-03-20 21:15]   - Value not in list: lora_name: 'archive-2\latent-consistency-lcm-lora-sdv1-5.safetensors' not in (list of length 1069)
[2024-03-20 21:15] Output will be ignored
[2024-03-20 21:15] Failed to validate prompt for output 329:
[2024-03-20 21:15] * CR LoRA Stack 141:
[2024-03-20 21:15]   - Value not in list: lora_name_1: 'archive-1\beautiful_detailed_eyes.safetensors' not in (list of length 1070)
[2024-03-20 21:15] Output will be ignored
[2024-03-20 21:15] Failed to validate prompt for output 335:
[2024-03-20 21:15] Output will be ignored
[2024-03-20 21:15] Failed to validate prompt for output 89:
[2024-03-20 21:15] Output will be ignored
[2024-03-20 21:15] Failed to validate prompt for output 324:
[2024-03-20 21:15] Output will be ignored
[2024-03-20 21:15] got prompt
[2024-03-20 21:15] Failed to validate prompt for output 280:
[2024-03-20 21:15] * LoraLoader 12:
[2024-03-20 21:15]   - Value not in list: lora_name: 'archive-2\latent-consistency-lcm-lora-sdv1-5.safetensors' not in (list of length 1069)
[2024-03-20 21:15] Output will be ignored
[2024-03-20 21:15] Failed to validate prompt for output 329:
[2024-03-20 21:15] * CR LoRA Stack 141:
[2024-03-20 21:15]   - Value not in list: lora_name_1: 'archive-1\beautiful_detailed_eyes.safetensors' not in (list of length 1070)
[2024-03-20 21:15] Output will be ignored
[2024-03-20 21:15] Failed to validate prompt for output 335:
[2024-03-20 21:15] Output will be ignored
[2024-03-20 21:15] Failed to validate prompt for output 89:
[2024-03-20 21:15] Output will be ignored
[2024-03-20 21:15] Failed to validate prompt for output 324:
[2024-03-20 21:15] Output will be ignored
[2024-03-20 21:15] got prompt
[2024-03-20 21:15] Failed to validate prompt for output 280:
[2024-03-20 21:15] * LoraLoader 12:
[2024-03-20 21:15]   - Value not in list: lora_name: 'archive-2\latent-consistency-lcm-lora-sdv1-5.safetensors' not in (list of length 1069)
[2024-03-20 21:15] Output will be ignored
[2024-03-20 21:15] Failed to validate prompt for output 329:
[2024-03-20 21:15] * CR LoRA Stack 141:
[2024-03-20 21:15]   - Value not in list: lora_name_1: 'archive-1\beautiful_detailed_eyes.safetensors' not in (list of length 1070)
[2024-03-20 21:15] Output will be ignored
[2024-03-20 21:15] Failed to validate prompt for output 335:
[2024-03-20 21:15] Output will be ignored
[2024-03-20 21:15] Failed to validate prompt for output 89:
[2024-03-20 21:15] Output will be ignored
[2024-03-20 21:15] Failed to validate prompt for output 324:
[2024-03-20 21:15] Output will be ignored
[2024-03-20 21:15] got prompt
[2024-03-20 21:15] Prompt executed in 2.30 seconds
[2024-03-20 21:15] [32m[rgthree] Using rgthree's optimized recursive execution.[0m
[2024-03-20 21:15] Failed to validate prompt for output 280:
[2024-03-20 21:15] * LoraLoader 12:
[2024-03-20 21:15]   - Value not in list: lora_name: 'archive-2\latent-consistency-lcm-lora-sdv1-5.safetensors' not in (list of length 1069)
[2024-03-20 21:15] Output will be ignored
[2024-03-20 21:15] Failed to validate prompt for output 329:
[2024-03-20 21:15] * CR LoRA Stack 141:
[2024-03-20 21:15]   - Value not in list: lora_name_1: 'archive-1\beautiful_detailed_eyes.safetensors' not in (list of length 1070)
[2024-03-20 21:15] Output will be ignored
[2024-03-20 21:15] Failed to validate prompt for output 335:
[2024-03-20 21:15] Output will be ignored
[2024-03-20 21:15] Failed to validate prompt for output 89:
[2024-03-20 21:15] Output will be ignored
[2024-03-20 21:15] Failed to validate prompt for output 324:
[2024-03-20 21:15] Output will be ignored
[2024-03-20 21:15] got prompt
[2024-03-20 21:15] Failed to validate prompt for output 280:
[2024-03-20 21:15] * LoraLoader 12:
[2024-03-20 21:15]   - Value not in list: lora_name: 'archive-2\latent-consistency-lcm-lora-sdv1-5.safetensors' not in (list of length 1069)
[2024-03-20 21:15] Output will be ignored
[2024-03-20 21:15] Failed to validate prompt for output 329:
[2024-03-20 21:15] * CR LoRA Stack 141:
[2024-03-20 21:15]   - Value not in list: lora_name_1: 'archive-1\beautiful_detailed_eyes.safetensors' not in (list of length 1070)
[2024-03-20 21:15] Output will be ignored
[2024-03-20 21:15] Failed to validate prompt for output 335:
[2024-03-20 21:15] Output will be ignored
[2024-03-20 21:15] Failed to validate prompt for output 89:
[2024-03-20 21:15] Output will be ignored
[2024-03-20 21:15] Failed to validate prompt for output 324:
[2024-03-20 21:15] Output will be ignored
[2024-03-20 21:15] got prompt
[2024-03-20 21:15] Failed to validate prompt for output 280:
[2024-03-20 21:15] * LoraLoader 12:
[2024-03-20 21:15]   - Value not in list: lora_name: 'archive-2\latent-consistency-lcm-lora-sdv1-5.safetensors' not in (list of length 1069)
[2024-03-20 21:15] Output will be ignored
[2024-03-20 21:15] Failed to validate prompt for output 329:
[2024-03-20 21:15] * CR LoRA Stack 141:
[2024-03-20 21:15]   - Value not in list: lora_name_1: 'archive-1\beautiful_detailed_eyes.safetensors' not in (list of length 1070)
[2024-03-20 21:15] Output will be ignored
[2024-03-20 21:15] Failed to validate prompt for output 335:
[2024-03-20 21:15] Output will be ignored
[2024-03-20 21:15] Failed to validate prompt for output 89:
[2024-03-20 21:15] Output will be ignored
[2024-03-20 21:15] Failed to validate prompt for output 324:
[2024-03-20 21:15] Output will be ignored
[2024-03-20 21:15] got prompt
[2024-03-20 21:15] Failed to validate prompt for output 280:
[2024-03-20 21:15] * LoraLoader 12:
[2024-03-20 21:15]   - Value not in list: lora_name: 'archive-2\latent-consistency-lcm-lora-sdv1-5.safetensors' not in (list of length 1069)
[2024-03-20 21:15] Output will be ignored
[2024-03-20 21:15] Failed to validate prompt for output 329:
[2024-03-20 21:15] * CR LoRA Stack 141:
[2024-03-20 21:15]   - Value not in list: lora_name_1: 'archive-1\beautiful_detailed_eyes.safetensors' not in (list of length 1070)
[2024-03-20 21:15] Output will be ignored
[2024-03-20 21:15] Failed to validate prompt for output 335:
[2024-03-20 21:15] Output will be ignored
[2024-03-20 21:15] Failed to validate prompt for output 89:
[2024-03-20 21:15] Output will be ignored
[2024-03-20 21:15] Failed to validate prompt for output 324:
[2024-03-20 21:15] Output will be ignored
[2024-03-20 21:15] got prompt
[2024-03-20 21:15] Failed to validate prompt for output 280:
[2024-03-20 21:15] * LoraLoader 12:
[2024-03-20 21:15]   - Value not in list: lora_name: 'archive-2\latent-consistency-lcm-lora-sdv1-5.safetensors' not in (list of length 1069)
[2024-03-20 21:15] Output will be ignored
[2024-03-20 21:15] Failed to validate prompt for output 329:
[2024-03-20 21:15] * CR LoRA Stack 141:
[2024-03-20 21:15]   - Value not in list: lora_name_1: 'archive-1\beautiful_detailed_eyes.safetensors' not in (list of length 1070)
[2024-03-20 21:15] Output will be ignored
[2024-03-20 21:15] Failed to validate prompt for output 335:
[2024-03-20 21:15] Output will be ignored
[2024-03-20 21:15] Failed to validate prompt for output 89:
[2024-03-20 21:15] Output will be ignored
[2024-03-20 21:15] Failed to validate prompt for output 324:
[2024-03-20 21:15] Output will be ignored
[2024-03-20 21:15] got prompt
[2024-03-20 21:15] Failed to validate prompt for output 280:
[2024-03-20 21:15] * LoraLoader 12:
[2024-03-20 21:15]   - Value not in list: lora_name: 'archive-2\latent-consistency-lcm-lora-sdv1-5.safetensors' not in (list of length 1069)
[2024-03-20 21:15] Output will be ignored
[2024-03-20 21:15] Failed to validate prompt for output 329:
[2024-03-20 21:15] * CR LoRA Stack 141:
[2024-03-20 21:15]   - Value not in list: lora_name_1: 'archive-1\beautiful_detailed_eyes.safetensors' not in (list of length 1070)
[2024-03-20 21:15] Output will be ignored
[2024-03-20 21:15] Failed to validate prompt for output 335:
[2024-03-20 21:15] Output will be ignored
[2024-03-20 21:15] Failed to validate prompt for output 89:
[2024-03-20 21:15] Output will be ignored
[2024-03-20 21:15] Failed to validate prompt for output 324:
[2024-03-20 21:15] Output will be ignored
[2024-03-20 21:15] got prompt
[2024-03-20 21:15] Failed to validate prompt for output 280:
[2024-03-20 21:15] * LoraLoader 12:
[2024-03-20 21:15]   - Value not in list: lora_name: 'archive-2\latent-consistency-lcm-lora-sdv1-5.safetensors' not in (list of length 1069)
[2024-03-20 21:15] Output will be ignored
[2024-03-20 21:15] Prompt executed in 2.75 seconds
[2024-03-20 21:15] [32m[rgthree] Using rgthree's optimized recursive execution.[0m
[2024-03-20 21:15] Failed to validate prompt for output 329:
[2024-03-20 21:15] * CR LoRA Stack 141:
[2024-03-20 21:15]   - Value not in list: lora_name_1: 'archive-1\beautiful_detailed_eyes.safetensors' not in (list of length 1070)
[2024-03-20 21:15] Output will be ignored
[2024-03-20 21:15] Failed to validate prompt for output 335:
[2024-03-20 21:15] Output will be ignored
[2024-03-20 21:15] Failed to validate prompt for output 89:
[2024-03-20 21:15] Output will be ignored
[2024-03-20 21:15] Failed to validate prompt for output 324:
[2024-03-20 21:15] Output will be ignored
[2024-03-20 21:15] got prompt
[2024-03-20 21:15] Failed to validate prompt for output 280:
[2024-03-20 21:15] * LoraLoader 12:
[2024-03-20 21:15]   - Value not in list: lora_name: 'archive-2\latent-consistency-lcm-lora-sdv1-5.safetensors' not in (list of length 1069)
[2024-03-20 21:15] Output will be ignored
[2024-03-20 21:15] Failed to validate prompt for output 329:
[2024-03-20 21:15] * CR LoRA Stack 141:
[2024-03-20 21:15]   - Value not in list: lora_name_1: 'archive-1\beautiful_detailed_eyes.safetensors' not in (list of length 1070)
[2024-03-20 21:15] Output will be ignored
[2024-03-20 21:15] Failed to validate prompt for output 335:
[2024-03-20 21:15] Output will be ignored
[2024-03-20 21:15] Failed to validate prompt for output 89:
[2024-03-20 21:15] Output will be ignored
[2024-03-20 21:15] Failed to validate prompt for output 324:
[2024-03-20 21:15] Output will be ignored
[2024-03-20 21:15] got prompt
[2024-03-20 21:15] Failed to validate prompt for output 280:
[2024-03-20 21:15] * LoraLoader 12:
[2024-03-20 21:15]   - Value not in list: lora_name: 'archive-2\latent-consistency-lcm-lora-sdv1-5.safetensors' not in (list of length 1069)
[2024-03-20 21:15] Output will be ignored
[2024-03-20 21:15] Failed to validate prompt for output 329:
[2024-03-20 21:15] * CR LoRA Stack 141:
[2024-03-20 21:15]   - Value not in list: lora_name_1: 'archive-1\beautiful_detailed_eyes.safetensors' not in (list of length 1070)
[2024-03-20 21:15] Output will be ignored
[2024-03-20 21:15] Failed to validate prompt for output 335:
[2024-03-20 21:15] Output will be ignored
[2024-03-20 21:15] Failed to validate prompt for output 89:
[2024-03-20 21:15] Output will be ignored
[2024-03-20 21:15] Failed to validate prompt for output 324:
[2024-03-20 21:15] Output will be ignored
[2024-03-20 21:15] got prompt
[2024-03-20 21:15] Failed to validate prompt for output 280:
[2024-03-20 21:15] * LoraLoader 12:
[2024-03-20 21:15]   - Value not in list: lora_name: 'archive-2\latent-consistency-lcm-lora-sdv1-5.safetensors' not in (list of length 1069)
[2024-03-20 21:15] Output will be ignored
[2024-03-20 21:15] Failed to validate prompt for output 329:
[2024-03-20 21:15] * CR LoRA Stack 141:
[2024-03-20 21:15]   - Value not in list: lora_name_1: 'archive-1\beautiful_detailed_eyes.safetensors' not in (list of length 1070)
[2024-03-20 21:15] Output will be ignored
[2024-03-20 21:15] Failed to validate prompt for output 335:
[2024-03-20 21:15] Output will be ignored
[2024-03-20 21:15] Failed to validate prompt for output 89:
[2024-03-20 21:15] Output will be ignored
[2024-03-20 21:15] Failed to validate prompt for output 324:
[2024-03-20 21:15] Output will be ignored
[2024-03-20 21:15] got prompt
[2024-03-20 21:15] Failed to validate prompt for output 280:
[2024-03-20 21:15] * LoraLoader 12:
[2024-03-20 21:15]   - Value not in list: lora_name: 'archive-2\latent-consistency-lcm-lora-sdv1-5.safetensors' not in (list of length 1069)
[2024-03-20 21:15] Output will be ignored
[2024-03-20 21:15] Failed to validate prompt for output 329:
[2024-03-20 21:15] * CR LoRA Stack 141:
[2024-03-20 21:15]   - Value not in list: lora_name_1: 'archive-1\beautiful_detailed_eyes.safetensors' not in (list of length 1070)
[2024-03-20 21:15] Output will be ignored
[2024-03-20 21:15] Failed to validate prompt for output 335:
[2024-03-20 21:15] Output will be ignored
[2024-03-20 21:15] Failed to validate prompt for output 89:
[2024-03-20 21:15] Output will be ignored
[2024-03-20 21:15] Failed to validate prompt for output 324:
[2024-03-20 21:15] Output will be ignored
[2024-03-20 21:15] got prompt
[2024-03-20 21:15] Failed to validate prompt for output 280:
[2024-03-20 21:15] * LoraLoader 12:
[2024-03-20 21:15]   - Value not in list: lora_name: 'archive-2\latent-consistency-lcm-lora-sdv1-5.safetensors' not in (list of length 1069)
[2024-03-20 21:15] Output will be ignored
[2024-03-20 21:15] Failed to validate prompt for output 329:
[2024-03-20 21:15] * CR LoRA Stack 141:
[2024-03-20 21:15]   - Value not in list: lora_name_1: 'archive-1\beautiful_detailed_eyes.safetensors' not in (list of length 1070)
[2024-03-20 21:15] Output will be ignored
[2024-03-20 21:15] Failed to validate prompt for output 335:
[2024-03-20 21:15] Output will be ignored
[2024-03-20 21:15] Failed to validate prompt for output 89:
[2024-03-20 21:15] Output will be ignored
[2024-03-20 21:15] Failed to validate prompt for output 324:
[2024-03-20 21:15] Output will be ignored
[2024-03-20 21:15] got prompt
[2024-03-20 21:15] Failed to validate prompt for output 280:
[2024-03-20 21:15] * LoraLoader 12:
[2024-03-20 21:15]   - Value not in list: lora_name: 'archive-2\latent-consistency-lcm-lora-sdv1-5.safetensors' not in (list of length 1069)
[2024-03-20 21:15] Output will be ignored
[2024-03-20 21:15] Failed to validate prompt for output 329:
[2024-03-20 21:15] * CR LoRA Stack 141:
[2024-03-20 21:15]   - Value not in list: lora_name_1: 'archive-1\beautiful_detailed_eyes.safetensors' not in (list of length 1070)
[2024-03-20 21:15] Output will be ignored
[2024-03-20 21:15] Failed to validate prompt for output 335:
[2024-03-20 21:15] Output will be ignored
[2024-03-20 21:15] Failed to validate prompt for output 89:
[2024-03-20 21:15] Output will be ignored
[2024-03-20 21:15] Failed to validate prompt for output 324:
[2024-03-20 21:15] Output will be ignored
[2024-03-20 21:15] got prompt
[2024-03-20 21:15] Prompt executed in 2.98 seconds
[2024-03-20 21:15] [32m[rgthree] Using rgthree's optimized recursive execution.[0m
[2024-03-20 21:15] Failed to validate prompt for output 280:
[2024-03-20 21:15] * LoraLoader 12:
[2024-03-20 21:15]   - Value not in list: lora_name: 'archive-2\latent-consistency-lcm-lora-sdv1-5.safetensors' not in (list of length 1069)
[2024-03-20 21:15] Output will be ignored
[2024-03-20 21:15] Failed to validate prompt for output 329:
[2024-03-20 21:15] * CR LoRA Stack 141:
[2024-03-20 21:15]   - Value not in list: lora_name_1: 'archive-1\beautiful_detailed_eyes.safetensors' not in (list of length 1070)
[2024-03-20 21:15] Output will be ignored
[2024-03-20 21:15] Failed to validate prompt for output 335:
[2024-03-20 21:15] Output will be ignored
[2024-03-20 21:15] Failed to validate prompt for output 89:
[2024-03-20 21:15] Output will be ignored
[2024-03-20 21:15] Failed to validate prompt for output 324:
[2024-03-20 21:15] Output will be ignored
[2024-03-20 21:15] got prompt
[2024-03-20 21:15] Failed to validate prompt for output 280:
[2024-03-20 21:15] * LoraLoader 12:
[2024-03-20 21:15]   - Value not in list: lora_name: 'archive-2\latent-consistency-lcm-lora-sdv1-5.safetensors' not in (list of length 1069)
[2024-03-20 21:15] Output will be ignored
[2024-03-20 21:15] Failed to validate prompt for output 329:
[2024-03-20 21:15] * CR LoRA Stack 141:
[2024-03-20 21:15]   - Value not in list: lora_name_1: 'archive-1\beautiful_detailed_eyes.safetensors' not in (list of length 1070)
[2024-03-20 21:15] Output will be ignored
[2024-03-20 21:15] Failed to validate prompt for output 335:
[2024-03-20 21:15] Output will be ignored
[2024-03-20 21:15] Failed to validate prompt for output 89:
[2024-03-20 21:15] Output will be ignored
[2024-03-20 21:15] Failed to validate prompt for output 324:
[2024-03-20 21:15] Output will be ignored
[2024-03-20 21:15] got prompt
[2024-03-20 21:16] Failed to validate prompt for output 280:
[2024-03-20 21:16] * LoraLoader 12:
[2024-03-20 21:16]   - Value not in list: lora_name: 'archive-2\latent-consistency-lcm-lora-sdv1-5.safetensors' not in (list of length 1069)
[2024-03-20 21:16] Output will be ignored
[2024-03-20 21:16] Failed to validate prompt for output 329:
[2024-03-20 21:16] * CR LoRA Stack 141:
[2024-03-20 21:16]   - Value not in list: lora_name_1: 'archive-1\beautiful_detailed_eyes.safetensors' not in (list of length 1070)
[2024-03-20 21:16] Output will be ignored
[2024-03-20 21:16] Failed to validate prompt for output 335:
[2024-03-20 21:16] Output will be ignored
[2024-03-20 21:16] Failed to validate prompt for output 89:
[2024-03-20 21:16] Output will be ignored
[2024-03-20 21:16] Failed to validate prompt for output 324:
[2024-03-20 21:16] Output will be ignored
[2024-03-20 21:16] got prompt
[2024-03-20 21:16] Failed to validate prompt for output 280:
[2024-03-20 21:16] * LoraLoader 12:
[2024-03-20 21:16]   - Value not in list: lora_name: 'archive-2\latent-consistency-lcm-lora-sdv1-5.safetensors' not in (list of length 1069)
[2024-03-20 21:16] Output will be ignored
[2024-03-20 21:16] Failed to validate prompt for output 329:
[2024-03-20 21:16] * CR LoRA Stack 141:
[2024-03-20 21:16]   - Value not in list: lora_name_1: 'archive-1\beautiful_detailed_eyes.safetensors' not in (list of length 1070)
[2024-03-20 21:16] Output will be ignored
[2024-03-20 21:16] Failed to validate prompt for output 335:
[2024-03-20 21:16] Output will be ignored
[2024-03-20 21:16] Failed to validate prompt for output 89:
[2024-03-20 21:16] Output will be ignored
[2024-03-20 21:16] Failed to validate prompt for output 324:
[2024-03-20 21:16] Output will be ignored
[2024-03-20 21:16] got prompt
[2024-03-20 21:16] Failed to validate prompt for output 280:
[2024-03-20 21:16] * LoraLoader 12:
[2024-03-20 21:16]   - Value not in list: lora_name: 'archive-2\latent-consistency-lcm-lora-sdv1-5.safetensors' not in (list of length 1069)
[2024-03-20 21:16] Output will be ignored
[2024-03-20 21:16] Failed to validate prompt for output 329:
[2024-03-20 21:16] * CR LoRA Stack 141:
[2024-03-20 21:16]   - Value not in list: lora_name_1: 'archive-1\beautiful_detailed_eyes.safetensors' not in (list of length 1070)
[2024-03-20 21:16] Output will be ignored
[2024-03-20 21:16] Failed to validate prompt for output 335:
[2024-03-20 21:16] Output will be ignored
[2024-03-20 21:16] Failed to validate prompt for output 89:
[2024-03-20 21:16] Output will be ignored
[2024-03-20 21:16] Failed to validate prompt for output 324:
[2024-03-20 21:16] Output will be ignored
[2024-03-20 21:16] got prompt
[2024-03-20 21:16] Failed to validate prompt for output 280:
[2024-03-20 21:16] * LoraLoader 12:
[2024-03-20 21:16]   - Value not in list: lora_name: 'archive-2\latent-consistency-lcm-lora-sdv1-5.safetensors' not in (list of length 1069)
[2024-03-20 21:16] Output will be ignored
[2024-03-20 21:16] Failed to validate prompt for output 329:
[2024-03-20 21:16] Output will be ignored
[2024-03-20 21:16] Failed to validate prompt for output 335:
[2024-03-20 21:16] Output will be ignored
[2024-03-20 21:16] Failed to validate prompt for output 89:
[2024-03-20 21:16] Output will be ignored
[2024-03-20 21:16] Failed to validate prompt for output 324:
[2024-03-20 21:16] Output will be ignored
[2024-03-20 21:16] Prompt executed in 3.21 seconds
[2024-03-20 21:16] [32m[rgthree] Using rgthree's optimized recursive execution.[0m
[2024-03-20 21:16] got prompt
[2024-03-20 21:16] Failed to validate prompt for output 280:
[2024-03-20 21:16] * LoraLoader 12:
[2024-03-20 21:16]   - Value not in list: lora_name: 'archive-2\latent-consistency-lcm-lora-sdv1-5.safetensors' not in (list of length 1069)
[2024-03-20 21:16] Output will be ignored
[2024-03-20 21:16] Failed to validate prompt for output 329:
[2024-03-20 21:16] Output will be ignored
[2024-03-20 21:16] Failed to validate prompt for output 335:
[2024-03-20 21:16] Output will be ignored
[2024-03-20 21:16] Failed to validate prompt for output 89:
[2024-03-20 21:16] Output will be ignored
[2024-03-20 21:16] Failed to validate prompt for output 324:
[2024-03-20 21:16] Output will be ignored
[2024-03-20 21:16] got prompt
[2024-03-20 21:16] Failed to validate prompt for output 280:
[2024-03-20 21:16] * LoraLoader 12:
[2024-03-20 21:16]   - Value not in list: lora_name: 'archive-2\latent-consistency-lcm-lora-sdv1-5.safetensors' not in (list of length 1069)
[2024-03-20 21:16] Output will be ignored
[2024-03-20 21:16] Failed to validate prompt for output 329:
[2024-03-20 21:16] Output will be ignored
[2024-03-20 21:16] Failed to validate prompt for output 335:
[2024-03-20 21:16] Output will be ignored
[2024-03-20 21:16] Failed to validate prompt for output 89:
[2024-03-20 21:16] Output will be ignored
[2024-03-20 21:16] Failed to validate prompt for output 324:
[2024-03-20 21:16] Output will be ignored
[2024-03-20 21:16] got prompt
[2024-03-20 21:16] Failed to validate prompt for output 280:
[2024-03-20 21:16] * LoraLoader 12:
[2024-03-20 21:16]   - Value not in list: lora_name: 'archive-2\latent-consistency-lcm-lora-sdv1-5.safetensors' not in (list of length 1069)
[2024-03-20 21:16] Output will be ignored
[2024-03-20 21:16] Failed to validate prompt for output 329:
[2024-03-20 21:16] Output will be ignored
[2024-03-20 21:16] Failed to validate prompt for output 335:
[2024-03-20 21:16] Output will be ignored
[2024-03-20 21:16] Failed to validate prompt for output 89:
[2024-03-20 21:16] Output will be ignored
[2024-03-20 21:16] Failed to validate prompt for output 324:
[2024-03-20 21:16] Output will be ignored
[2024-03-20 21:16] got prompt
[2024-03-20 21:16] Failed to validate prompt for output 280:
[2024-03-20 21:16] * LoraLoader 12:
[2024-03-20 21:16]   - Value not in list: lora_name: 'archive-2\latent-consistency-lcm-lora-sdv1-5.safetensors' not in (list of length 1069)
[2024-03-20 21:16] Output will be ignored
[2024-03-20 21:16] Failed to validate prompt for output 329:
[2024-03-20 21:16] Output will be ignored
[2024-03-20 21:16] Failed to validate prompt for output 335:
[2024-03-20 21:16] Output will be ignored
[2024-03-20 21:16] Failed to validate prompt for output 89:
[2024-03-20 21:16] Output will be ignored
[2024-03-20 21:16] Failed to validate prompt for output 324:
[2024-03-20 21:16] Output will be ignored
[2024-03-20 21:16] got prompt
[2024-03-20 21:16] Failed to validate prompt for output 280:
[2024-03-20 21:16] * LoraLoader 12:
[2024-03-20 21:16]   - Value not in list: lora_name: 'archive-2\latent-consistency-lcm-lora-sdv1-5.safetensors' not in (list of length 1069)
[2024-03-20 21:16] Output will be ignored
[2024-03-20 21:16] Failed to validate prompt for output 329:
[2024-03-20 21:16] Output will be ignored
[2024-03-20 21:16] Failed to validate prompt for output 335:
[2024-03-20 21:16] Output will be ignored
[2024-03-20 21:16] Failed to validate prompt for output 89:
[2024-03-20 21:16] Output will be ignored
[2024-03-20 21:16] Failed to validate prompt for output 324:
[2024-03-20 21:16] Output will be ignored
[2024-03-20 21:16] got prompt
[2024-03-20 21:16] Failed to validate prompt for output 280:
[2024-03-20 21:16] * LoraLoader 12:
[2024-03-20 21:16]   - Value not in list: lora_name: 'archive-2\latent-consistency-lcm-lora-sdv1-5.safetensors' not in (list of length 1069)
[2024-03-20 21:16] Output will be ignored
[2024-03-20 21:16] Prompt executed in 3.54 seconds
[2024-03-20 21:16] [32m[rgthree] Using rgthree's optimized recursive execution.[0m
[2024-03-20 21:16] Failed to validate prompt for output 329:
[2024-03-20 21:16] Output will be ignored
[2024-03-20 21:16] Failed to validate prompt for output 335:
[2024-03-20 21:16] Output will be ignored
[2024-03-20 21:16] Failed to validate prompt for output 89:
[2024-03-20 21:16] Output will be ignored
[2024-03-20 21:16] Failed to validate prompt for output 324:
[2024-03-20 21:16] Output will be ignored
[2024-03-20 21:16] got prompt
[2024-03-20 21:16] Failed to validate prompt for output 280:
[2024-03-20 21:16] * LoraLoader 12:
[2024-03-20 21:16]   - Value not in list: lora_name: 'archive-2\latent-consistency-lcm-lora-sdv1-5.safetensors' not in (list of length 1069)
[2024-03-20 21:16] Output will be ignored
[2024-03-20 21:16] Failed to validate prompt for output 329:
[2024-03-20 21:16] Output will be ignored
[2024-03-20 21:16] Failed to validate prompt for output 335:
[2024-03-20 21:16] Output will be ignored
[2024-03-20 21:16] Failed to validate prompt for output 89:
[2024-03-20 21:16] Output will be ignored
[2024-03-20 21:16] Failed to validate prompt for output 324:
[2024-03-20 21:16] Output will be ignored
[2024-03-20 21:16] got prompt
[2024-03-20 21:16] Failed to validate prompt for output 280:
[2024-03-20 21:16] * LoraLoader 12:
[2024-03-20 21:16]   - Value not in list: lora_name: 'archive-2\latent-consistency-lcm-lora-sdv1-5.safetensors' not in (list of length 1069)
[2024-03-20 21:16] Output will be ignored
[2024-03-20 21:16] Failed to validate prompt for output 329:
[2024-03-20 21:16] Output will be ignored
[2024-03-20 21:16] Failed to validate prompt for output 335:
[2024-03-20 21:16] Output will be ignored
[2024-03-20 21:16] Failed to validate prompt for output 89:
[2024-03-20 21:16] Output will be ignored
[2024-03-20 21:16] Failed to validate prompt for output 324:
[2024-03-20 21:16] Output will be ignored
[2024-03-20 21:16] got prompt
[2024-03-20 21:16] Failed to validate prompt for output 280:
[2024-03-20 21:16] * LoraLoader 12:
[2024-03-20 21:16]   - Value not in list: lora_name: 'archive-2\latent-consistency-lcm-lora-sdv1-5.safetensors' not in (list of length 1069)
[2024-03-20 21:16] Output will be ignored
[2024-03-20 21:16] Failed to validate prompt for output 329:
[2024-03-20 21:16] Output will be ignored
[2024-03-20 21:16] Failed to validate prompt for output 335:
[2024-03-20 21:16] Output will be ignored
[2024-03-20 21:16] Failed to validate prompt for output 89:
[2024-03-20 21:16] Output will be ignored
[2024-03-20 21:16] Failed to validate prompt for output 324:
[2024-03-20 21:16] Output will be ignored
[2024-03-20 21:16] got prompt
[2024-03-20 21:16] Failed to validate prompt for output 280:
[2024-03-20 21:16] * LoraLoader 12:
[2024-03-20 21:16]   - Value not in list: lora_name: 'archive-2\latent-consistency-lcm-lora-sdv1-5.safetensors' not in (list of length 1069)
[2024-03-20 21:16] Output will be ignored
[2024-03-20 21:16] Failed to validate prompt for output 329:
[2024-03-20 21:16] Output will be ignored
[2024-03-20 21:16] Failed to validate prompt for output 335:
[2024-03-20 21:16] Output will be ignored
[2024-03-20 21:16] Failed to validate prompt for output 89:
[2024-03-20 21:16] Output will be ignored
[2024-03-20 21:16] Failed to validate prompt for output 324:
[2024-03-20 21:16] Output will be ignored
[2024-03-20 21:16] got prompt
[2024-03-20 21:16] Failed to validate prompt for output 280:
[2024-03-20 21:16] * LoraLoader 12:
[2024-03-20 21:16]   - Value not in list: lora_name: 'archive-2\latent-consistency-lcm-lora-sdv1-5.safetensors' not in (list of length 1069)
[2024-03-20 21:16] Output will be ignored
[2024-03-20 21:16] Failed to validate prompt for output 329:
[2024-03-20 21:16] Output will be ignored
[2024-03-20 21:16] Failed to validate prompt for output 335:
[2024-03-20 21:16] Output will be ignored
[2024-03-20 21:16] Failed to validate prompt for output 89:
[2024-03-20 21:16] Output will be ignored
[2024-03-20 21:16] Failed to validate prompt for output 324:
[2024-03-20 21:16] Output will be ignored
[2024-03-20 21:16] Prompt executed in 3.61 seconds
[2024-03-20 21:16] [32m[rgthree] Using rgthree's optimized recursive execution.[0m
[2024-03-20 21:16] got prompt
[2024-03-20 21:16] Failed to validate prompt for output 280:
[2024-03-20 21:16] * LoraLoader 12:
[2024-03-20 21:16]   - Value not in list: lora_name: 'archive-2\latent-consistency-lcm-lora-sdv1-5.safetensors' not in (list of length 1069)
[2024-03-20 21:16] Output will be ignored
[2024-03-20 21:16] Failed to validate prompt for output 329:
[2024-03-20 21:16] Output will be ignored
[2024-03-20 21:16] Failed to validate prompt for output 335:
[2024-03-20 21:16] Output will be ignored
[2024-03-20 21:16] Failed to validate prompt for output 89:
[2024-03-20 21:16] Output will be ignored
[2024-03-20 21:16] Failed to validate prompt for output 324:
[2024-03-20 21:16] Output will be ignored
[2024-03-20 21:16] got prompt
[2024-03-20 21:16] Failed to validate prompt for output 280:
[2024-03-20 21:16] * LoraLoader 12:
[2024-03-20 21:16]   - Value not in list: lora_name: 'archive-2\latent-consistency-lcm-lora-sdv1-5.safetensors' not in (list of length 1069)
[2024-03-20 21:16] Output will be ignored
[2024-03-20 21:16] Failed to validate prompt for output 329:
[2024-03-20 21:16] Output will be ignored
[2024-03-20 21:16] Failed to validate prompt for output 335:
[2024-03-20 21:16] Output will be ignored
[2024-03-20 21:16] Failed to validate prompt for output 89:
[2024-03-20 21:16] Output will be ignored
[2024-03-20 21:16] Failed to validate prompt for output 324:
[2024-03-20 21:16] Output will be ignored
[2024-03-20 21:16] got prompt
[2024-03-20 21:16] Failed to validate prompt for output 280:
[2024-03-20 21:16] * LoraLoader 12:
[2024-03-20 21:16]   - Value not in list: lora_name: 'archive-2\latent-consistency-lcm-lora-sdv1-5.safetensors' not in (list of length 1069)
[2024-03-20 21:16] Output will be ignored
[2024-03-20 21:16] Failed to validate prompt for output 329:
[2024-03-20 21:16] Output will be ignored
[2024-03-20 21:16] Failed to validate prompt for output 335:
[2024-03-20 21:16] Output will be ignored
[2024-03-20 21:16] Failed to validate prompt for output 89:
[2024-03-20 21:16] Output will be ignored
[2024-03-20 21:16] Failed to validate prompt for output 324:
[2024-03-20 21:16] Output will be ignored
[2024-03-20 21:16] got prompt
[2024-03-20 21:16] Failed to validate prompt for output 280:
[2024-03-20 21:16] * LoraLoader 12:
[2024-03-20 21:16]   - Value not in list: lora_name: 'archive-2\latent-consistency-lcm-lora-sdv1-5.safetensors' not in (list of length 1069)
[2024-03-20 21:16] Output will be ignored
[2024-03-20 21:16] Failed to validate prompt for output 329:
[2024-03-20 21:16] Output will be ignored
[2024-03-20 21:16] Failed to validate prompt for output 335:
[2024-03-20 21:16] Output will be ignored
[2024-03-20 21:16] Failed to validate prompt for output 89:
[2024-03-20 21:16] Output will be ignored
[2024-03-20 21:16] Failed to validate prompt for output 324:
[2024-03-20 21:16] Output will be ignored
[2024-03-20 21:16] got prompt
[2024-03-20 21:16] Failed to validate prompt for output 280:
[2024-03-20 21:16] * LoraLoader 12:
[2024-03-20 21:16]   - Value not in list: lora_name: 'archive-2\latent-consistency-lcm-lora-sdv1-5.safetensors' not in (list of length 1069)
[2024-03-20 21:16] Output will be ignored
[2024-03-20 21:16] Failed to validate prompt for output 329:
[2024-03-20 21:16] Output will be ignored
[2024-03-20 21:16] Failed to validate prompt for output 335:
[2024-03-20 21:16] Output will be ignored
[2024-03-20 21:16] Failed to validate prompt for output 89:
[2024-03-20 21:16] Output will be ignored
[2024-03-20 21:16] Failed to validate prompt for output 324:
[2024-03-20 21:16] Output will be ignored
[2024-03-20 21:16] Prompt executed in 3.82 seconds
[2024-03-20 21:16] [32m[rgthree] Using rgthree's optimized recursive execution.[0m
[2024-03-20 21:16] got prompt
[2024-03-20 21:16] Failed to validate prompt for output 280:
[2024-03-20 21:16] * LoraLoader 12:
[2024-03-20 21:16]   - Value not in list: lora_name: 'archive-2\latent-consistency-lcm-lora-sdv1-5.safetensors' not in (list of length 1069)
[2024-03-20 21:16] Output will be ignored
[2024-03-20 21:16] Failed to validate prompt for output 329:
[2024-03-20 21:16] Output will be ignored
[2024-03-20 21:16] Failed to validate prompt for output 335:
[2024-03-20 21:16] Output will be ignored
[2024-03-20 21:16] Failed to validate prompt for output 89:
[2024-03-20 21:16] Output will be ignored
[2024-03-20 21:16] Failed to validate prompt for output 324:
[2024-03-20 21:16] Output will be ignored
[2024-03-20 21:16] got prompt
[2024-03-20 21:16] Failed to validate prompt for output 280:
[2024-03-20 21:16] * LoraLoader 12:
[2024-03-20 21:16]   - Value not in list: lora_name: 'archive-2\latent-consistency-lcm-lora-sdv1-5.safetensors' not in (list of length 1069)
[2024-03-20 21:16] Output will be ignored
[2024-03-20 21:16] Failed to validate prompt for output 329:
[2024-03-20 21:16] Output will be ignored
[2024-03-20 21:16] Failed to validate prompt for output 335:
[2024-03-20 21:16] Output will be ignored
[2024-03-20 21:16] Failed to validate prompt for output 89:
[2024-03-20 21:16] Output will be ignored
[2024-03-20 21:16] Failed to validate prompt for output 324:
[2024-03-20 21:16] Output will be ignored
[2024-03-20 21:16] got prompt
[2024-03-20 21:16] Failed to validate prompt for output 280:
[2024-03-20 21:16] * LoraLoader 12:
[2024-03-20 21:16]   - Value not in list: lora_name: 'archive-2\latent-consistency-lcm-lora-sdv1-5.safetensors' not in (list of length 1069)
[2024-03-20 21:16] Output will be ignored
[2024-03-20 21:16] Failed to validate prompt for output 329:
[2024-03-20 21:16] Output will be ignored
[2024-03-20 21:16] Failed to validate prompt for output 335:
[2024-03-20 21:16] Output will be ignored
[2024-03-20 21:16] Failed to validate prompt for output 89:
[2024-03-20 21:16] Output will be ignored
[2024-03-20 21:16] Failed to validate prompt for output 324:
[2024-03-20 21:16] Output will be ignored
[2024-03-20 21:16] got prompt
[2024-03-20 21:16] Failed to validate prompt for output 280:
[2024-03-20 21:16] * LoraLoader 12:
[2024-03-20 21:16]   - Value not in list: lora_name: 'archive-2\latent-consistency-lcm-lora-sdv1-5.safetensors' not in (list of length 1069)
[2024-03-20 21:16] Output will be ignored
[2024-03-20 21:16] Failed to validate prompt for output 329:
[2024-03-20 21:16] Output will be ignored
[2024-03-20 21:16] Failed to validate prompt for output 335:
[2024-03-20 21:16] Output will be ignored
[2024-03-20 21:16] Failed to validate prompt for output 89:
[2024-03-20 21:16] Output will be ignored
[2024-03-20 21:16] Failed to validate prompt for output 324:
[2024-03-20 21:16] Output will be ignored
[2024-03-20 21:16] got prompt
[2024-03-20 21:16] Failed to validate prompt for output 280:
[2024-03-20 21:16] * LoraLoader 12:
[2024-03-20 21:16]   - Value not in list: lora_name: 'archive-2\latent-consistency-lcm-lora-sdv1-5.safetensors' not in (list of length 1069)
[2024-03-20 21:16] Output will be ignored
[2024-03-20 21:16] Failed to validate prompt for output 329:
[2024-03-20 21:16] Output will be ignored
[2024-03-20 21:16] Failed to validate prompt for output 335:
[2024-03-20 21:16] Output will be ignored
[2024-03-20 21:16] Failed to validate prompt for output 89:
[2024-03-20 21:16] Output will be ignored
[2024-03-20 21:16] Failed to validate prompt for output 324:
[2024-03-20 21:16] Output will be ignored
[2024-03-20 21:16] Prompt executed in 4.29 seconds
[2024-03-20 21:16] [32m[rgthree] Using rgthree's optimized recursive execution.[0m
[2024-03-20 21:16] got prompt
[2024-03-20 21:16] Failed to validate prompt for output 280:
[2024-03-20 21:16] * LoraLoader 12:
[2024-03-20 21:16]   - Value not in list: lora_name: 'archive-2\latent-consistency-lcm-lora-sdv1-5.safetensors' not in (list of length 1069)
[2024-03-20 21:16] Output will be ignored
[2024-03-20 21:16] Failed to validate prompt for output 329:
[2024-03-20 21:16] Output will be ignored
[2024-03-20 21:16] Failed to validate prompt for output 335:
[2024-03-20 21:16] Output will be ignored
[2024-03-20 21:16] Failed to validate prompt for output 89:
[2024-03-20 21:16] Output will be ignored
[2024-03-20 21:16] Failed to validate prompt for output 324:
[2024-03-20 21:16] Output will be ignored
[2024-03-20 21:16] got prompt
[2024-03-20 21:16] Failed to validate prompt for output 280:
[2024-03-20 21:16] * LoraLoader 12:
[2024-03-20 21:16]   - Value not in list: lora_name: 'archive-2\latent-consistency-lcm-lora-sdv1-5.safetensors' not in (list of length 1069)
[2024-03-20 21:16] Output will be ignored
[2024-03-20 21:16] Failed to validate prompt for output 329:
[2024-03-20 21:16] Output will be ignored
[2024-03-20 21:16] Failed to validate prompt for output 335:
[2024-03-20 21:16] Output will be ignored
[2024-03-20 21:16] Failed to validate prompt for output 89:
[2024-03-20 21:16] Output will be ignored
[2024-03-20 21:16] Failed to validate prompt for output 324:
[2024-03-20 21:16] Output will be ignored
[2024-03-20 21:16] got prompt
[2024-03-20 21:16] Failed to validate prompt for output 280:
[2024-03-20 21:16] * LoraLoader 12:
[2024-03-20 21:16]   - Value not in list: lora_name: 'archive-2\latent-consistency-lcm-lora-sdv1-5.safetensors' not in (list of length 1069)
[2024-03-20 21:16] Output will be ignored
[2024-03-20 21:16] Failed to validate prompt for output 329:
[2024-03-20 21:16] Output will be ignored
[2024-03-20 21:16] Failed to validate prompt for output 335:
[2024-03-20 21:16] Output will be ignored
[2024-03-20 21:16] Failed to validate prompt for output 89:
[2024-03-20 21:16] Output will be ignored
[2024-03-20 21:16] Failed to validate prompt for output 324:
[2024-03-20 21:16] Output will be ignored
[2024-03-20 21:16] got prompt
[2024-03-20 21:16] got prompt
[2024-03-20 21:16] got prompt
[2024-03-20 21:16] Prompt executed in 3.38 seconds
[2024-03-20 21:16] [32m[rgthree] Using rgthree's optimized recursive execution.[0m
[2024-03-20 21:16] got prompt
[2024-03-20 21:16] got prompt
[2024-03-20 21:16] got prompt
[2024-03-20 21:16] got prompt
[2024-03-20 21:16] got prompt
[2024-03-20 21:16] Prompt executed in 4.12 seconds
[2024-03-20 21:16] [32m[rgthree] Using rgthree's optimized recursive execution.[0m
[2024-03-20 21:16] got prompt
[2024-03-20 21:16] got prompt
[2024-03-20 21:16] got prompt
[2024-03-20 21:16] got prompt
[2024-03-20 21:16] Prompt executed in 4.37 seconds
[2024-03-20 21:16] [32m[rgthree] Using rgthree's optimized recursive execution.[0m
[2024-03-20 21:16] got prompt
[2024-03-20 21:16] got prompt
[2024-03-20 21:16] got prompt
[2024-03-20 21:16] got prompt
[2024-03-20 21:16] got prompt
[2024-03-20 21:16] Prompt executed in 4.02 seconds
[2024-03-20 21:16] [32m[rgthree] Using rgthree's optimized recursive execution.[0m
[2024-03-20 21:16] got prompt
[2024-03-20 21:16] got prompt
[2024-03-20 21:16] got prompt
[2024-03-20 21:16] got prompt
[2024-03-20 21:16] got prompt
[2024-03-20 21:16] got prompt
[2024-03-20 21:16] Prompt executed in 4.22 seconds
[2024-03-20 21:16] [32m[rgthree] Using rgthree's optimized recursive execution.[0m
[2024-03-20 21:16] got prompt
[2024-03-20 21:16] got prompt
[2024-03-20 21:16] got prompt
[2024-03-20 21:16] got prompt
[2024-03-20 21:16] model_type EPS
[2024-03-20 21:16] *boop*
[2024-03-20 21:17] *boop*
[2024-03-20 21:17] *boop*
[2024-03-20 21:17] *boop*
[2024-03-20 21:17] Using pytorch attention in VAE
[2024-03-20 21:17] Using pytorch attention in VAE
[2024-03-20 21:17] clip missing: ['clip_l.logit_scale', 'clip_l.transformer.text_projection.weight']
[2024-03-20 21:17] loaded straight to GPU
[2024-03-20 21:17] Requested to load BaseModel
[2024-03-20 21:17] Loading 1 new model
[2024-03-20 21:17] Processing interrupted
[2024-03-20 21:17] Prompt executed in 58.98 seconds
[2024-03-20 21:17] got prompt
[2024-03-20 21:17] [32m[rgthree] Using rgthree's optimized recursive execution.[0m
[2024-03-20 21:17] got prompt
[2024-03-20 21:17] got prompt
[2024-03-20 21:17] got prompt
[2024-03-20 21:17] got prompt
[2024-03-20 21:17] got prompt
[2024-03-20 21:17] got prompt
[2024-03-20 21:17] got prompt
[2024-03-20 21:17] got prompt
[2024-03-20 21:17] got prompt
[2024-03-20 21:17] got prompt
[2024-03-20 21:17] got prompt
[2024-03-20 21:17] got prompt
[2024-03-20 21:17] got prompt
[2024-03-20 21:17] got prompt
[2024-03-20 21:17] model_type EPS
[2024-03-20 21:17] got prompt
[2024-03-20 21:17] got prompt
[2024-03-20 21:17] got prompt
[2024-03-20 21:17] got prompt
[2024-03-20 21:17] got prompt
[2024-03-20 21:17] got prompt
[2024-03-20 21:17] got prompt
[2024-03-20 21:17] got prompt
[2024-03-20 21:17] got prompt
[2024-03-20 21:17] got prompt
[2024-03-20 21:17] got prompt
[2024-03-20 21:17] got prompt
[2024-03-20 21:17] got prompt
[2024-03-20 21:17] got prompt
[2024-03-20 21:17] got prompt
[2024-03-20 21:17] got prompt
[2024-03-20 21:17] got prompt
[2024-03-20 21:17] got prompt
[2024-03-20 21:17] got prompt
[2024-03-20 21:18] *boop*
[2024-03-20 21:18] *boop*
[2024-03-20 21:18] *boop*
[2024-03-20 21:18] *boop*
[2024-03-20 21:18] *boop*
[2024-03-20 21:18] *boop*
[2024-03-20 21:19] *boop*
[2024-03-20 21:19] *boop*
[2024-03-20 21:19] Using pytorch attention in VAE
[2024-03-20 21:19] Using pytorch attention in VAE
[2024-03-20 21:19] *boop*
[2024-03-20 21:19] clip missing: ['clip_l.logit_scale', 'clip_l.transformer.text_projection.weight']
[2024-03-20 21:19] loaded straight to GPU
[2024-03-20 21:19] Requested to load BaseModel
[2024-03-20 21:19] Loading 1 new model
[2024-03-20 21:19] Requested to load SD1ClipModel
[2024-03-20 21:19] Loading 1 new model
[2024-03-20 21:19] Requested to load BaseModel
[2024-03-20 21:19] Loading 1 new model
[2024-03-20 21:19] 100%|â–ˆâ–ˆâ–ˆâ–ˆâ–ˆâ–ˆâ–ˆâ–ˆâ–ˆâ–ˆâ–ˆâ–ˆâ–ˆâ–ˆâ–ˆâ–ˆâ–ˆâ–ˆâ–ˆâ–ˆâ–ˆâ–ˆâ–ˆâ–ˆâ–ˆâ–ˆâ–ˆâ–ˆâ–ˆâ–ˆâ–ˆâ–ˆâ–ˆâ–ˆâ–ˆâ–ˆâ–ˆâ–ˆâ–ˆâ–ˆâ–ˆâ–ˆâ–ˆâ–ˆâ–ˆâ–ˆâ–ˆâ–ˆâ–ˆâ–ˆâ–ˆâ–ˆâ–ˆâ–ˆâ–ˆâ–ˆâ–ˆâ–ˆâ–ˆâ–ˆâ–ˆâ–ˆâ–ˆâ–ˆâ–ˆâ–ˆâ–ˆâ–ˆâ–ˆâ–ˆâ–ˆâ–ˆâ–ˆâ–ˆâ–ˆâ–ˆâ–ˆâ–ˆâ–ˆâ–ˆâ–ˆâ–ˆâ–ˆâ–ˆâ–ˆ| 4/4 [00:01<00:00,  2.75it/s]100%|â–ˆâ–ˆâ–ˆâ–ˆâ–ˆâ–ˆâ–ˆâ–ˆâ–ˆâ–ˆâ–ˆâ–ˆâ–ˆâ–ˆâ–ˆâ–ˆâ–ˆâ–ˆâ–ˆâ–ˆâ–ˆâ–ˆâ–ˆâ–ˆâ–ˆâ–ˆâ–ˆâ–ˆâ–ˆâ–ˆâ–ˆâ–ˆâ–ˆâ–ˆâ–ˆâ–ˆâ–ˆâ–ˆâ–ˆâ–ˆâ–ˆâ–ˆâ–ˆâ–ˆâ–ˆâ–ˆâ–ˆâ–ˆâ–ˆâ–ˆâ–ˆâ–ˆâ–ˆâ–ˆâ–ˆâ–ˆâ–ˆâ–ˆâ–ˆâ–ˆâ–ˆâ–ˆâ–ˆâ–ˆâ–ˆâ–ˆâ–ˆâ–ˆâ–ˆâ–ˆâ–ˆâ–ˆâ–ˆâ–ˆâ–ˆâ–ˆâ–ˆâ–ˆâ–ˆâ–ˆâ–ˆâ–ˆâ–ˆâ–ˆâ–ˆ| 4/4 [00:01<00:00,  2.26it/s]
[2024-03-20 21:19] [INFO] PromptControl: Unpatching model
[2024-03-20 21:19] Using pytorch attention in VAE
[2024-03-20 21:19] Using pytorch attention in VAE
[2024-03-20 21:19] Requested to load AutoencoderKL
[2024-03-20 21:19] Loading 1 new model
[2024-03-20 21:19] 
Stopped server
